{"C:\\Users\\Admin\\Documents\\GitHub\\collabry\\backend\\src\\app.js": {"path":"C:\\Users\\Admin\\Documents\\GitHub\\collabry\\backend\\src\\app.js","statementMap":{"0":{"start":{"line":1,"column":16},"end":{"line":1,"column":34}},"1":{"start":{"line":2,"column":13},"end":{"line":2,"column":28}},"2":{"start":{"line":3,"column":15},"end":{"line":3,"column":32}},"3":{"start":{"line":4,"column":15},"end":{"line":4,"column":32}},"4":{"start":{"line":5,"column":18},"end":{"line":5,"column":47}},"5":{"start":{"line":6,"column":15},"end":{"line":6,"column":38}},"6":{"start":{"line":7,"column":21},"end":{"line":7,"column":53}},"7":{"start":{"line":8,"column":19},"end":{"line":8,"column":50}},"8":{"start":{"line":9,"column":19},"end":{"line":9,"column":50}},"9":{"start":{"line":10,"column":20},"end":{"line":10,"column":52}},"10":{"start":{"line":11,"column":21},"end":{"line":11,"column":54}},"11":{"start":{"line":12,"column":25},"end":{"line":12,"column":62}},"12":{"start":{"line":13,"column":20},"end":{"line":13,"column":52}},"13":{"start":{"line":14,"column":17},"end":{"line":14,"column":46}},"14":{"start":{"line":15,"column":23},"end":{"line":15,"column":58}},"15":{"start":{"line":16,"column":27},"end":{"line":16,"column":66}},"16":{"start":{"line":17,"column":21},"end":{"line":17,"column":54}},"17":{"start":{"line":18,"column":20},"end":{"line":18,"column":52}},"18":{"start":{"line":19,"column":19},"end":{"line":19,"column":50}},"19":{"start":{"line":20,"column":27},"end":{"line":20,"column":66}},"20":{"start":{"line":21,"column":27},"end":{"line":21,"column":66}},"21":{"start":{"line":22,"column":22},"end":{"line":22,"column":56}},"22":{"start":{"line":23,"column":22},"end":{"line":23,"column":56}},"23":{"start":{"line":24,"column":20},"end":{"line":24,"column":52}},"24":{"start":{"line":25,"column":21},"end":{"line":25,"column":54}},"25":{"start":{"line":26,"column":27},"end":{"line":26,"column":66}},"26":{"start":{"line":27,"column":20},"end":{"line":27,"column":52}},"27":{"start":{"line":29,"column":35},"end":{"line":29,"column":72}},"28":{"start":{"line":31,"column":12},"end":{"line":31,"column":21}},"29":{"start":{"line":34,"column":0},"end":{"line":34,"column":27}},"30":{"start":{"line":37,"column":0},"end":{"line":53,"column":4}},"31":{"start":{"line":56,"column":22},"end":{"line":62,"column":2}},"32":{"start":{"line":65,"column":20},"end":{"line":70,"column":2}},"33":{"start":{"line":73,"column":0},"end":{"line":73,"column":32}},"34":{"start":{"line":77,"column":0},"end":{"line":77,"column":40}},"35":{"start":{"line":80,"column":0},"end":{"line":80,"column":41}},"36":{"start":{"line":81,"column":0},"end":{"line":81,"column":63}},"37":{"start":{"line":82,"column":0},"end":{"line":82,"column":23}},"38":{"start":{"line":85,"column":0},"end":{"line":85,"column":33}},"39":{"start":{"line":86,"column":0},"end":{"line":86,"column":46}},"40":{"start":{"line":87,"column":0},"end":{"line":87,"column":34}},"41":{"start":{"line":88,"column":0},"end":{"line":88,"column":35}},"42":{"start":{"line":89,"column":0},"end":{"line":89,"column":38}},"43":{"start":{"line":90,"column":0},"end":{"line":90,"column":46}},"44":{"start":{"line":91,"column":0},"end":{"line":91,"column":36}},"45":{"start":{"line":92,"column":0},"end":{"line":92,"column":29}},"46":{"start":{"line":93,"column":0},"end":{"line":93,"column":41}},"47":{"start":{"line":94,"column":0},"end":{"line":94,"column":50}},"48":{"start":{"line":95,"column":0},"end":{"line":95,"column":38}},"49":{"start":{"line":96,"column":0},"end":{"line":96,"column":36}},"50":{"start":{"line":97,"column":0},"end":{"line":97,"column":33}},"51":{"start":{"line":98,"column":0},"end":{"line":98,"column":50}},"52":{"start":{"line":99,"column":0},"end":{"line":99,"column":50}},"53":{"start":{"line":100,"column":0},"end":{"line":100,"column":40}},"54":{"start":{"line":101,"column":0},"end":{"line":101,"column":35}},"55":{"start":{"line":102,"column":0},"end":{"line":102,"column":38}},"56":{"start":{"line":103,"column":0},"end":{"line":103,"column":49}},"57":{"start":{"line":104,"column":0},"end":{"line":104,"column":35}},"58":{"start":{"line":108,"column":0},"end":{"line":114,"column":3}},"59":{"start":{"line":109,"column":2},"end":{"line":113,"column":5}},"60":{"start":{"line":117,"column":0},"end":{"line":117,"column":18}},"61":{"start":{"line":118,"column":0},"end":{"line":118,"column":22}},"62":{"start":{"line":120,"column":0},"end":{"line":120,"column":21}}},"fnMap":{"0":{"name":"(anonymous_0)","decl":{"start":{"line":108,"column":13},"end":{"line":108,"column":14}},"loc":{"start":{"line":108,"column":27},"end":{"line":114,"column":1}},"line":108}},"branchMap":{"0":{"loc":{"start":{"line":58,"column":7},"end":{"line":58,"column":57}},"type":"cond-expr","locations":[{"start":{"line":58,"column":47},"end":{"line":58,"column":50}},{"start":{"line":58,"column":53},"end":{"line":58,"column":57}}],"line":58},"1":{"loc":{"start":{"line":67,"column":7},"end":{"line":67,"column":54}},"type":"cond-expr","locations":[{"start":{"line":67,"column":47},"end":{"line":67,"column":48}},{"start":{"line":67,"column":51},"end":{"line":67,"column":54}}],"line":67}},"s":{"0":5,"1":5,"2":5,"3":5,"4":5,"5":5,"6":5,"7":5,"8":5,"9":5,"10":5,"11":5,"12":5,"13":5,"14":5,"15":5,"16":5,"17":5,"18":5,"19":5,"20":5,"21":5,"22":5,"23":5,"24":5,"25":5,"26":5,"27":5,"28":5,"29":5,"30":5,"31":5,"32":5,"33":5,"34":5,"35":5,"36":5,"37":5,"38":5,"39":5,"40":5,"41":5,"42":5,"43":5,"44":5,"45":5,"46":5,"47":5,"48":5,"49":5,"50":5,"51":5,"52":5,"53":5,"54":5,"55":5,"56":5,"57":5,"58":5,"59":0,"60":5,"61":5,"62":5},"f":{"0":0},"b":{"0":[0,5],"1":[0,5]},"_coverageSchema":"1a1c01bbd47fc00a2c39e90264f33305004495a9","hash":"24b8ede50186561568ece3908378cb37f6975bfd"}
,"C:\\Users\\Admin\\Documents\\GitHub\\collabry\\backend\\src\\controllers\\admin.controller.js": {"path":"C:\\Users\\Admin\\Documents\\GitHub\\collabry\\backend\\src\\controllers\\admin.controller.js","statementMap":{"0":{"start":{"line":1,"column":21},"end":{"line":1,"column":53}},"1":{"start":{"line":2,"column":13},"end":{"line":2,"column":38}},"2":{"start":{"line":3,"column":21},"end":{"line":3,"column":57}},"3":{"start":{"line":4,"column":25},"end":{"line":4,"column":62}},"4":{"start":{"line":5,"column":17},"end":{"line":5,"column":45}},"5":{"start":{"line":12,"column":21},"end":{"line":27,"column":2}},"6":{"start":{"line":13,"column":21},"end":{"line":13,"column":48}},"7":{"start":{"line":14,"column":22},"end":{"line":14,"column":67}},"8":{"start":{"line":16,"column":2},"end":{"line":26,"column":5}},"9":{"start":{"line":34,"column":20},"end":{"line":73,"column":2}},"10":{"start":{"line":35,"column":72},"end":{"line":35,"column":81}},"11":{"start":{"line":38,"column":16},"end":{"line":38,"column":18}},"12":{"start":{"line":40,"column":2},"end":{"line":45,"column":3}},"13":{"start":{"line":41,"column":4},"end":{"line":44,"column":6}},"14":{"start":{"line":47,"column":2},"end":{"line":49,"column":3}},"15":{"start":{"line":48,"column":4},"end":{"line":48,"column":22}},"16":{"start":{"line":51,"column":2},"end":{"line":53,"column":3}},"17":{"start":{"line":52,"column":4},"end":{"line":52,"column":41}},"18":{"start":{"line":56,"column":16},"end":{"line":60,"column":28}},"19":{"start":{"line":62,"column":16},"end":{"line":62,"column":48}},"20":{"start":{"line":64,"column":2},"end":{"line":72,"column":5}},"21":{"start":{"line":80,"column":16},"end":{"line":91,"column":2}},"22":{"start":{"line":81,"column":15},"end":{"line":81,"column":69}},"23":{"start":{"line":83,"column":2},"end":{"line":85,"column":3}},"24":{"start":{"line":84,"column":4},"end":{"line":84,"column":46}},"25":{"start":{"line":87,"column":2},"end":{"line":90,"column":5}},"26":{"start":{"line":98,"column":19},"end":{"line":125,"column":2}},"27":{"start":{"line":99,"column":42},"end":{"line":99,"column":50}},"28":{"start":{"line":102,"column":2},"end":{"line":104,"column":3}},"29":{"start":{"line":103,"column":4},"end":{"line":103,"column":72}},"30":{"start":{"line":107,"column":23},"end":{"line":107,"column":52}},"31":{"start":{"line":108,"column":2},"end":{"line":110,"column":3}},"32":{"start":{"line":109,"column":4},"end":{"line":109,"column":67}},"33":{"start":{"line":113,"column":15},"end":{"line":118,"column":4}},"34":{"start":{"line":120,"column":2},"end":{"line":124,"column":5}},"35":{"start":{"line":132,"column":19},"end":{"line":155,"column":2}},"36":{"start":{"line":133,"column":50},"end":{"line":133,"column":58}},"37":{"start":{"line":135,"column":15},"end":{"line":135,"column":49}},"38":{"start":{"line":137,"column":2},"end":{"line":139,"column":3}},"39":{"start":{"line":138,"column":4},"end":{"line":138,"column":46}},"40":{"start":{"line":142,"column":2},"end":{"line":142,"column":29}},"41":{"start":{"line":142,"column":12},"end":{"line":142,"column":29}},"42":{"start":{"line":143,"column":2},"end":{"line":143,"column":32}},"43":{"start":{"line":143,"column":13},"end":{"line":143,"column":32}},"44":{"start":{"line":144,"column":2},"end":{"line":144,"column":29}},"45":{"start":{"line":144,"column":12},"end":{"line":144,"column":29}},"46":{"start":{"line":145,"column":2},"end":{"line":145,"column":64}},"47":{"start":{"line":145,"column":39},"end":{"line":145,"column":64}},"48":{"start":{"line":146,"column":2},"end":{"line":146,"column":49}},"49":{"start":{"line":146,"column":28},"end":{"line":146,"column":49}},"50":{"start":{"line":148,"column":2},"end":{"line":148,"column":20}},"51":{"start":{"line":150,"column":2},"end":{"line":154,"column":5}},"52":{"start":{"line":162,"column":19},"end":{"line":180,"column":2}},"53":{"start":{"line":163,"column":15},"end":{"line":163,"column":49}},"54":{"start":{"line":165,"column":2},"end":{"line":167,"column":3}},"55":{"start":{"line":166,"column":4},"end":{"line":166,"column":46}},"56":{"start":{"line":170,"column":2},"end":{"line":172,"column":3}},"57":{"start":{"line":171,"column":4},"end":{"line":171,"column":62}},"58":{"start":{"line":174,"column":2},"end":{"line":174,"column":25}},"59":{"start":{"line":176,"column":2},"end":{"line":179,"column":5}},"60":{"start":{"line":187,"column":21},"end":{"line":205,"column":2}},"61":{"start":{"line":188,"column":18},"end":{"line":196,"column":3}},"62":{"start":{"line":198,"column":17},"end":{"line":198,"column":57}},"63":{"start":{"line":200,"column":2},"end":{"line":204,"column":5}},"64":{"start":{"line":212,"column":26},"end":{"line":219,"column":2}},"65":{"start":{"line":213,"column":20},"end":{"line":213,"column":71}},"66":{"start":{"line":215,"column":2},"end":{"line":218,"column":5}},"67":{"start":{"line":226,"column":21},"end":{"line":240,"column":2}},"68":{"start":{"line":227,"column":21},"end":{"line":227,"column":29}},"69":{"start":{"line":229,"column":2},"end":{"line":231,"column":3}},"70":{"start":{"line":230,"column":4},"end":{"line":230,"column":61}},"71":{"start":{"line":233,"column":16},"end":{"line":233,"column":70}},"72":{"start":{"line":235,"column":2},"end":{"line":239,"column":5}},"73":{"start":{"line":247,"column":25},"end":{"line":254,"column":2}},"74":{"start":{"line":248,"column":17},"end":{"line":248,"column":67}},"75":{"start":{"line":250,"column":2},"end":{"line":253,"column":5}},"76":{"start":{"line":261,"column":22},"end":{"line":268,"column":2}},"77":{"start":{"line":262,"column":16},"end":{"line":262,"column":50}},"78":{"start":{"line":264,"column":2},"end":{"line":267,"column":5}},"79":{"start":{"line":275,"column":20},"end":{"line":282,"column":2}},"80":{"start":{"line":276,"column":19},"end":{"line":276,"column":55}},"81":{"start":{"line":278,"column":2},"end":{"line":281,"column":5}},"82":{"start":{"line":289,"column":23},"end":{"line":309,"column":2}},"83":{"start":{"line":290,"column":17},"end":{"line":290,"column":53}},"84":{"start":{"line":293,"column":2},"end":{"line":297,"column":5}},"85":{"start":{"line":294,"column":4},"end":{"line":296,"column":5}},"86":{"start":{"line":295,"column":6},"end":{"line":295,"column":61}},"87":{"start":{"line":299,"column":2},"end":{"line":299,"column":36}},"88":{"start":{"line":300,"column":2},"end":{"line":300,"column":34}},"89":{"start":{"line":302,"column":2},"end":{"line":302,"column":24}},"90":{"start":{"line":304,"column":2},"end":{"line":308,"column":5}},"91":{"start":{"line":311,"column":0},"end":{"line":325,"column":2}}},"fnMap":{"0":{"name":"(anonymous_0)","decl":{"start":{"line":12,"column":34},"end":{"line":12,"column":35}},"loc":{"start":{"line":12,"column":54},"end":{"line":27,"column":1}},"line":12},"1":{"name":"(anonymous_1)","decl":{"start":{"line":34,"column":33},"end":{"line":34,"column":34}},"loc":{"start":{"line":34,"column":53},"end":{"line":73,"column":1}},"line":34},"2":{"name":"(anonymous_2)","decl":{"start":{"line":80,"column":29},"end":{"line":80,"column":30}},"loc":{"start":{"line":80,"column":49},"end":{"line":91,"column":1}},"line":80},"3":{"name":"(anonymous_3)","decl":{"start":{"line":98,"column":32},"end":{"line":98,"column":33}},"loc":{"start":{"line":98,"column":52},"end":{"line":125,"column":1}},"line":98},"4":{"name":"(anonymous_4)","decl":{"start":{"line":132,"column":32},"end":{"line":132,"column":33}},"loc":{"start":{"line":132,"column":52},"end":{"line":155,"column":1}},"line":132},"5":{"name":"(anonymous_5)","decl":{"start":{"line":162,"column":32},"end":{"line":162,"column":33}},"loc":{"start":{"line":162,"column":52},"end":{"line":180,"column":1}},"line":162},"6":{"name":"(anonymous_6)","decl":{"start":{"line":187,"column":34},"end":{"line":187,"column":35}},"loc":{"start":{"line":187,"column":54},"end":{"line":205,"column":1}},"line":187},"7":{"name":"(anonymous_7)","decl":{"start":{"line":212,"column":39},"end":{"line":212,"column":40}},"loc":{"start":{"line":212,"column":59},"end":{"line":219,"column":1}},"line":212},"8":{"name":"(anonymous_8)","decl":{"start":{"line":226,"column":34},"end":{"line":226,"column":35}},"loc":{"start":{"line":226,"column":54},"end":{"line":240,"column":1}},"line":226},"9":{"name":"(anonymous_9)","decl":{"start":{"line":247,"column":38},"end":{"line":247,"column":39}},"loc":{"start":{"line":247,"column":58},"end":{"line":254,"column":1}},"line":247},"10":{"name":"(anonymous_10)","decl":{"start":{"line":261,"column":35},"end":{"line":261,"column":36}},"loc":{"start":{"line":261,"column":55},"end":{"line":268,"column":1}},"line":261},"11":{"name":"(anonymous_11)","decl":{"start":{"line":275,"column":33},"end":{"line":275,"column":34}},"loc":{"start":{"line":275,"column":53},"end":{"line":282,"column":1}},"line":275},"12":{"name":"(anonymous_12)","decl":{"start":{"line":289,"column":36},"end":{"line":289,"column":37}},"loc":{"start":{"line":289,"column":56},"end":{"line":309,"column":1}},"line":289},"13":{"name":"(anonymous_13)","decl":{"start":{"line":293,"column":32},"end":{"line":293,"column":33}},"loc":{"start":{"line":293,"column":39},"end":{"line":297,"column":3}},"line":293}},"branchMap":{"0":{"loc":{"start":{"line":35,"column":10},"end":{"line":35,"column":18}},"type":"default-arg","locations":[{"start":{"line":35,"column":17},"end":{"line":35,"column":18}}],"line":35},"1":{"loc":{"start":{"line":35,"column":20},"end":{"line":35,"column":30}},"type":"default-arg","locations":[{"start":{"line":35,"column":28},"end":{"line":35,"column":30}}],"line":35},"2":{"loc":{"start":{"line":35,"column":32},"end":{"line":35,"column":43}},"type":"default-arg","locations":[{"start":{"line":35,"column":41},"end":{"line":35,"column":43}}],"line":35},"3":{"loc":{"start":{"line":35,"column":45},"end":{"line":35,"column":54}},"type":"default-arg","locations":[{"start":{"line":35,"column":52},"end":{"line":35,"column":54}}],"line":35},"4":{"loc":{"start":{"line":35,"column":56},"end":{"line":35,"column":67}},"type":"default-arg","locations":[{"start":{"line":35,"column":65},"end":{"line":35,"column":67}}],"line":35},"5":{"loc":{"start":{"line":40,"column":2},"end":{"line":45,"column":3}},"type":"if","locations":[{"start":{"line":40,"column":2},"end":{"line":45,"column":3}},{"start":{},"end":{}}],"line":40},"6":{"loc":{"start":{"line":47,"column":2},"end":{"line":49,"column":3}},"type":"if","locations":[{"start":{"line":47,"column":2},"end":{"line":49,"column":3}},{"start":{},"end":{}}],"line":47},"7":{"loc":{"start":{"line":51,"column":2},"end":{"line":53,"column":3}},"type":"if","locations":[{"start":{"line":51,"column":2},"end":{"line":53,"column":3}},{"start":{},"end":{}}],"line":51},"8":{"loc":{"start":{"line":83,"column":2},"end":{"line":85,"column":3}},"type":"if","locations":[{"start":{"line":83,"column":2},"end":{"line":85,"column":3}},{"start":{},"end":{}}],"line":83},"9":{"loc":{"start":{"line":102,"column":2},"end":{"line":104,"column":3}},"type":"if","locations":[{"start":{"line":102,"column":2},"end":{"line":104,"column":3}},{"start":{},"end":{}}],"line":102},"10":{"loc":{"start":{"line":102,"column":6},"end":{"line":102,"column":34}},"type":"binary-expr","locations":[{"start":{"line":102,"column":6},"end":{"line":102,"column":11}},{"start":{"line":102,"column":15},"end":{"line":102,"column":21}},{"start":{"line":102,"column":25},"end":{"line":102,"column":34}}],"line":102},"11":{"loc":{"start":{"line":108,"column":2},"end":{"line":110,"column":3}},"type":"if","locations":[{"start":{"line":108,"column":2},"end":{"line":110,"column":3}},{"start":{},"end":{}}],"line":108},"12":{"loc":{"start":{"line":117,"column":10},"end":{"line":117,"column":27}},"type":"binary-expr","locations":[{"start":{"line":117,"column":10},"end":{"line":117,"column":14}},{"start":{"line":117,"column":18},"end":{"line":117,"column":27}}],"line":117},"13":{"loc":{"start":{"line":137,"column":2},"end":{"line":139,"column":3}},"type":"if","locations":[{"start":{"line":137,"column":2},"end":{"line":139,"column":3}},{"start":{},"end":{}}],"line":137},"14":{"loc":{"start":{"line":142,"column":2},"end":{"line":142,"column":29}},"type":"if","locations":[{"start":{"line":142,"column":2},"end":{"line":142,"column":29}},{"start":{},"end":{}}],"line":142},"15":{"loc":{"start":{"line":143,"column":2},"end":{"line":143,"column":32}},"type":"if","locations":[{"start":{"line":143,"column":2},"end":{"line":143,"column":32}},{"start":{},"end":{}}],"line":143},"16":{"loc":{"start":{"line":144,"column":2},"end":{"line":144,"column":29}},"type":"if","locations":[{"start":{"line":144,"column":2},"end":{"line":144,"column":29}},{"start":{},"end":{}}],"line":144},"17":{"loc":{"start":{"line":145,"column":2},"end":{"line":145,"column":64}},"type":"if","locations":[{"start":{"line":145,"column":2},"end":{"line":145,"column":64}},{"start":{},"end":{}}],"line":145},"18":{"loc":{"start":{"line":146,"column":2},"end":{"line":146,"column":49}},"type":"if","locations":[{"start":{"line":146,"column":2},"end":{"line":146,"column":49}},{"start":{},"end":{}}],"line":146},"19":{"loc":{"start":{"line":165,"column":2},"end":{"line":167,"column":3}},"type":"if","locations":[{"start":{"line":165,"column":2},"end":{"line":167,"column":3}},{"start":{},"end":{}}],"line":165},"20":{"loc":{"start":{"line":170,"column":2},"end":{"line":172,"column":3}},"type":"if","locations":[{"start":{"line":170,"column":2},"end":{"line":172,"column":3}},{"start":{},"end":{}}],"line":170},"21":{"loc":{"start":{"line":189,"column":10},"end":{"line":189,"column":39}},"type":"binary-expr","locations":[{"start":{"line":189,"column":10},"end":{"line":189,"column":34}},{"start":{"line":189,"column":38},"end":{"line":189,"column":39}}],"line":189},"22":{"loc":{"start":{"line":190,"column":11},"end":{"line":190,"column":42}},"type":"binary-expr","locations":[{"start":{"line":190,"column":11},"end":{"line":190,"column":36}},{"start":{"line":190,"column":40},"end":{"line":190,"column":42}}],"line":190},"23":{"loc":{"start":{"line":191,"column":12},"end":{"line":191,"column":34}},"type":"binary-expr","locations":[{"start":{"line":191,"column":12},"end":{"line":191,"column":28}},{"start":{"line":191,"column":32},"end":{"line":191,"column":34}}],"line":191},"24":{"loc":{"start":{"line":192,"column":14},"end":{"line":192,"column":71}},"type":"cond-expr","locations":[{"start":{"line":192,"column":35},"end":{"line":192,"column":64}},{"start":{"line":192,"column":67},"end":{"line":192,"column":71}}],"line":192},"25":{"loc":{"start":{"line":193,"column":16},"end":{"line":193,"column":77}},"type":"cond-expr","locations":[{"start":{"line":193,"column":39},"end":{"line":193,"column":70}},{"start":{"line":193,"column":73},"end":{"line":193,"column":77}}],"line":193},"26":{"loc":{"start":{"line":194,"column":12},"end":{"line":194,"column":46}},"type":"binary-expr","locations":[{"start":{"line":194,"column":12},"end":{"line":194,"column":28}},{"start":{"line":194,"column":32},"end":{"line":194,"column":46}}],"line":194},"27":{"loc":{"start":{"line":195,"column":15},"end":{"line":195,"column":44}},"type":"binary-expr","locations":[{"start":{"line":195,"column":15},"end":{"line":195,"column":34}},{"start":{"line":195,"column":38},"end":{"line":195,"column":44}}],"line":195},"28":{"loc":{"start":{"line":229,"column":2},"end":{"line":231,"column":3}},"type":"if","locations":[{"start":{"line":229,"column":2},"end":{"line":231,"column":3}},{"start":{},"end":{}}],"line":229},"29":{"loc":{"start":{"line":294,"column":4},"end":{"line":296,"column":5}},"type":"if","locations":[{"start":{"line":294,"column":4},"end":{"line":296,"column":5}},{"start":{},"end":{}}],"line":294}},"s":{"0":5,"1":5,"2":5,"3":5,"4":5,"5":5,"6":0,"7":0,"8":0,"9":5,"10":0,"11":0,"12":0,"13":0,"14":0,"15":0,"16":0,"17":0,"18":0,"19":0,"20":0,"21":5,"22":0,"23":0,"24":0,"25":0,"26":5,"27":0,"28":0,"29":0,"30":0,"31":0,"32":0,"33":0,"34":0,"35":5,"36":0,"37":0,"38":0,"39":0,"40":0,"41":0,"42":0,"43":0,"44":0,"45":0,"46":0,"47":0,"48":0,"49":0,"50":0,"51":0,"52":5,"53":0,"54":0,"55":0,"56":0,"57":0,"58":0,"59":0,"60":5,"61":0,"62":0,"63":0,"64":5,"65":0,"66":0,"67":5,"68":0,"69":0,"70":0,"71":0,"72":0,"73":5,"74":0,"75":0,"76":5,"77":0,"78":0,"79":5,"80":0,"81":0,"82":5,"83":0,"84":0,"85":0,"86":0,"87":0,"88":0,"89":0,"90":0,"91":5},"f":{"0":0,"1":0,"2":0,"3":0,"4":0,"5":0,"6":0,"7":0,"8":0,"9":0,"10":0,"11":0,"12":0,"13":0},"b":{"0":[0],"1":[0],"2":[0],"3":[0],"4":[0],"5":[0,0],"6":[0,0],"7":[0,0],"8":[0,0],"9":[0,0],"10":[0,0,0],"11":[0,0],"12":[0,0],"13":[0,0],"14":[0,0],"15":[0,0],"16":[0,0],"17":[0,0],"18":[0,0],"19":[0,0],"20":[0,0],"21":[0,0],"22":[0,0],"23":[0,0],"24":[0,0],"25":[0,0],"26":[0,0],"27":[0,0],"28":[0,0],"29":[0,0]},"_coverageSchema":"1a1c01bbd47fc00a2c39e90264f33305004495a9","hash":"947067d4f90dadc106552d07b2d1723cb280a228"}
,"C:\\Users\\Admin\\Documents\\GitHub\\collabry\\backend\\src\\controllers\\auth.controller.js": {"path":"C:\\Users\\Admin\\Documents\\GitHub\\collabry\\backend\\src\\controllers\\auth.controller.js","statementMap":{"0":{"start":{"line":1,"column":21},"end":{"line":1,"column":53}},"1":{"start":{"line":2,"column":20},"end":{"line":2,"column":55}},"2":{"start":{"line":9,"column":17},"end":{"line":32,"column":2}},"3":{"start":{"line":10,"column":36},"end":{"line":10,"column":44}},"4":{"start":{"line":13,"column":2},"end":{"line":18,"column":3}},"5":{"start":{"line":14,"column":4},"end":{"line":17,"column":7}},"6":{"start":{"line":21,"column":17},"end":{"line":21,"column":74}},"7":{"start":{"line":23,"column":2},"end":{"line":31,"column":5}},"8":{"start":{"line":39,"column":14},"end":{"line":54,"column":2}},"9":{"start":{"line":40,"column":30},"end":{"line":40,"column":38}},"10":{"start":{"line":43,"column":17},"end":{"line":43,"column":61}},"11":{"start":{"line":45,"column":2},"end":{"line":53,"column":5}},"12":{"start":{"line":61,"column":16},"end":{"line":75,"column":2}},"13":{"start":{"line":62,"column":27},"end":{"line":62,"column":35}},"14":{"start":{"line":65,"column":17},"end":{"line":65,"column":62}},"15":{"start":{"line":67,"column":2},"end":{"line":74,"column":5}},"16":{"start":{"line":83,"column":15},"end":{"line":91,"column":2}},"17":{"start":{"line":87,"column":2},"end":{"line":90,"column":5}},"18":{"start":{"line":98,"column":23},"end":{"line":107,"column":2}},"19":{"start":{"line":99,"column":20},"end":{"line":99,"column":28}},"20":{"start":{"line":101,"column":17},"end":{"line":101,"column":56}},"21":{"start":{"line":103,"column":2},"end":{"line":106,"column":5}},"22":{"start":{"line":114,"column":22},"end":{"line":123,"column":2}},"23":{"start":{"line":115,"column":33},"end":{"line":115,"column":41}},"24":{"start":{"line":117,"column":17},"end":{"line":117,"column":68}},"25":{"start":{"line":119,"column":2},"end":{"line":122,"column":5}},"26":{"start":{"line":125,"column":0},"end":{"line":132,"column":2}}},"fnMap":{"0":{"name":"(anonymous_0)","decl":{"start":{"line":9,"column":30},"end":{"line":9,"column":31}},"loc":{"start":{"line":9,"column":50},"end":{"line":32,"column":1}},"line":9},"1":{"name":"(anonymous_1)","decl":{"start":{"line":39,"column":27},"end":{"line":39,"column":28}},"loc":{"start":{"line":39,"column":47},"end":{"line":54,"column":1}},"line":39},"2":{"name":"(anonymous_2)","decl":{"start":{"line":61,"column":29},"end":{"line":61,"column":30}},"loc":{"start":{"line":61,"column":49},"end":{"line":75,"column":1}},"line":61},"3":{"name":"(anonymous_3)","decl":{"start":{"line":83,"column":28},"end":{"line":83,"column":29}},"loc":{"start":{"line":83,"column":48},"end":{"line":91,"column":1}},"line":83},"4":{"name":"(anonymous_4)","decl":{"start":{"line":98,"column":36},"end":{"line":98,"column":37}},"loc":{"start":{"line":98,"column":56},"end":{"line":107,"column":1}},"line":98},"5":{"name":"(anonymous_5)","decl":{"start":{"line":114,"column":35},"end":{"line":114,"column":36}},"loc":{"start":{"line":114,"column":55},"end":{"line":123,"column":1}},"line":114}},"branchMap":{"0":{"loc":{"start":{"line":13,"column":2},"end":{"line":18,"column":3}},"type":"if","locations":[{"start":{"line":13,"column":2},"end":{"line":18,"column":3}},{"start":{},"end":{}}],"line":13},"1":{"loc":{"start":{"line":13,"column":6},"end":{"line":13,"column":34}},"type":"binary-expr","locations":[{"start":{"line":13,"column":6},"end":{"line":13,"column":11}},{"start":{"line":13,"column":15},"end":{"line":13,"column":21}},{"start":{"line":13,"column":25},"end":{"line":13,"column":34}}],"line":13}},"s":{"0":5,"1":5,"2":5,"3":69,"4":69,"5":1,"6":68,"7":66,"8":5,"9":4,"10":4,"11":1,"12":5,"13":3,"14":3,"15":1,"16":5,"17":0,"18":5,"19":0,"20":0,"21":0,"22":5,"23":0,"24":0,"25":0,"26":5},"f":{"0":69,"1":4,"2":3,"3":0,"4":0,"5":0},"b":{"0":[1,68],"1":[69,68,68]},"_coverageSchema":"1a1c01bbd47fc00a2c39e90264f33305004495a9","hash":"0fffdf7785777868d2b8ca0c0ba9b2c993e2410f"}
,"C:\\Users\\Admin\\Documents\\GitHub\\collabry\\backend\\src\\controllers\\board.controller.js": {"path":"C:\\Users\\Admin\\Documents\\GitHub\\collabry\\backend\\src\\controllers\\board.controller.js","statementMap":{"0":{"start":{"line":1,"column":21},"end":{"line":1,"column":57}},"1":{"start":{"line":2,"column":21},"end":{"line":2,"column":53}},"2":{"start":{"line":3,"column":17},"end":{"line":3,"column":45}},"3":{"start":{"line":4,"column":28},"end":{"line":4,"column":71}},"4":{"start":{"line":5,"column":18},"end":{"line":5,"column":38}},"5":{"start":{"line":6,"column":35},"end":{"line":6,"column":77}},"6":{"start":{"line":13,"column":0},"end":{"line":20,"column":3}},"7":{"start":{"line":14,"column":16},"end":{"line":14,"column":69}},"8":{"start":{"line":16,"column":2},"end":{"line":19,"column":5}},"9":{"start":{"line":27,"column":0},"end":{"line":45,"column":3}},"10":{"start":{"line":28,"column":18},"end":{"line":35,"column":3}},"11":{"start":{"line":37,"column":17},"end":{"line":37,"column":71}},"12":{"start":{"line":39,"column":2},"end":{"line":44,"column":5}},"13":{"start":{"line":52,"column":0},"end":{"line":59,"column":3}},"14":{"start":{"line":53,"column":16},"end":{"line":53,"column":75}},"15":{"start":{"line":55,"column":2},"end":{"line":58,"column":5}},"16":{"start":{"line":66,"column":0},"end":{"line":77,"column":3}},"17":{"start":{"line":67,"column":16},"end":{"line":71,"column":3}},"18":{"start":{"line":73,"column":2},"end":{"line":76,"column":5}},"19":{"start":{"line":84,"column":0},"end":{"line":91,"column":3}},"20":{"start":{"line":85,"column":17},"end":{"line":85,"column":75}},"21":{"start":{"line":87,"column":2},"end":{"line":90,"column":5}},"22":{"start":{"line":98,"column":0},"end":{"line":106,"column":3}},"23":{"start":{"line":99,"column":18},"end":{"line":99,"column":44}},"24":{"start":{"line":100,"column":16},"end":{"line":100,"column":84}},"25":{"start":{"line":102,"column":2},"end":{"line":105,"column":5}},"26":{"start":{"line":113,"column":0},"end":{"line":124,"column":3}},"27":{"start":{"line":114,"column":16},"end":{"line":118,"column":3}},"28":{"start":{"line":120,"column":2},"end":{"line":123,"column":5}},"29":{"start":{"line":131,"column":0},"end":{"line":167,"column":3}},"30":{"start":{"line":132,"column":27},"end":{"line":132,"column":35}},"31":{"start":{"line":134,"column":2},"end":{"line":136,"column":3}},"32":{"start":{"line":135,"column":4},"end":{"line":135,"column":51}},"33":{"start":{"line":138,"column":16},"end":{"line":141,"column":4}},"34":{"start":{"line":144,"column":2},"end":{"line":161,"column":3}},"35":{"start":{"line":145,"column":17},"end":{"line":145,"column":42}},"36":{"start":{"line":146,"column":22},"end":{"line":146,"column":49}},"37":{"start":{"line":147,"column":22},"end":{"line":147,"column":54}},"38":{"start":{"line":149,"column":4},"end":{"line":158,"column":5}},"39":{"start":{"line":150,"column":27},"end":{"line":154,"column":7}},"40":{"start":{"line":156,"column":17},"end":{"line":156,"column":24}},"41":{"start":{"line":157,"column":6},"end":{"line":157,"column":55}},"42":{"start":{"line":160,"column":4},"end":{"line":160,"column":55}},"43":{"start":{"line":163,"column":2},"end":{"line":166,"column":5}},"44":{"start":{"line":174,"column":0},"end":{"line":185,"column":3}},"45":{"start":{"line":175,"column":16},"end":{"line":179,"column":3}},"46":{"start":{"line":181,"column":2},"end":{"line":184,"column":5}},"47":{"start":{"line":192,"column":0},"end":{"line":210,"column":3}},"48":{"start":{"line":193,"column":19},"end":{"line":193,"column":27}},"49":{"start":{"line":195,"column":2},"end":{"line":197,"column":3}},"50":{"start":{"line":196,"column":4},"end":{"line":196,"column":48}},"51":{"start":{"line":199,"column":16},"end":{"line":204,"column":3}},"52":{"start":{"line":206,"column":2},"end":{"line":209,"column":5}},"53":{"start":{"line":217,"column":0},"end":{"line":255,"column":3}},"54":{"start":{"line":218,"column":37},"end":{"line":218,"column":45}},"55":{"start":{"line":220,"column":17},"end":{"line":225,"column":3}},"56":{"start":{"line":228,"column":2},"end":{"line":248,"column":3}},"57":{"start":{"line":229,"column":17},"end":{"line":229,"column":42}},"58":{"start":{"line":230,"column":24},"end":{"line":230,"column":53}},"59":{"start":{"line":231,"column":22},"end":{"line":231,"column":54}},"60":{"start":{"line":233,"column":4},"end":{"line":245,"column":5}},"61":{"start":{"line":234,"column":20},"end":{"line":234,"column":46}},"62":{"start":{"line":235,"column":20},"end":{"line":235,"column":55}},"63":{"start":{"line":237,"column":27},"end":{"line":241,"column":7}},"64":{"start":{"line":243,"column":17},"end":{"line":243,"column":24}},"65":{"start":{"line":244,"column":6},"end":{"line":244,"column":64}},"66":{"start":{"line":247,"column":4},"end":{"line":247,"column":55}},"67":{"start":{"line":250,"column":2},"end":{"line":254,"column":5}},"68":{"start":{"line":262,"column":0},"end":{"line":281,"column":3}},"69":{"start":{"line":263,"column":16},"end":{"line":263,"column":25}},"70":{"start":{"line":265,"column":2},"end":{"line":267,"column":3}},"71":{"start":{"line":266,"column":4},"end":{"line":266,"column":56}},"72":{"start":{"line":269,"column":18},"end":{"line":272,"column":3}},"73":{"start":{"line":274,"column":17},"end":{"line":274,"column":73}},"74":{"start":{"line":276,"column":2},"end":{"line":280,"column":5}}},"fnMap":{"0":{"name":"(anonymous_0)","decl":{"start":{"line":13,"column":35},"end":{"line":13,"column":36}},"loc":{"start":{"line":13,"column":55},"end":{"line":20,"column":1}},"line":13},"1":{"name":"(anonymous_1)","decl":{"start":{"line":27,"column":33},"end":{"line":27,"column":34}},"loc":{"start":{"line":27,"column":53},"end":{"line":45,"column":1}},"line":27},"2":{"name":"(anonymous_2)","decl":{"start":{"line":52,"column":32},"end":{"line":52,"column":33}},"loc":{"start":{"line":52,"column":52},"end":{"line":59,"column":1}},"line":52},"3":{"name":"(anonymous_3)","decl":{"start":{"line":66,"column":35},"end":{"line":66,"column":36}},"loc":{"start":{"line":66,"column":55},"end":{"line":77,"column":1}},"line":66},"4":{"name":"(anonymous_4)","decl":{"start":{"line":84,"column":35},"end":{"line":84,"column":36}},"loc":{"start":{"line":84,"column":55},"end":{"line":91,"column":1}},"line":84},"5":{"name":"(anonymous_5)","decl":{"start":{"line":98,"column":36},"end":{"line":98,"column":37}},"loc":{"start":{"line":98,"column":56},"end":{"line":106,"column":1}},"line":98},"6":{"name":"(anonymous_6)","decl":{"start":{"line":113,"column":38},"end":{"line":113,"column":39}},"loc":{"start":{"line":113,"column":58},"end":{"line":124,"column":1}},"line":113},"7":{"name":"(anonymous_7)","decl":{"start":{"line":131,"column":33},"end":{"line":131,"column":34}},"loc":{"start":{"line":131,"column":53},"end":{"line":167,"column":1}},"line":131},"8":{"name":"(anonymous_8)","decl":{"start":{"line":174,"column":36},"end":{"line":174,"column":37}},"loc":{"start":{"line":174,"column":56},"end":{"line":185,"column":1}},"line":174},"9":{"name":"(anonymous_9)","decl":{"start":{"line":192,"column":40},"end":{"line":192,"column":41}},"loc":{"start":{"line":192,"column":60},"end":{"line":210,"column":1}},"line":192},"10":{"name":"(anonymous_10)","decl":{"start":{"line":217,"column":36},"end":{"line":217,"column":37}},"loc":{"start":{"line":217,"column":56},"end":{"line":255,"column":1}},"line":217},"11":{"name":"(anonymous_11)","decl":{"start":{"line":262,"column":36},"end":{"line":262,"column":37}},"loc":{"start":{"line":262,"column":56},"end":{"line":281,"column":1}},"line":262}},"branchMap":{"0":{"loc":{"start":{"line":30,"column":14},"end":{"line":30,"column":71}},"type":"cond-expr","locations":[{"start":{"line":30,"column":35},"end":{"line":30,"column":64}},{"start":{"line":30,"column":67},"end":{"line":30,"column":71}}],"line":30},"1":{"loc":{"start":{"line":31,"column":11},"end":{"line":31,"column":42}},"type":"binary-expr","locations":[{"start":{"line":31,"column":11},"end":{"line":31,"column":36}},{"start":{"line":31,"column":40},"end":{"line":31,"column":42}}],"line":31},"2":{"loc":{"start":{"line":32,"column":10},"end":{"line":32,"column":39}},"type":"binary-expr","locations":[{"start":{"line":32,"column":10},"end":{"line":32,"column":34}},{"start":{"line":32,"column":38},"end":{"line":32,"column":39}}],"line":32},"3":{"loc":{"start":{"line":33,"column":12},"end":{"line":33,"column":46}},"type":"binary-expr","locations":[{"start":{"line":33,"column":12},"end":{"line":33,"column":28}},{"start":{"line":33,"column":32},"end":{"line":33,"column":46}}],"line":33},"4":{"loc":{"start":{"line":34,"column":15},"end":{"line":34,"column":44}},"type":"binary-expr","locations":[{"start":{"line":34,"column":15},"end":{"line":34,"column":34}},{"start":{"line":34,"column":38},"end":{"line":34,"column":44}}],"line":34},"5":{"loc":{"start":{"line":134,"column":2},"end":{"line":136,"column":3}},"type":"if","locations":[{"start":{"line":134,"column":2},"end":{"line":136,"column":3}},{"start":{},"end":{}}],"line":134},"6":{"loc":{"start":{"line":140,"column":10},"end":{"line":140,"column":26}},"type":"binary-expr","locations":[{"start":{"line":140,"column":10},"end":{"line":140,"column":14}},{"start":{"line":140,"column":18},"end":{"line":140,"column":26}}],"line":140},"7":{"loc":{"start":{"line":149,"column":4},"end":{"line":158,"column":5}},"type":"if","locations":[{"start":{"line":149,"column":4},"end":{"line":158,"column":5}},{"start":{},"end":{}}],"line":149},"8":{"loc":{"start":{"line":149,"column":8},"end":{"line":149,"column":30}},"type":"binary-expr","locations":[{"start":{"line":149,"column":8},"end":{"line":149,"column":17}},{"start":{"line":149,"column":21},"end":{"line":149,"column":30}}],"line":149},"9":{"loc":{"start":{"line":195,"column":2},"end":{"line":197,"column":3}},"type":"if","locations":[{"start":{"line":195,"column":2},"end":{"line":197,"column":3}},{"start":{},"end":{}}],"line":195},"10":{"loc":{"start":{"line":218,"column":17},"end":{"line":218,"column":32}},"type":"default-arg","locations":[{"start":{"line":218,"column":24},"end":{"line":218,"column":32}}],"line":218},"11":{"loc":{"start":{"line":233,"column":4},"end":{"line":245,"column":5}},"type":"if","locations":[{"start":{"line":233,"column":4},"end":{"line":245,"column":5}},{"start":{},"end":{}}],"line":233},"12":{"loc":{"start":{"line":233,"column":8},"end":{"line":233,"column":32}},"type":"binary-expr","locations":[{"start":{"line":233,"column":8},"end":{"line":233,"column":19}},{"start":{"line":233,"column":23},"end":{"line":233,"column":32}}],"line":233},"13":{"loc":{"start":{"line":265,"column":2},"end":{"line":267,"column":3}},"type":"if","locations":[{"start":{"line":265,"column":2},"end":{"line":267,"column":3}},{"start":{},"end":{}}],"line":265},"14":{"loc":{"start":{"line":270,"column":11},"end":{"line":270,"column":42}},"type":"binary-expr","locations":[{"start":{"line":270,"column":11},"end":{"line":270,"column":36}},{"start":{"line":270,"column":40},"end":{"line":270,"column":42}}],"line":270},"15":{"loc":{"start":{"line":271,"column":10},"end":{"line":271,"column":39}},"type":"binary-expr","locations":[{"start":{"line":271,"column":10},"end":{"line":271,"column":34}},{"start":{"line":271,"column":38},"end":{"line":271,"column":39}}],"line":271}},"s":{"0":5,"1":5,"2":5,"3":5,"4":5,"5":5,"6":5,"7":0,"8":0,"9":5,"10":0,"11":0,"12":0,"13":5,"14":0,"15":0,"16":5,"17":0,"18":0,"19":5,"20":0,"21":0,"22":5,"23":0,"24":0,"25":0,"26":5,"27":0,"28":0,"29":5,"30":0,"31":0,"32":0,"33":0,"34":0,"35":0,"36":0,"37":0,"38":0,"39":0,"40":0,"41":0,"42":0,"43":0,"44":5,"45":0,"46":0,"47":5,"48":0,"49":0,"50":0,"51":0,"52":0,"53":5,"54":0,"55":0,"56":0,"57":0,"58":0,"59":0,"60":0,"61":0,"62":0,"63":0,"64":0,"65":0,"66":0,"67":0,"68":5,"69":0,"70":0,"71":0,"72":0,"73":0,"74":0},"f":{"0":0,"1":0,"2":0,"3":0,"4":0,"5":0,"6":0,"7":0,"8":0,"9":0,"10":0,"11":0},"b":{"0":[0,0],"1":[0,0],"2":[0,0],"3":[0,0],"4":[0,0],"5":[0,0],"6":[0,0],"7":[0,0],"8":[0,0],"9":[0,0],"10":[0],"11":[0,0],"12":[0,0],"13":[0,0],"14":[0,0],"15":[0,0]},"_coverageSchema":"1a1c01bbd47fc00a2c39e90264f33305004495a9","hash":"d8046cc4bfb74df37ec41147eac5e45a28a23487"}
,"C:\\Users\\Admin\\Documents\\GitHub\\collabry\\backend\\src\\controllers\\chat.controller.js": {"path":"C:\\Users\\Admin\\Documents\\GitHub\\collabry\\backend\\src\\controllers\\chat.controller.js","statementMap":{"0":{"start":{"line":1,"column":21},"end":{"line":1,"column":53}},"1":{"start":{"line":2,"column":20},"end":{"line":2,"column":55}},"2":{"start":{"line":6,"column":16},"end":{"line":11,"column":4}},"3":{"start":{"line":7,"column":19},"end":{"line":7,"column":31}},"4":{"start":{"line":8,"column":20},"end":{"line":8,"column":67}},"5":{"start":{"line":10,"column":4},"end":{"line":10,"column":38}},"6":{"start":{"line":14,"column":16},"end":{"line":27,"column":4}},"7":{"start":{"line":15,"column":19},"end":{"line":15,"column":31}},"8":{"start":{"line":16,"column":21},"end":{"line":16,"column":31}},"9":{"start":{"line":17,"column":29},"end":{"line":17,"column":63}},"10":{"start":{"line":18,"column":19},"end":{"line":18,"column":28}},"11":{"start":{"line":20,"column":4},"end":{"line":22,"column":5}},"12":{"start":{"line":21,"column":6},"end":{"line":21,"column":80}},"13":{"start":{"line":24,"column":21},"end":{"line":24,"column":84}},"14":{"start":{"line":26,"column":4},"end":{"line":26,"column":51}},"15":{"start":{"line":30,"column":21},"end":{"line":35,"column":4}},"16":{"start":{"line":31,"column":19},"end":{"line":31,"column":31}},"17":{"start":{"line":32,"column":26},"end":{"line":32,"column":68}},"18":{"start":{"line":34,"column":4},"end":{"line":34,"column":61}},"19":{"start":{"line":38,"column":15},"end":{"line":45,"column":4}},"20":{"start":{"line":39,"column":19},"end":{"line":39,"column":31}},"21":{"start":{"line":40,"column":27},"end":{"line":40,"column":35}},"22":{"start":{"line":42,"column":19},"end":{"line":42,"column":67}},"23":{"start":{"line":44,"column":4},"end":{"line":44,"column":21}},"24":{"start":{"line":48,"column":16},"end":{"line":56,"column":4}},"25":{"start":{"line":49,"column":26},"end":{"line":49,"column":36}},"26":{"start":{"line":50,"column":19},"end":{"line":50,"column":31}},"27":{"start":{"line":51,"column":24},"end":{"line":51,"column":32}},"28":{"start":{"line":53,"column":20},"end":{"line":53,"column":77}},"29":{"start":{"line":55,"column":4},"end":{"line":55,"column":26}},"30":{"start":{"line":59,"column":18},"end":{"line":66,"column":4}},"31":{"start":{"line":60,"column":26},"end":{"line":60,"column":36}},"32":{"start":{"line":61,"column":19},"end":{"line":61,"column":31}},"33":{"start":{"line":63,"column":19},"end":{"line":63,"column":69}},"34":{"start":{"line":65,"column":4},"end":{"line":65,"column":21}},"35":{"start":{"line":69,"column":0},"end":{"line":69,"column":38}}},"fnMap":{"0":{"name":"(anonymous_0)","decl":{"start":{"line":6,"column":29},"end":{"line":6,"column":30}},"loc":{"start":{"line":6,"column":49},"end":{"line":11,"column":3}},"line":6},"1":{"name":"(anonymous_1)","decl":{"start":{"line":14,"column":29},"end":{"line":14,"column":30}},"loc":{"start":{"line":14,"column":49},"end":{"line":27,"column":3}},"line":14},"2":{"name":"(anonymous_2)","decl":{"start":{"line":30,"column":34},"end":{"line":30,"column":35}},"loc":{"start":{"line":30,"column":54},"end":{"line":35,"column":3}},"line":30},"3":{"name":"(anonymous_3)","decl":{"start":{"line":38,"column":28},"end":{"line":38,"column":29}},"loc":{"start":{"line":38,"column":48},"end":{"line":45,"column":3}},"line":38},"4":{"name":"(anonymous_4)","decl":{"start":{"line":48,"column":29},"end":{"line":48,"column":30}},"loc":{"start":{"line":48,"column":49},"end":{"line":56,"column":3}},"line":48},"5":{"name":"(anonymous_5)","decl":{"start":{"line":59,"column":31},"end":{"line":59,"column":32}},"loc":{"start":{"line":59,"column":51},"end":{"line":66,"column":3}},"line":59}},"branchMap":{"0":{"loc":{"start":{"line":17,"column":29},"end":{"line":17,"column":63}},"type":"binary-expr","locations":[{"start":{"line":17,"column":29},"end":{"line":17,"column":33}},{"start":{"line":17,"column":37},"end":{"line":17,"column":63}}],"line":17},"1":{"loc":{"start":{"line":20,"column":4},"end":{"line":22,"column":5}},"type":"if","locations":[{"start":{"line":20,"column":4},"end":{"line":22,"column":5}},{"start":{},"end":{}}],"line":20}},"s":{"0":5,"1":5,"2":5,"3":0,"4":0,"5":0,"6":5,"7":0,"8":0,"9":0,"10":0,"11":0,"12":0,"13":0,"14":0,"15":5,"16":0,"17":0,"18":0,"19":5,"20":0,"21":0,"22":0,"23":0,"24":5,"25":0,"26":0,"27":0,"28":0,"29":0,"30":5,"31":0,"32":0,"33":0,"34":0,"35":5},"f":{"0":0,"1":0,"2":0,"3":0,"4":0,"5":0},"b":{"0":[0,0],"1":[0,0]},"_coverageSchema":"1a1c01bbd47fc00a2c39e90264f33305004495a9","hash":"b7727a31e6803b839fc195ec4178fbfe2cb9e5d2"}
,"C:\\Users\\Admin\\Documents\\GitHub\\collabry\\backend\\src\\controllers\\coupon.controller.js": {"path":"C:\\Users\\Admin\\Documents\\GitHub\\collabry\\backend\\src\\controllers\\coupon.controller.js","statementMap":{"0":{"start":{"line":1,"column":22},"end":{"line":1,"column":59}},"1":{"start":{"line":8,"column":23},"end":{"line":55,"column":1}},"2":{"start":{"line":9,"column":2},"end":{"line":54,"column":3}},"3":{"start":{"line":10,"column":35},"end":{"line":10,"column":43}},"4":{"start":{"line":11,"column":19},"end":{"line":11,"column":48}},"5":{"start":{"line":13,"column":4},"end":{"line":18,"column":5}},"6":{"start":{"line":14,"column":6},"end":{"line":17,"column":9}},"7":{"start":{"line":20,"column":4},"end":{"line":25,"column":5}},"8":{"start":{"line":21,"column":6},"end":{"line":24,"column":9}},"9":{"start":{"line":27,"column":4},"end":{"line":32,"column":5}},"10":{"start":{"line":28,"column":6},"end":{"line":31,"column":9}},"11":{"start":{"line":34,"column":19},"end":{"line":34,"column":81}},"12":{"start":{"line":36,"column":4},"end":{"line":41,"column":5}},"13":{"start":{"line":37,"column":6},"end":{"line":40,"column":9}},"14":{"start":{"line":43,"column":4},"end":{"line":46,"column":7}},"15":{"start":{"line":48,"column":4},"end":{"line":48,"column":53}},"16":{"start":{"line":49,"column":4},"end":{"line":53,"column":7}},"17":{"start":{"line":61,"column":22},"end":{"line":89,"column":1}},"18":{"start":{"line":62,"column":2},"end":{"line":88,"column":3}},"19":{"start":{"line":63,"column":21},"end":{"line":63,"column":31}},"20":{"start":{"line":65,"column":19},"end":{"line":65,"column":60}},"21":{"start":{"line":67,"column":4},"end":{"line":72,"column":5}},"22":{"start":{"line":68,"column":6},"end":{"line":71,"column":9}},"23":{"start":{"line":75,"column":23},"end":{"line":75,"column":64}},"24":{"start":{"line":77,"column":4},"end":{"line":80,"column":7}},"25":{"start":{"line":82,"column":4},"end":{"line":82,"column":50}},"26":{"start":{"line":83,"column":4},"end":{"line":87,"column":7}},"27":{"start":{"line":97,"column":21},"end":{"line":147,"column":1}},"28":{"start":{"line":98,"column":2},"end":{"line":146,"column":3}},"29":{"start":{"line":99,"column":24},"end":{"line":99,"column":53}},"30":{"start":{"line":100,"column":23},"end":{"line":100,"column":31}},"31":{"start":{"line":103,"column":4},"end":{"line":108,"column":5}},"32":{"start":{"line":104,"column":6},"end":{"line":107,"column":9}},"33":{"start":{"line":110,"column":4},"end":{"line":115,"column":5}},"34":{"start":{"line":111,"column":6},"end":{"line":114,"column":9}},"35":{"start":{"line":117,"column":4},"end":{"line":122,"column":5}},"36":{"start":{"line":118,"column":6},"end":{"line":121,"column":9}},"37":{"start":{"line":125,"column":4},"end":{"line":130,"column":5}},"38":{"start":{"line":126,"column":6},"end":{"line":129,"column":9}},"39":{"start":{"line":132,"column":19},"end":{"line":132,"column":76}},"40":{"start":{"line":134,"column":4},"end":{"line":138,"column":7}},"41":{"start":{"line":140,"column":4},"end":{"line":140,"column":51}},"42":{"start":{"line":141,"column":4},"end":{"line":145,"column":7}},"43":{"start":{"line":153,"column":22},"end":{"line":183,"column":1}},"44":{"start":{"line":154,"column":2},"end":{"line":182,"column":3}},"45":{"start":{"line":155,"column":46},"end":{"line":155,"column":55}},"46":{"start":{"line":157,"column":20},"end":{"line":157,"column":22}},"47":{"start":{"line":158,"column":4},"end":{"line":160,"column":5}},"48":{"start":{"line":159,"column":6},"end":{"line":159,"column":45}},"49":{"start":{"line":161,"column":4},"end":{"line":163,"column":5}},"50":{"start":{"line":162,"column":6},"end":{"line":162,"column":34}},"51":{"start":{"line":164,"column":4},"end":{"line":166,"column":5}},"52":{"start":{"line":165,"column":6},"end":{"line":165,"column":47}},"53":{"start":{"line":168,"column":20},"end":{"line":168,"column":62}},"54":{"start":{"line":170,"column":4},"end":{"line":174,"column":7}},"55":{"start":{"line":176,"column":4},"end":{"line":176,"column":51}},"56":{"start":{"line":177,"column":4},"end":{"line":181,"column":7}},"57":{"start":{"line":189,"column":22},"end":{"line":214,"column":1}},"58":{"start":{"line":190,"column":2},"end":{"line":213,"column":3}},"59":{"start":{"line":191,"column":19},"end":{"line":191,"column":29}},"60":{"start":{"line":193,"column":19},"end":{"line":193,"column":56}},"61":{"start":{"line":195,"column":4},"end":{"line":200,"column":5}},"62":{"start":{"line":196,"column":6},"end":{"line":199,"column":9}},"63":{"start":{"line":202,"column":4},"end":{"line":205,"column":7}},"64":{"start":{"line":207,"column":4},"end":{"line":207,"column":50}},"65":{"start":{"line":208,"column":4},"end":{"line":212,"column":7}},"66":{"start":{"line":220,"column":21},"end":{"line":240,"column":1}},"67":{"start":{"line":221,"column":2},"end":{"line":239,"column":3}},"68":{"start":{"line":222,"column":19},"end":{"line":222,"column":29}},"69":{"start":{"line":223,"column":23},"end":{"line":223,"column":31}},"70":{"start":{"line":225,"column":19},"end":{"line":225,"column":67}},"71":{"start":{"line":227,"column":4},"end":{"line":231,"column":7}},"72":{"start":{"line":233,"column":4},"end":{"line":233,"column":51}},"73":{"start":{"line":234,"column":4},"end":{"line":238,"column":7}},"74":{"start":{"line":246,"column":25},"end":{"line":265,"column":1}},"75":{"start":{"line":247,"column":2},"end":{"line":264,"column":3}},"76":{"start":{"line":248,"column":19},"end":{"line":248,"column":29}},"77":{"start":{"line":250,"column":19},"end":{"line":250,"column":59}},"78":{"start":{"line":252,"column":4},"end":{"line":256,"column":7}},"79":{"start":{"line":258,"column":4},"end":{"line":258,"column":55}},"80":{"start":{"line":259,"column":4},"end":{"line":263,"column":7}},"81":{"start":{"line":271,"column":21},"end":{"line":289,"column":1}},"82":{"start":{"line":272,"column":2},"end":{"line":288,"column":3}},"83":{"start":{"line":273,"column":19},"end":{"line":273,"column":29}},"84":{"start":{"line":275,"column":4},"end":{"line":275,"column":41}},"85":{"start":{"line":277,"column":4},"end":{"line":280,"column":7}},"86":{"start":{"line":282,"column":4},"end":{"line":282,"column":51}},"87":{"start":{"line":283,"column":4},"end":{"line":287,"column":7}},"88":{"start":{"line":295,"column":23},"end":{"line":313,"column":1}},"89":{"start":{"line":296,"column":2},"end":{"line":312,"column":3}},"90":{"start":{"line":297,"column":19},"end":{"line":297,"column":29}},"91":{"start":{"line":299,"column":18},"end":{"line":299,"column":56}},"92":{"start":{"line":301,"column":4},"end":{"line":304,"column":7}},"93":{"start":{"line":306,"column":4},"end":{"line":306,"column":56}},"94":{"start":{"line":307,"column":4},"end":{"line":311,"column":7}},"95":{"start":{"line":319,"column":25},"end":{"line":337,"column":1}},"96":{"start":{"line":320,"column":2},"end":{"line":336,"column":3}},"97":{"start":{"line":321,"column":25},"end":{"line":321,"column":35}},"98":{"start":{"line":323,"column":18},"end":{"line":323,"column":64}},"99":{"start":{"line":325,"column":4},"end":{"line":328,"column":7}},"100":{"start":{"line":330,"column":4},"end":{"line":330,"column":58}},"101":{"start":{"line":331,"column":4},"end":{"line":335,"column":7}},"102":{"start":{"line":343,"column":26},"end":{"line":371,"column":1}},"103":{"start":{"line":344,"column":2},"end":{"line":370,"column":3}},"104":{"start":{"line":345,"column":24},"end":{"line":345,"column":53}},"105":{"start":{"line":346,"column":35},"end":{"line":346,"column":43}},"106":{"start":{"line":348,"column":4},"end":{"line":353,"column":5}},"107":{"start":{"line":349,"column":6},"end":{"line":352,"column":9}},"108":{"start":{"line":355,"column":20},"end":{"line":355,"column":87}},"109":{"start":{"line":357,"column":4},"end":{"line":362,"column":7}},"110":{"start":{"line":364,"column":4},"end":{"line":364,"column":57}},"111":{"start":{"line":365,"column":4},"end":{"line":369,"column":7}},"112":{"start":{"line":373,"column":0},"end":{"line":388,"column":2}}},"fnMap":{"0":{"name":"(anonymous_0)","decl":{"start":{"line":8,"column":23},"end":{"line":8,"column":24}},"loc":{"start":{"line":8,"column":43},"end":{"line":55,"column":1}},"line":8},"1":{"name":"(anonymous_1)","decl":{"start":{"line":61,"column":22},"end":{"line":61,"column":23}},"loc":{"start":{"line":61,"column":42},"end":{"line":89,"column":1}},"line":61},"2":{"name":"(anonymous_2)","decl":{"start":{"line":97,"column":21},"end":{"line":97,"column":22}},"loc":{"start":{"line":97,"column":41},"end":{"line":147,"column":1}},"line":97},"3":{"name":"(anonymous_3)","decl":{"start":{"line":153,"column":22},"end":{"line":153,"column":23}},"loc":{"start":{"line":153,"column":42},"end":{"line":183,"column":1}},"line":153},"4":{"name":"(anonymous_4)","decl":{"start":{"line":189,"column":22},"end":{"line":189,"column":23}},"loc":{"start":{"line":189,"column":42},"end":{"line":214,"column":1}},"line":189},"5":{"name":"(anonymous_5)","decl":{"start":{"line":220,"column":21},"end":{"line":220,"column":22}},"loc":{"start":{"line":220,"column":41},"end":{"line":240,"column":1}},"line":220},"6":{"name":"(anonymous_6)","decl":{"start":{"line":246,"column":25},"end":{"line":246,"column":26}},"loc":{"start":{"line":246,"column":45},"end":{"line":265,"column":1}},"line":246},"7":{"name":"(anonymous_7)","decl":{"start":{"line":271,"column":21},"end":{"line":271,"column":22}},"loc":{"start":{"line":271,"column":41},"end":{"line":289,"column":1}},"line":271},"8":{"name":"(anonymous_8)","decl":{"start":{"line":295,"column":23},"end":{"line":295,"column":24}},"loc":{"start":{"line":295,"column":43},"end":{"line":313,"column":1}},"line":295},"9":{"name":"(anonymous_9)","decl":{"start":{"line":319,"column":25},"end":{"line":319,"column":26}},"loc":{"start":{"line":319,"column":45},"end":{"line":337,"column":1}},"line":319},"10":{"name":"(anonymous_10)","decl":{"start":{"line":343,"column":26},"end":{"line":343,"column":27}},"loc":{"start":{"line":343,"column":46},"end":{"line":371,"column":1}},"line":343}},"branchMap":{"0":{"loc":{"start":{"line":11,"column":19},"end":{"line":11,"column":48}},"type":"binary-expr","locations":[{"start":{"line":11,"column":19},"end":{"line":11,"column":31}},{"start":{"line":11,"column":35},"end":{"line":11,"column":48}}],"line":11},"1":{"loc":{"start":{"line":13,"column":4},"end":{"line":18,"column":5}},"type":"if","locations":[{"start":{"line":13,"column":4},"end":{"line":18,"column":5}},{"start":{},"end":{}}],"line":13},"2":{"loc":{"start":{"line":20,"column":4},"end":{"line":25,"column":5}},"type":"if","locations":[{"start":{"line":20,"column":4},"end":{"line":25,"column":5}},{"start":{},"end":{}}],"line":20},"3":{"loc":{"start":{"line":27,"column":4},"end":{"line":32,"column":5}},"type":"if","locations":[{"start":{"line":27,"column":4},"end":{"line":32,"column":5}},{"start":{},"end":{}}],"line":27},"4":{"loc":{"start":{"line":27,"column":8},"end":{"line":27,"column":30}},"type":"binary-expr","locations":[{"start":{"line":27,"column":8},"end":{"line":27,"column":15}},{"start":{"line":27,"column":19},"end":{"line":27,"column":30}}],"line":27},"5":{"loc":{"start":{"line":36,"column":4},"end":{"line":41,"column":5}},"type":"if","locations":[{"start":{"line":36,"column":4},"end":{"line":41,"column":5}},{"start":{},"end":{}}],"line":36},"6":{"loc":{"start":{"line":67,"column":4},"end":{"line":72,"column":5}},"type":"if","locations":[{"start":{"line":67,"column":4},"end":{"line":72,"column":5}},{"start":{},"end":{}}],"line":67},"7":{"loc":{"start":{"line":67,"column":8},"end":{"line":67,"column":35}},"type":"binary-expr","locations":[{"start":{"line":67,"column":8},"end":{"line":67,"column":15}},{"start":{"line":67,"column":19},"end":{"line":67,"column":35}}],"line":67},"8":{"loc":{"start":{"line":99,"column":24},"end":{"line":99,"column":53}},"type":"binary-expr","locations":[{"start":{"line":99,"column":24},"end":{"line":99,"column":36}},{"start":{"line":99,"column":40},"end":{"line":99,"column":53}}],"line":99},"9":{"loc":{"start":{"line":103,"column":4},"end":{"line":108,"column":5}},"type":"if","locations":[{"start":{"line":103,"column":4},"end":{"line":108,"column":5}},{"start":{},"end":{}}],"line":103},"10":{"loc":{"start":{"line":110,"column":4},"end":{"line":115,"column":5}},"type":"if","locations":[{"start":{"line":110,"column":4},"end":{"line":115,"column":5}},{"start":{},"end":{}}],"line":110},"11":{"loc":{"start":{"line":110,"column":8},"end":{"line":110,"column":78}},"type":"binary-expr","locations":[{"start":{"line":110,"column":8},"end":{"line":110,"column":46}},{"start":{"line":110,"column":50},"end":{"line":110,"column":78}}],"line":110},"12":{"loc":{"start":{"line":117,"column":4},"end":{"line":122,"column":5}},"type":"if","locations":[{"start":{"line":117,"column":4},"end":{"line":122,"column":5}},{"start":{},"end":{}}],"line":117},"13":{"loc":{"start":{"line":125,"column":4},"end":{"line":130,"column":5}},"type":"if","locations":[{"start":{"line":125,"column":4},"end":{"line":130,"column":5}},{"start":{},"end":{}}],"line":125},"14":{"loc":{"start":{"line":125,"column":8},"end":{"line":125,"column":82}},"type":"binary-expr","locations":[{"start":{"line":125,"column":8},"end":{"line":125,"column":48}},{"start":{"line":125,"column":52},"end":{"line":125,"column":82}}],"line":125},"15":{"loc":{"start":{"line":158,"column":4},"end":{"line":160,"column":5}},"type":"if","locations":[{"start":{"line":158,"column":4},"end":{"line":160,"column":5}},{"start":{},"end":{}}],"line":158},"16":{"loc":{"start":{"line":161,"column":4},"end":{"line":163,"column":5}},"type":"if","locations":[{"start":{"line":161,"column":4},"end":{"line":163,"column":5}},{"start":{},"end":{}}],"line":161},"17":{"loc":{"start":{"line":164,"column":4},"end":{"line":166,"column":5}},"type":"if","locations":[{"start":{"line":164,"column":4},"end":{"line":166,"column":5}},{"start":{},"end":{}}],"line":164},"18":{"loc":{"start":{"line":195,"column":4},"end":{"line":200,"column":5}},"type":"if","locations":[{"start":{"line":195,"column":4},"end":{"line":200,"column":5}},{"start":{},"end":{}}],"line":195},"19":{"loc":{"start":{"line":345,"column":24},"end":{"line":345,"column":53}},"type":"binary-expr","locations":[{"start":{"line":345,"column":24},"end":{"line":345,"column":36}},{"start":{"line":345,"column":40},"end":{"line":345,"column":53}}],"line":345},"20":{"loc":{"start":{"line":348,"column":4},"end":{"line":353,"column":5}},"type":"if","locations":[{"start":{"line":348,"column":4},"end":{"line":353,"column":5}},{"start":{},"end":{}}],"line":348},"21":{"loc":{"start":{"line":348,"column":8},"end":{"line":348,"column":42}},"type":"binary-expr","locations":[{"start":{"line":348,"column":8},"end":{"line":348,"column":14}},{"start":{"line":348,"column":18},"end":{"line":348,"column":27}},{"start":{"line":348,"column":31},"end":{"line":348,"column":42}}],"line":348}},"s":{"0":5,"1":5,"2":0,"3":0,"4":0,"5":0,"6":0,"7":0,"8":0,"9":0,"10":0,"11":0,"12":0,"13":0,"14":0,"15":0,"16":0,"17":5,"18":0,"19":0,"20":0,"21":0,"22":0,"23":0,"24":0,"25":0,"26":0,"27":5,"28":0,"29":0,"30":0,"31":0,"32":0,"33":0,"34":0,"35":0,"36":0,"37":0,"38":0,"39":0,"40":0,"41":0,"42":0,"43":5,"44":0,"45":0,"46":0,"47":0,"48":0,"49":0,"50":0,"51":0,"52":0,"53":0,"54":0,"55":0,"56":0,"57":5,"58":0,"59":0,"60":0,"61":0,"62":0,"63":0,"64":0,"65":0,"66":5,"67":0,"68":0,"69":0,"70":0,"71":0,"72":0,"73":0,"74":5,"75":0,"76":0,"77":0,"78":0,"79":0,"80":0,"81":5,"82":0,"83":0,"84":0,"85":0,"86":0,"87":0,"88":5,"89":0,"90":0,"91":0,"92":0,"93":0,"94":0,"95":5,"96":0,"97":0,"98":0,"99":0,"100":0,"101":0,"102":5,"103":0,"104":0,"105":0,"106":0,"107":0,"108":0,"109":0,"110":0,"111":0,"112":5},"f":{"0":0,"1":0,"2":0,"3":0,"4":0,"5":0,"6":0,"7":0,"8":0,"9":0,"10":0},"b":{"0":[0,0],"1":[0,0],"2":[0,0],"3":[0,0],"4":[0,0],"5":[0,0],"6":[0,0],"7":[0,0],"8":[0,0],"9":[0,0],"10":[0,0],"11":[0,0],"12":[0,0],"13":[0,0],"14":[0,0],"15":[0,0],"16":[0,0],"17":[0,0],"18":[0,0],"19":[0,0],"20":[0,0],"21":[0,0,0]},"_coverageSchema":"1a1c01bbd47fc00a2c39e90264f33305004495a9","hash":"5102701e2fb17b4df4cb7aae20f67b24592d7947"}
,"C:\\Users\\Admin\\Documents\\GitHub\\collabry\\backend\\src\\controllers\\focus.controller.js": {"path":"C:\\Users\\Admin\\Documents\\GitHub\\collabry\\backend\\src\\controllers\\focus.controller.js","statementMap":{"0":{"start":{"line":1,"column":21},"end":{"line":1,"column":57}},"1":{"start":{"line":2,"column":29},"end":{"line":2,"column":57}},"2":{"start":{"line":8,"column":0},"end":{"line":29,"column":2}},"3":{"start":{"line":9,"column":2},"end":{"line":28,"column":3}},"4":{"start":{"line":10,"column":20},"end":{"line":17,"column":5}},"5":{"start":{"line":19,"column":19},"end":{"line":19,"column":71}},"6":{"start":{"line":21,"column":4},"end":{"line":25,"column":7}},"7":{"start":{"line":27,"column":4},"end":{"line":27,"column":16}},"8":{"start":{"line":35,"column":0},"end":{"line":60,"column":2}},"9":{"start":{"line":36,"column":2},"end":{"line":59,"column":3}},"10":{"start":{"line":37,"column":19},"end":{"line":37,"column":40}},"11":{"start":{"line":38,"column":4},"end":{"line":43,"column":5}},"12":{"start":{"line":39,"column":6},"end":{"line":42,"column":9}},"13":{"start":{"line":45,"column":20},"end":{"line":45,"column":77}},"14":{"start":{"line":47,"column":4},"end":{"line":50,"column":7}},"15":{"start":{"line":52,"column":4},"end":{"line":57,"column":5}},"16":{"start":{"line":53,"column":6},"end":{"line":56,"column":9}},"17":{"start":{"line":58,"column":4},"end":{"line":58,"column":16}},"18":{"start":{"line":66,"column":0},"end":{"line":98,"column":2}},"19":{"start":{"line":67,"column":2},"end":{"line":97,"column":3}},"20":{"start":{"line":68,"column":19},"end":{"line":68,"column":40}},"21":{"start":{"line":69,"column":4},"end":{"line":74,"column":5}},"22":{"start":{"line":70,"column":6},"end":{"line":73,"column":9}},"23":{"start":{"line":76,"column":47},"end":{"line":76,"column":55}},"24":{"start":{"line":78,"column":20},"end":{"line":82,"column":6}},"25":{"start":{"line":84,"column":4},"end":{"line":88,"column":7}},"26":{"start":{"line":90,"column":4},"end":{"line":95,"column":5}},"27":{"start":{"line":91,"column":6},"end":{"line":94,"column":9}},"28":{"start":{"line":96,"column":4},"end":{"line":96,"column":16}},"29":{"start":{"line":104,"column":0},"end":{"line":134,"column":2}},"30":{"start":{"line":105,"column":2},"end":{"line":133,"column":3}},"31":{"start":{"line":106,"column":19},"end":{"line":106,"column":40}},"32":{"start":{"line":107,"column":4},"end":{"line":112,"column":5}},"33":{"start":{"line":108,"column":6},"end":{"line":111,"column":9}},"34":{"start":{"line":114,"column":20},"end":{"line":118,"column":5}},"35":{"start":{"line":120,"column":4},"end":{"line":124,"column":7}},"36":{"start":{"line":126,"column":4},"end":{"line":131,"column":5}},"37":{"start":{"line":127,"column":6},"end":{"line":130,"column":9}},"38":{"start":{"line":132,"column":4},"end":{"line":132,"column":16}},"39":{"start":{"line":140,"column":0},"end":{"line":166,"column":2}},"40":{"start":{"line":141,"column":2},"end":{"line":165,"column":3}},"41":{"start":{"line":142,"column":19},"end":{"line":142,"column":40}},"42":{"start":{"line":143,"column":4},"end":{"line":148,"column":5}},"43":{"start":{"line":144,"column":6},"end":{"line":147,"column":9}},"44":{"start":{"line":150,"column":20},"end":{"line":150,"column":79}},"45":{"start":{"line":152,"column":4},"end":{"line":156,"column":7}},"46":{"start":{"line":158,"column":4},"end":{"line":163,"column":5}},"47":{"start":{"line":159,"column":6},"end":{"line":162,"column":9}},"48":{"start":{"line":164,"column":4},"end":{"line":164,"column":16}},"49":{"start":{"line":172,"column":0},"end":{"line":198,"column":2}},"50":{"start":{"line":173,"column":2},"end":{"line":197,"column":3}},"51":{"start":{"line":174,"column":19},"end":{"line":174,"column":40}},"52":{"start":{"line":175,"column":4},"end":{"line":180,"column":5}},"53":{"start":{"line":176,"column":6},"end":{"line":179,"column":9}},"54":{"start":{"line":182,"column":20},"end":{"line":182,"column":80}},"55":{"start":{"line":184,"column":4},"end":{"line":188,"column":7}},"56":{"start":{"line":190,"column":4},"end":{"line":195,"column":5}},"57":{"start":{"line":191,"column":6},"end":{"line":194,"column":9}},"58":{"start":{"line":196,"column":4},"end":{"line":196,"column":16}},"59":{"start":{"line":204,"column":0},"end":{"line":236,"column":2}},"60":{"start":{"line":205,"column":2},"end":{"line":235,"column":3}},"61":{"start":{"line":206,"column":19},"end":{"line":206,"column":40}},"62":{"start":{"line":207,"column":4},"end":{"line":212,"column":5}},"63":{"start":{"line":208,"column":6},"end":{"line":211,"column":9}},"64":{"start":{"line":214,"column":36},"end":{"line":214,"column":44}},"65":{"start":{"line":216,"column":19},"end":{"line":220,"column":5}},"66":{"start":{"line":222,"column":4},"end":{"line":226,"column":7}},"67":{"start":{"line":228,"column":4},"end":{"line":233,"column":5}},"68":{"start":{"line":229,"column":6},"end":{"line":232,"column":9}},"69":{"start":{"line":234,"column":4},"end":{"line":234,"column":16}},"70":{"start":{"line":242,"column":0},"end":{"line":268,"column":2}},"71":{"start":{"line":243,"column":2},"end":{"line":267,"column":3}},"72":{"start":{"line":244,"column":19},"end":{"line":244,"column":40}},"73":{"start":{"line":245,"column":4},"end":{"line":250,"column":5}},"74":{"start":{"line":246,"column":6},"end":{"line":249,"column":9}},"75":{"start":{"line":252,"column":20},"end":{"line":252,"column":80}},"76":{"start":{"line":254,"column":4},"end":{"line":258,"column":7}},"77":{"start":{"line":260,"column":4},"end":{"line":265,"column":5}},"78":{"start":{"line":261,"column":6},"end":{"line":264,"column":9}},"79":{"start":{"line":266,"column":4},"end":{"line":266,"column":16}},"80":{"start":{"line":274,"column":0},"end":{"line":285,"column":2}},"81":{"start":{"line":275,"column":2},"end":{"line":284,"column":3}},"82":{"start":{"line":276,"column":21},"end":{"line":276,"column":64}},"83":{"start":{"line":278,"column":4},"end":{"line":281,"column":7}},"84":{"start":{"line":283,"column":4},"end":{"line":283,"column":16}},"85":{"start":{"line":291,"column":0},"end":{"line":311,"column":2}},"86":{"start":{"line":292,"column":2},"end":{"line":310,"column":3}},"87":{"start":{"line":293,"column":19},"end":{"line":293,"column":40}},"88":{"start":{"line":294,"column":4},"end":{"line":299,"column":5}},"89":{"start":{"line":295,"column":6},"end":{"line":298,"column":9}},"90":{"start":{"line":301,"column":21},"end":{"line":301,"column":77}},"91":{"start":{"line":303,"column":4},"end":{"line":307,"column":7}},"92":{"start":{"line":309,"column":4},"end":{"line":309,"column":16}},"93":{"start":{"line":317,"column":0},"end":{"line":329,"column":2}},"94":{"start":{"line":318,"column":2},"end":{"line":328,"column":3}},"95":{"start":{"line":319,"column":19},"end":{"line":319,"column":44}},"96":{"start":{"line":320,"column":18},"end":{"line":320,"column":66}},"97":{"start":{"line":322,"column":4},"end":{"line":325,"column":7}},"98":{"start":{"line":327,"column":4},"end":{"line":327,"column":16}}},"fnMap":{"0":{"name":"(anonymous_0)","decl":{"start":{"line":8,"column":22},"end":{"line":8,"column":23}},"loc":{"start":{"line":8,"column":48},"end":{"line":29,"column":1}},"line":8},"1":{"name":"(anonymous_1)","decl":{"start":{"line":35,"column":21},"end":{"line":35,"column":22}},"loc":{"start":{"line":35,"column":47},"end":{"line":60,"column":1}},"line":35},"2":{"name":"(anonymous_2)","decl":{"start":{"line":66,"column":23},"end":{"line":66,"column":24}},"loc":{"start":{"line":66,"column":49},"end":{"line":98,"column":1}},"line":66},"3":{"name":"(anonymous_3)","decl":{"start":{"line":104,"column":24},"end":{"line":104,"column":25}},"loc":{"start":{"line":104,"column":50},"end":{"line":134,"column":1}},"line":104},"4":{"name":"(anonymous_4)","decl":{"start":{"line":140,"column":23},"end":{"line":140,"column":24}},"loc":{"start":{"line":140,"column":49},"end":{"line":166,"column":1}},"line":140},"5":{"name":"(anonymous_5)","decl":{"start":{"line":172,"column":24},"end":{"line":172,"column":25}},"loc":{"start":{"line":172,"column":50},"end":{"line":198,"column":1}},"line":172},"6":{"name":"(anonymous_6)","decl":{"start":{"line":204,"column":26},"end":{"line":204,"column":27}},"loc":{"start":{"line":204,"column":52},"end":{"line":236,"column":1}},"line":204},"7":{"name":"(anonymous_7)","decl":{"start":{"line":242,"column":24},"end":{"line":242,"column":25}},"loc":{"start":{"line":242,"column":50},"end":{"line":268,"column":1}},"line":242},"8":{"name":"(anonymous_8)","decl":{"start":{"line":274,"column":22},"end":{"line":274,"column":23}},"loc":{"start":{"line":274,"column":48},"end":{"line":285,"column":1}},"line":274},"9":{"name":"(anonymous_9)","decl":{"start":{"line":291,"column":25},"end":{"line":291,"column":26}},"loc":{"start":{"line":291,"column":51},"end":{"line":311,"column":1}},"line":291},"10":{"name":"(anonymous_10)","decl":{"start":{"line":317,"column":19},"end":{"line":317,"column":20}},"loc":{"start":{"line":317,"column":45},"end":{"line":329,"column":1}},"line":317}},"branchMap":{"0":{"loc":{"start":{"line":38,"column":4},"end":{"line":43,"column":5}},"type":"if","locations":[{"start":{"line":38,"column":4},"end":{"line":43,"column":5}},{"start":{},"end":{}}],"line":38},"1":{"loc":{"start":{"line":52,"column":4},"end":{"line":57,"column":5}},"type":"if","locations":[{"start":{"line":52,"column":4},"end":{"line":57,"column":5}},{"start":{},"end":{}}],"line":52},"2":{"loc":{"start":{"line":69,"column":4},"end":{"line":74,"column":5}},"type":"if","locations":[{"start":{"line":69,"column":4},"end":{"line":74,"column":5}},{"start":{},"end":{}}],"line":69},"3":{"loc":{"start":{"line":90,"column":4},"end":{"line":95,"column":5}},"type":"if","locations":[{"start":{"line":90,"column":4},"end":{"line":95,"column":5}},{"start":{},"end":{}}],"line":90},"4":{"loc":{"start":{"line":107,"column":4},"end":{"line":112,"column":5}},"type":"if","locations":[{"start":{"line":107,"column":4},"end":{"line":112,"column":5}},{"start":{},"end":{}}],"line":107},"5":{"loc":{"start":{"line":126,"column":4},"end":{"line":131,"column":5}},"type":"if","locations":[{"start":{"line":126,"column":4},"end":{"line":131,"column":5}},{"start":{},"end":{}}],"line":126},"6":{"loc":{"start":{"line":143,"column":4},"end":{"line":148,"column":5}},"type":"if","locations":[{"start":{"line":143,"column":4},"end":{"line":148,"column":5}},{"start":{},"end":{}}],"line":143},"7":{"loc":{"start":{"line":158,"column":4},"end":{"line":163,"column":5}},"type":"if","locations":[{"start":{"line":158,"column":4},"end":{"line":163,"column":5}},{"start":{},"end":{}}],"line":158},"8":{"loc":{"start":{"line":175,"column":4},"end":{"line":180,"column":5}},"type":"if","locations":[{"start":{"line":175,"column":4},"end":{"line":180,"column":5}},{"start":{},"end":{}}],"line":175},"9":{"loc":{"start":{"line":190,"column":4},"end":{"line":195,"column":5}},"type":"if","locations":[{"start":{"line":190,"column":4},"end":{"line":195,"column":5}},{"start":{},"end":{}}],"line":190},"10":{"loc":{"start":{"line":207,"column":4},"end":{"line":212,"column":5}},"type":"if","locations":[{"start":{"line":207,"column":4},"end":{"line":212,"column":5}},{"start":{},"end":{}}],"line":207},"11":{"loc":{"start":{"line":228,"column":4},"end":{"line":233,"column":5}},"type":"if","locations":[{"start":{"line":228,"column":4},"end":{"line":233,"column":5}},{"start":{},"end":{}}],"line":228},"12":{"loc":{"start":{"line":245,"column":4},"end":{"line":250,"column":5}},"type":"if","locations":[{"start":{"line":245,"column":4},"end":{"line":250,"column":5}},{"start":{},"end":{}}],"line":245},"13":{"loc":{"start":{"line":260,"column":4},"end":{"line":265,"column":5}},"type":"if","locations":[{"start":{"line":260,"column":4},"end":{"line":265,"column":5}},{"start":{},"end":{}}],"line":260},"14":{"loc":{"start":{"line":294,"column":4},"end":{"line":299,"column":5}},"type":"if","locations":[{"start":{"line":294,"column":4},"end":{"line":299,"column":5}},{"start":{},"end":{}}],"line":294},"15":{"loc":{"start":{"line":319,"column":19},"end":{"line":319,"column":44}},"type":"binary-expr","locations":[{"start":{"line":319,"column":19},"end":{"line":319,"column":35}},{"start":{"line":319,"column":39},"end":{"line":319,"column":44}}],"line":319}},"s":{"0":5,"1":5,"2":5,"3":0,"4":0,"5":0,"6":0,"7":0,"8":5,"9":0,"10":0,"11":0,"12":0,"13":0,"14":0,"15":0,"16":0,"17":0,"18":5,"19":0,"20":0,"21":0,"22":0,"23":0,"24":0,"25":0,"26":0,"27":0,"28":0,"29":5,"30":0,"31":0,"32":0,"33":0,"34":0,"35":0,"36":0,"37":0,"38":0,"39":5,"40":0,"41":0,"42":0,"43":0,"44":0,"45":0,"46":0,"47":0,"48":0,"49":5,"50":0,"51":0,"52":0,"53":0,"54":0,"55":0,"56":0,"57":0,"58":0,"59":5,"60":0,"61":0,"62":0,"63":0,"64":0,"65":0,"66":0,"67":0,"68":0,"69":0,"70":5,"71":0,"72":0,"73":0,"74":0,"75":0,"76":0,"77":0,"78":0,"79":0,"80":5,"81":0,"82":0,"83":0,"84":0,"85":5,"86":0,"87":0,"88":0,"89":0,"90":0,"91":0,"92":0,"93":5,"94":0,"95":0,"96":0,"97":0,"98":0},"f":{"0":0,"1":0,"2":0,"3":0,"4":0,"5":0,"6":0,"7":0,"8":0,"9":0,"10":0},"b":{"0":[0,0],"1":[0,0],"2":[0,0],"3":[0,0],"4":[0,0],"5":[0,0],"6":[0,0],"7":[0,0],"8":[0,0],"9":[0,0],"10":[0,0],"11":[0,0],"12":[0,0],"13":[0,0],"14":[0,0],"15":[0,0]},"_coverageSchema":"1a1c01bbd47fc00a2c39e90264f33305004495a9","hash":"aac8e003867b5997d9ee7b31ce37533841fdc022"}
,"C:\\Users\\Admin\\Documents\\GitHub\\collabry\\backend\\src\\controllers\\friend.controller.js": {"path":"C:\\Users\\Admin\\Documents\\GitHub\\collabry\\backend\\src\\controllers\\friend.controller.js","statementMap":{"0":{"start":{"line":1,"column":21},"end":{"line":1,"column":53}},"1":{"start":{"line":2,"column":22},"end":{"line":2,"column":59}},"2":{"start":{"line":6,"column":16},"end":{"line":16,"column":4}},"3":{"start":{"line":7,"column":34},"end":{"line":7,"column":42}},"4":{"start":{"line":8,"column":23},"end":{"line":8,"column":35}},"5":{"start":{"line":10,"column":20},"end":{"line":10,"column":88}},"6":{"start":{"line":12,"column":4},"end":{"line":15,"column":7}},"7":{"start":{"line":19,"column":18},"end":{"line":29,"column":4}},"8":{"start":{"line":20,"column":26},"end":{"line":20,"column":36}},"9":{"start":{"line":21,"column":19},"end":{"line":21,"column":31}},"10":{"start":{"line":23,"column":19},"end":{"line":23,"column":77}},"11":{"start":{"line":25,"column":4},"end":{"line":28,"column":7}},"12":{"start":{"line":32,"column":18},"end":{"line":42,"column":4}},"13":{"start":{"line":33,"column":26},"end":{"line":33,"column":36}},"14":{"start":{"line":34,"column":19},"end":{"line":34,"column":31}},"15":{"start":{"line":36,"column":20},"end":{"line":36,"column":78}},"16":{"start":{"line":38,"column":4},"end":{"line":41,"column":7}},"17":{"start":{"line":45,"column":18},"end":{"line":52,"column":4}},"18":{"start":{"line":46,"column":26},"end":{"line":46,"column":36}},"19":{"start":{"line":47,"column":19},"end":{"line":47,"column":31}},"20":{"start":{"line":49,"column":19},"end":{"line":49,"column":77}},"21":{"start":{"line":51,"column":4},"end":{"line":51,"column":21}},"22":{"start":{"line":55,"column":23},"end":{"line":61,"column":4}},"23":{"start":{"line":56,"column":19},"end":{"line":56,"column":31}},"24":{"start":{"line":58,"column":21},"end":{"line":58,"column":67}},"25":{"start":{"line":60,"column":4},"end":{"line":60,"column":27}},"26":{"start":{"line":64,"column":20},"end":{"line":70,"column":4}},"27":{"start":{"line":65,"column":19},"end":{"line":65,"column":31}},"28":{"start":{"line":67,"column":21},"end":{"line":67,"column":64}},"29":{"start":{"line":69,"column":4},"end":{"line":69,"column":27}},"30":{"start":{"line":73,"column":15},"end":{"line":79,"column":4}},"31":{"start":{"line":74,"column":19},"end":{"line":74,"column":31}},"32":{"start":{"line":76,"column":20},"end":{"line":76,"column":58}},"33":{"start":{"line":78,"column":4},"end":{"line":78,"column":49}},"34":{"start":{"line":82,"column":17},"end":{"line":89,"column":4}},"35":{"start":{"line":83,"column":29},"end":{"line":83,"column":39}},"36":{"start":{"line":84,"column":19},"end":{"line":84,"column":31}},"37":{"start":{"line":86,"column":19},"end":{"line":86,"column":73}},"38":{"start":{"line":88,"column":4},"end":{"line":88,"column":21}},"39":{"start":{"line":92,"column":16},"end":{"line":103,"column":4}},"40":{"start":{"line":93,"column":19},"end":{"line":93,"column":31}},"41":{"start":{"line":94,"column":18},"end":{"line":94,"column":27}},"42":{"start":{"line":96,"column":4},"end":{"line":98,"column":5}},"43":{"start":{"line":97,"column":6},"end":{"line":97,"column":91}},"44":{"start":{"line":100,"column":18},"end":{"line":100,"column":67}},"45":{"start":{"line":102,"column":4},"end":{"line":102,"column":45}},"46":{"start":{"line":106,"column":16},"end":{"line":116,"column":4}},"47":{"start":{"line":107,"column":29},"end":{"line":107,"column":39}},"48":{"start":{"line":108,"column":19},"end":{"line":108,"column":31}},"49":{"start":{"line":110,"column":23},"end":{"line":110,"column":76}},"50":{"start":{"line":112,"column":4},"end":{"line":115,"column":7}},"51":{"start":{"line":119,"column":18},"end":{"line":129,"column":4}},"52":{"start":{"line":120,"column":29},"end":{"line":120,"column":39}},"53":{"start":{"line":121,"column":19},"end":{"line":121,"column":31}},"54":{"start":{"line":123,"column":23},"end":{"line":123,"column":78}},"55":{"start":{"line":125,"column":4},"end":{"line":128,"column":7}},"56":{"start":{"line":132,"column":0},"end":{"line":132,"column":40}}},"fnMap":{"0":{"name":"(anonymous_0)","decl":{"start":{"line":6,"column":29},"end":{"line":6,"column":30}},"loc":{"start":{"line":6,"column":49},"end":{"line":16,"column":3}},"line":6},"1":{"name":"(anonymous_1)","decl":{"start":{"line":19,"column":31},"end":{"line":19,"column":32}},"loc":{"start":{"line":19,"column":51},"end":{"line":29,"column":3}},"line":19},"2":{"name":"(anonymous_2)","decl":{"start":{"line":32,"column":31},"end":{"line":32,"column":32}},"loc":{"start":{"line":32,"column":51},"end":{"line":42,"column":3}},"line":32},"3":{"name":"(anonymous_3)","decl":{"start":{"line":45,"column":31},"end":{"line":45,"column":32}},"loc":{"start":{"line":45,"column":51},"end":{"line":52,"column":3}},"line":45},"4":{"name":"(anonymous_4)","decl":{"start":{"line":55,"column":36},"end":{"line":55,"column":37}},"loc":{"start":{"line":55,"column":56},"end":{"line":61,"column":3}},"line":55},"5":{"name":"(anonymous_5)","decl":{"start":{"line":64,"column":33},"end":{"line":64,"column":34}},"loc":{"start":{"line":64,"column":53},"end":{"line":70,"column":3}},"line":64},"6":{"name":"(anonymous_6)","decl":{"start":{"line":73,"column":28},"end":{"line":73,"column":29}},"loc":{"start":{"line":73,"column":48},"end":{"line":79,"column":3}},"line":73},"7":{"name":"(anonymous_7)","decl":{"start":{"line":82,"column":30},"end":{"line":82,"column":31}},"loc":{"start":{"line":82,"column":50},"end":{"line":89,"column":3}},"line":82},"8":{"name":"(anonymous_8)","decl":{"start":{"line":92,"column":29},"end":{"line":92,"column":30}},"loc":{"start":{"line":92,"column":49},"end":{"line":103,"column":3}},"line":92},"9":{"name":"(anonymous_9)","decl":{"start":{"line":106,"column":29},"end":{"line":106,"column":30}},"loc":{"start":{"line":106,"column":49},"end":{"line":116,"column":3}},"line":106},"10":{"name":"(anonymous_10)","decl":{"start":{"line":119,"column":31},"end":{"line":119,"column":32}},"loc":{"start":{"line":119,"column":51},"end":{"line":129,"column":3}},"line":119}},"branchMap":{"0":{"loc":{"start":{"line":96,"column":4},"end":{"line":98,"column":5}},"type":"if","locations":[{"start":{"line":96,"column":4},"end":{"line":98,"column":5}},{"start":{},"end":{}}],"line":96},"1":{"loc":{"start":{"line":96,"column":8},"end":{"line":96,"column":33}},"type":"binary-expr","locations":[{"start":{"line":96,"column":8},"end":{"line":96,"column":10}},{"start":{"line":96,"column":14},"end":{"line":96,"column":33}}],"line":96}},"s":{"0":5,"1":5,"2":5,"3":0,"4":0,"5":0,"6":0,"7":5,"8":0,"9":0,"10":0,"11":0,"12":5,"13":0,"14":0,"15":0,"16":0,"17":5,"18":0,"19":0,"20":0,"21":0,"22":5,"23":0,"24":0,"25":0,"26":5,"27":0,"28":0,"29":0,"30":5,"31":0,"32":0,"33":0,"34":5,"35":0,"36":0,"37":0,"38":0,"39":5,"40":0,"41":0,"42":0,"43":0,"44":0,"45":0,"46":5,"47":0,"48":0,"49":0,"50":0,"51":5,"52":0,"53":0,"54":0,"55":0,"56":5},"f":{"0":0,"1":0,"2":0,"3":0,"4":0,"5":0,"6":0,"7":0,"8":0,"9":0,"10":0},"b":{"0":[0,0],"1":[0,0]},"_cov
[...]
lumn":2},"end":{"line":58,"column":34}},"25":{"start":{"line":61,"column":38},"end":{"line":61,"column":64}},"26":{"start":{"line":62,"column":2},"end":{"line":62,"column":30}},"27":{"start":{"line":65,"column":2},"end":{"line":65,"column":41}},"28":{"start":{"line":67,"column":2},"end":{"line":67,"column":42}},"29":{"start":{"line":68,"column":2},"end":{"line":68,"column":12}},"30":{"start":{"line":74,"column":14},"end":{"line":79,"column":1}},"31":{"start":{"line":75,"column":2},"end":{"line":77,"column":3}},"32":{"start":{"line":76,"column":4},"end":{"line":76,"column":79}},"33":{"start":{"line":78,"column":2},"end":{"line":78,"column":12}},"34":{"start":{"line":81,"column":0},"end":{"line":81,"column":45}}},"fnMap":{"0":{"name":"(anonymous_0)","decl":{"start":{"line":11,"column":25},"end":{"line":11,"column":26}},"loc":{"start":{"line":11,"column":41},"end":{"line":69,"column":1}},"line":11},"1":{"name":"(anonymous_1)","decl":{"start":{"line":25,"column":9},"end":{"line":25,"column":10}},"loc":{"start":{"line":25,"column":27},"end":{"line":42,"column":3}},"line":25},"2":{"name":"(anonymous_2)","decl":{"start":{"line":45,"column":22},"end":{"line":45,"column":23}},"loc":{"start":{"line":45,"column":34},"end":{"line":55,"column":3}},"line":45},"3":{"name":"(anonymous_3)","decl":{"start":{"line":48,"column":28},"end":{"line":48,"column":29}},"loc":{"start":{"line":48,"column":40},"end":{"line":50,"column":5}},"line":48},"4":{"name":"(anonymous_4)","decl":{"start":{"line":52,"column":23},"end":{"line":52,"column":24}},"loc":{"start":{"line":52,"column":34},"end":{"line":54,"column":5}},"line":52},"5":{"name":"(anonymous_5)","decl":{"start":{"line":74,"column":14},"end":{"line":74,"column":15}},"loc":{"start":{"line":74,"column":20},"end":{"line":79,"column":1}},"line":74}},"branchMap":{"0":{"loc":{"start":{"line":14,"column":14},"end":{"line":16,"column":70}},"type":"cond-expr","locations":[{"start":{"line":15,"column":10},"end":{"line":15,"column":13}},{"start":{"line":16,"column":10},"end":{"line":16,"column":70}}],"line":14},"1":{"loc":{"start":{"line":26,"column":18},"end":{"line":26,"column":102}},"type":"binary-expr","locations":[{"start":{"line":26,"column":18},"end":{"line":26,"column":45}},{"start":{"line":26,"column":49},"end":{"line":26,"column":102}}],"line":26},"2":{"loc":{"start":{"line":28,"column":4},"end":{"line":30,"column":5}},"type":"if","locations":[{"start":{"line":28,"column":4},"end":{"line":30,"column":5}},{"start":{},"end":{}}],"line":28},"3":{"loc":{"start":{"line":75,"column":2},"end":{"line":77,"column":3}},"type":"if","locations":[{"start":{"line":75,"column":2},"end":{"line":77,"column":3}},{"start":{},"end":{}}],"line":75}},"s":{"0":5,"1":5,"2":5,"3":5,"4":5,"5":0,"6":0,"7":0,"8":0,"9":0,"10":0,"11":0,"12":0,"13":0,"14":0,"15":0,"16":0,"17":0,"18":0,"19":0,"20":0,"21":0,"22":0,"23":0,"24":0,"25":0,"26":0,"27":0,"28":0,"29":0,"30":5,"31":1,"32":1,"33":0,"34":5},"f":{"0":0,"1":0,"2":0,"3":0,"4":0,"5":1},"b":{"0":[0,0],"1":[0,0],"2":[0,0],"3":[1,0]},"_coverageSchema":"1a1c01bbd47fc00a2c39e90264f33305004495a9","hash":"4c98e7f8e817605e2d966fd63d2e12207d74fadd"}
,"C:\\Users\\Admin\\Documents\\GitHub\\collabry\\backend\\src\\socket\\notificationNamespace.js": {"path":"C:\\Users\\Admin\\Documents\\GitHub\\collabry\\backend\\src\\socket\\notificationNamespace.js","statementMap":{"0":{"start":{"line":1,"column":28},"end":{"line":1,"column":71}},"1":{"start":{"line":2,"column":12},"end":{"line":2,"column":35}},"2":{"start":{"line":3,"column":15},"end":{"line":3,"column":39}},"3":{"start":{"line":10,"column":0},"end":{"line":81,"column":2}},"4":{"start":{"line":12,"column":32},"end":{"line":12,"column":55}},"5":{"start":{"line":15,"column":2},"end":{"line":33,"column":5}},"6":{"start":{"line":16,"column":18},"end":{"line":16,"column":102}},"7":{"start":{"line":18,"column":4},"end":{"line":20,"column":5}},"8":{"start":{"line":19,"column":6},"end":{"line":19,"column":56}},"9":{"start":{"line":22,"column":4},"end":{"line":32,"column":5}},"10":{"start":{"line":23,"column":22},"end":{"line":23,"column":64}},"11":{"start":{"line":24,"column":6},"end":{"line":24,"column":33}},"12":{"start":{"line":25,"column":6},"end":{"line":25,"column":39}},"13":{"start":{"line":26,"column":6},"end":{"line":26,"column":37}},"14":{"start":{"line":27,"column":6},"end":{"line":27,"column":81}},"15":{"start":{"line":28,"column":6},"end":{"line":28,"column":13}},"16":{"start":{"line":30,"column":6},"end":{"line":30,"column":73}},"17":{"start":{"line":31,"column":6},"end":{"line":31,"column":39}},"18":{"start":{"line":35,"column":2},"end":{"line":78,"column":5}},"19":{"start":{"line":36,"column":19},"end":{"line":36,"column":34}},"20":{"start":{"line":38,"column":4},"end":{"line":41,"column":5}},"21":{"start":{"line":39,"column":6},"end":{"line":39,"column":26}},"22":{"start":{"line":40,"column":6},"end":{"line":40,"column":13}},"23":{"start":{"line":43,"column":4},"end":{"line":43,"column":63}},"24":{"start":{"line":46,"column":4},"end":{"line":46,"column":34}},"25":{"start":{"line":49,"column":4},"end":{"line":51,"column":7}},"26":{"start":{"line":50,"column":6},"end":{"line":50,"column":45}},"27":{"start":{"line":54,"column":4},"end":{"line":56,"column":7}},"28":{"start":{"line":55,"column":6},"end":{"line":55,"column":70}},"29":{"start":{"line":59,"column":4},"end":{"line":67,"column":7}},"30":{"start":{"line":60,"column":6},"end":{"line":66,"column":7}},"31":{"start":{"line":61,"column":8},"end":{"line":61,"column":74}},"32":{"start":{"line":62,"column":22},"end":{"line":62,"column":70}},"33":{"start":{"line":63,"column":8},"end":{"line":63,"column":47}},"34":{"start":{"line":65,"column":8},"end":{"line":65,"column":57}},"35":{"start":{"line":70,"column":4},"end":{"line":77,"column":7}},"36":{"start":{"line":71,"column":6},"end":{"line":76,"column":7}},"37":{"start":{"line":72,"column":8},"end":{"line":72,"column":56}},"38":{"start":{"line":73,"column":8},"end":{"line":73,"column":50}},"39":{"start":{"line":75,"column":8},"end":{"line":75,"column":57}},"40":{"start":{"line":80,"column":2},"end":{"line":80,"column":31}},"41":{"start":{"line":87,"column":31},"end":{"line":95,"column":1}},"42":{"start":{"line":88,"column":32},"end":{"line":88,"column":55}},"43":{"start":{"line":89,"column":2},"end":{"line":89,"column":84}},"44":{"start":{"line":92,"column":2},"end":{"line":94,"column":5}},"45":{"start":{"line":93,"column":4},"end":{"line":93,"column":79}},"46":{"start":{"line":97,"column":0},"end":{"line":97,"column":63}}},"fnMap":{"0":{"name":"(anonymous_0)","decl":{"start":{"line":10,"column":17},"end":{"line":10,"column":18}},"loc":{"start":{"line":10,"column":25},"end":{"line":81,"column":1}},"line":10},"1":{"name":"(anonymous_1)","decl":{"start":{"line":15,"column":28},"end":{"line":15,"column":29}},"loc":{"start":{"line":15,"column":46},"end":{"line":33,"column":3}},"line":15},"2":{"name":"(anonymous_2)","decl":{"start":{"line":35,"column":41},"end":{"line":35,"column":42}},"loc":{"start":{"line":35,"column":53},"end":{"line":78,"column":3}},"line":35},"3":{"name":"(anonymous_3)","decl":{"start":{"line":49,"column":52},"end":{"line":49,"column":53}},"loc":{"start":{"line":49,"column":63},"end":{"line":51,"column":5}},"line":49},"4":{"name":"(anonymous_4)","decl":{"start":{"line":54,"column":28},"end":{"line":54,"column":29}},"loc":{"start":{"line":54,"column":34},"end":{"line":56,"column":5}},"line":54},"5":{"name":"(anonymous_5)","decl":{"start":{"line":59,"column":30},"end":{"line":59,"column":31}},"loc":{"start":{"line":59,"column":46},"end":{"line":67,"column":5}},"line":59},"6":{"name":"(anonymous_6)","decl":{"start":{"line":70,"column":31},"end":{"line":70,"column":32}},"loc":{"start":{"line":70,"column":43},"end":{"line":77,"column":5}},"line":70},"7":{"name":"(anonymous_7)","decl":{"start":{"line":87,"column":31},"end":{"line":87,"column":32}},"loc":{"start":{"line":87,"column":61},"end":{"line":95,"column":1}},"line":87},"8":{"name":"(anonymous_8)","decl":{"start":{"line":92,"column":50},"end":{"line":92,"column":51}},"loc":{"start":{"line":92,"column":61},"end":{"line":94,"column":3}},"line":92}},"branchMap":{"0":{"loc":{"start":{"line":16,"column":18},"end":{"line":16,"column":102}},"type":"binary-expr","locations":[{"start":{"line":16,"column":18},"end":{"line":16,"column":45}},{"start":{"line":16,"column":49},"end":{"line":16,"column":102}}],"line":16},"1":{"loc":{"start":{"line":18,"column":4},"end":{"line":20,"column":5}},"type":"if","locations":[{"start":{"line":18,"column":4},"end":{"line":20,"column":5}},{"start":{},"end":{}}],"line":18},"2":{"loc":{"start":{"line":38,"column":4},"end":{"line":41,"column":5}},"type":"if","locations":[{"start":{"line":38,"column":4},"end":{"line":41,"column":5}},{"start":{},"end":{}}],"line":38}},"s":{"0":5,"1":5,"2":5,"3":5,"4":0,"5":0,"6":0,"7":0,"8":0,"9":0,"10":0,"11":0,"12":0,"13":0,"14":0,"15":0,"16":0,"17":0,"18":0,"19":0,"20":0,"21":0,"22":0,"23":0,"24":0,"25":0,"26":0,"27":0,"28":0,"29":0,"30":0,"31":0,"32":0,"33":0,"34":0,"35":0,"36":0,"37":0,"38":0,"39":0,"40":0,"41":5,"42":0,"43":0,"44":0,"45":0,"46":5},"f":{"0":0,"1":0,"2":0,"3":0,"4":0,"5":0,"6":0,"7":0,"8":0},"b":{"0":[0,0],"1":[0,0],"2":[0,0]},"_coverageSchema":"1a1c01bbd47fc00a2c39e90264f33305004495a9","hash":"89ab54e2dedb98d632b4fc6ced382a61b60dc311"}
,"C:\\Users\\Admin\\Documents\\GitHub\\collabry\\backend\\src\\utils\\AppError.js": {"path":"C:\\Users\\Admin\\Documents\\GitHub\\collabry\\backend\\src\\utils\\AppError.js","statementMap":{"0":{"start":{"line":6,"column":4},"end":{"line":6,"column":19}},"1":{"start":{"line":7,"column":4},"end":{"line":7,"column":33}},"2":{"start":{"line":8,"column":4},"end":{"line":8,"column":69}},"3":{"start":{"line":9,"column":4},"end":{"line":9,"column":30}},"4":{"start":{"line":11,"column":4},"end":{"line":11,"column":52}},"5":{"start":{"line":15,"column":0},"end":{"line":15,"column":26}}},"fnMap":{"0":{"name":"(anonymous_0)","decl":{"start":{"line":5,"column":2},"end":{"line":5,"column":3}},"loc":{"start":{"line":5,"column":35},"end":{"line":12,"column":3}},"line":5}},"branchMap":{"0":{"loc":{"start":{"line":8,"column":18},"end":{"line":8,"column":68}},"type":"cond-expr","locations":[{"start":{"line":8,"column":52},"end":{"line":8,"column":58}},{"start":{"line":8,"column":61},"end":{"line":8,"column":68}}],"line":8}},"s":{"0":14,"1":14,"2":14,"3":14,"4":14,"5":5},"f":{"0":14},"b":{"0":[14,0]},"_coverageSchema":"1a1c01bbd47fc00a2c39e90264f33305004495a9","hash":"4fe59902567bd49b4defa40ff6567c3cf07ad28a"}
,"C:\\Users\\Admin\\Documents\\GitHub\\collabry\\backend\\src\\utils\\asyncHandler.js": {"path":"C:\\Users\\Admin\\Documents\\GitHub\\collabry\\backend\\src\\utils\\asyncHandler.js","statementMap":{"0":{"start":{"line":4,"column":21},"end":{"line":8,"column":1}},"1":{"start":{"line":5,"column":2},"end":{"line":7,"column":4}},"2":{"start":{"line":6,"column":4},"end":{"line":6,"column":52}},"3":{"start":{"line":10,"column":0},"end":{"line":10,"column":30}}},"fnMap":{"0":{"name":"(anonymous_0)","decl":{"start":{"line":4,"column":21},"end":{"line":4,"column":22}},"loc":{"start":{"line":4,"column":29},"end":{"line":8,"column":1}},"line":4},"1":{"name":"(anonymous_1)","decl":{"start":{"line":5,"column":9},"end":{"line":5,"column":10}},"loc":{"start":{"line":5,"column":29},"end":{"line":7,"column":3}},"line":5}},"branchMap":{},"s":{"0":5,"1":530,"2":106,"3":5},"f":{"0":530,"1":106},"b":{},"_coverageSchema":"1a1c01bbd47fc00a2c39e90264f33305004495a9","hash":"d0af19ea24289ba130a2308bab5b4111b62698d1"}
,"C:\\Users\\Admin\\Documents\\GitHub\\collabry\\backend\\src\\utils\\emailService.js": {"path":"C:\\Users\\Admin\\Documents\\GitHub\\collabry\\backend\\src\\utils\\emailService.js","statementMap":{"0":{"start":{"line":1,"column":19},"end":{"line":1,"column":40}},"1":{"start":{"line":2,"column":15},"end":{"line":2,"column":39}},"2":{"start":{"line":9,"column":4},"end":{"line":9,"column":28}},"3":{"start":{"line":10,"column":4},"end":{"line":10,"column":22}},"4":{"start":{"line":17,"column":4},"end":{"line":43,"column":5}},"5":{"start":{"line":19,"column":6},"end":{"line":38,"column":7}},"6":{"start":{"line":20,"column":8},"end":{"line":26,"column":11}},"7":{"start":{"line":29,"column":8},"end":{"line":37,"column":11}},"8":{"start":{"line":40,"column":6},"end":{"line":40,"column":50}},"9":{"start":{"line":42,"column":6},"end":{"line":42,"column":77}},"10":{"start":{"line":55,"column":4},"end":{"line":74,"column":5}},"11":{"start":{"line":56,"column":6},"end":{"line":58,"column":7}},"12":{"start":{"line":57,"column":8},"end":{"line":57,"column":61}},"13":{"start":{"line":60,"column":26},"end":{"line":66,"column":7}},"14":{"start":{"line":68,"column":19},"end":{"line":68,"column":63}},"15":{"start":{"line":69,"column":6},"end":{"line":69,"column":65}},"16":{"start":{"line":70,"column":6},"end":{"line":70,"column":58}},"17":{"start":{"line":72,"column":6},"end":{"line":72,"column":62}},"18":{"start":{"line":73,"column":6},"end":{"line":73,"column":18}},"19":{"start":{"line":84,"column":21},"end":{"line":84,"column":79}},"20":{"start":{"line":86,"column":17},"end":{"line":173,"column":5}},"21":{"start":{"line":175,"column":4},"end":{"line":179,"column":7}},"22":{"start":{"line":188,"column":17},"end":{"line":263,"column":5}},"23":{"start":{"line":265,"column":4},"end":{"line":269,"column":7}},"24":{"start":{"line":276,"column":4},"end":{"line":286,"column":5}},"25":{"start":{"line":277,"column":6},"end":{"line":279,"column":7}},"26":{"start":{"line":278,"column":8},"end":{"line":278,"column":61}},"27":{"start":{"line":280,"column":6},"end":{"line":280,"column":38}},"28":{"start":{"line":281,"column":6},"end":{"line":281,"column":57}},"29":{"start":{"line":282,"column":6},"end":{"line":282,"column":18}},"30":{"start":{"line":284,"column":6},"end":{"line":284,"column":75}},"31":{"start":{"line":285,"column":6},"end":{"line":285,"column":19}},"32":{"start":{"line":291,"column":0},"end":{"line":291,"column":36}}},"fnMap":{"0":{"name":"(anonymous_0)","decl":{"start":{"line":8,"column":2},"end":{"line":8,"column":3}},"loc":{"start":{"line":8,"column":16},"end":{"line":11,"column":3}},"line":8},"1":{"name":"(anonymous_1)","decl":{"start":{"line":16,"column":2},"end":{"line":16,"column":3}},"loc":{"start":{"line":16,"column":15},"end":{"line":44,"column":3}},"line":16},"2":{"name":"(anonymous_2)","decl":{"start":{"line":54,"column":2},"end":{"line":54,"column":3}},"loc":{"start":{"line":54,"column":47},"end":{"line":75,"column":3}},"line":54},"3":{"name":"(anonymous_3)","decl":{"start":{"line":83,"column":2},"end":{"line":83,"column":3}},"loc":{"start":{"line":83,"column":56},"end":{"line":180,"column":3}},"line":83},"4":{"name":"(anonymous_4)","decl":{"start":{"line":187,"column":2},"end":{"line":187,"column":3}},"loc":{"start":{"line":187,"column":51},"end":{"line":270,"column":3}},"line":187},"5":{"name":"(anonymous_5)","decl":{"start":{"line":275,"column":2},"end":{"line":275,"column":3}},"loc":{"start":{"line":275,"column":27},"end":{"line":287,"column":3}},"line":275}},"branchMap":{"0":{"loc":{"start":{"line":19,"column":6},"end":{"line":38,"column":7}},"type":"if","locations":[{"start":{"line":19,"column":6},"end":{"line":38,"column":7}},{"start":{"line":27,"column":13},"end":{"line":38,"column":7}}],"line":19},"1":{"loc":{"start":{"line":56,"column":6},"end":{"line":58,"column":7}},"type":"if","locations":[{"start":{"line":56,"column":6},"end":{"line":58,"column":7}},{"start":{},"end":{}}],"line":56},"2":{"loc":{"start":{"line":65,"column":14},"end":{"line":65,"column":50}},"type":"binary-expr","locations":[{"start":{"line":65,"column":14},"end":{"line":65,"column":18}},{"start":{"line":65,"column":22},"end":{"line":65,"column":50}}],"line":65},"3":{"loc":{"start":{"line":277,"column":6},"end":{"line":279,"column":7}},"type":"if","locations":[{"start":{"line":277,"column":6},"end":{"line":279,"column":7}},{"start":{},"end":{}}],"line":277}},"s":{"0":5,"1":5,"2":5,"3":5,"4":5,"5":5,"6":5,"7":0,"8":5,"9":0,"10":0,"11":0,"12":0,"13":0,"14":0,"15":0,"16":0,"17":0,"18":0,"19":0,"20":0,"21":0,"22":0,"23":0,"24":0,"25":0,"26":0,"27":0,"28":0,"29":0,"30":0,"31":0,"32":5},"f":{"0":5,"1":5,"2":0,"3":0,"4":0,"5":0},"b":{"0":[5,0],"1":[0,0],"2":[0,0],"3":[0,0]},"_coverageSchema":"1a1c01bbd47fc00a2c39e90264f33305004495a9","hash":"3c6693c523afb505212e46e947d68a525ccc36c8"}
,"C:\\Users\\Admin\\Documents\\GitHub\\collabry\\backend\\src\\utils\\jwt.js": {"path":"C:\\Users\\Admin\\Documents\\GitHub\\collabry\\backend\\src\\utils\\jwt.js","statementMap":{"0":{"start":{"line":1,"column":12},"end":{"line":1,"column":35}},"1":{"start":{"line":2,"column":15},"end":{"line":2,"column":39}},"2":{"start":{"line":9,"column":24},"end":{"line":13,"column":1}},"3":{"start":{"line":10,"column":2},"end":{"line":12,"column":5}},"4":{"start":{"line":20,"column":25},"end":{"line":24,"column":1}},"5":{"start":{"line":21,"column":2},"end":{"line":23,"column":5}},"6":{"start":{"line":32,"column":26},"end":{"line":44,"column":1}},"7":{"start":{"line":33,"column":2},"end":{"line":43,"column":3}},"8":{"start":{"line":34,"column":4},"end":{"line":34,"column":54}},"9":{"start":{"line":36,"column":4},"end":{"line":38,"column":5}},"10":{"start":{"line":37,"column":6},"end":{"line":37,"column":46}},"11":{"start":{"line":39,"column":4},"end":{"line":41,"column":5}},"12":{"start":{"line":40,"column":6},"end":{"line":40,"column":46}},"13":{"start":{"line":42,"column":4},"end":{"line":42,"column":16}},"14":{"start":{"line":52,"column":27},"end":{"line":64,"column":1}},"15":{"start":{"line":53,"column":2},"end":{"line":63,"column":3}},"16":{"start":{"line":54,"column":4},"end":{"line":54,"column":55}},"17":{"start":{"line":56,"column":4},"end":{"line":58,"column":5}},"18":{"start":{"line":57,"column":6},"end":{"line":57,"column":47}},"19":{"start":{"line":59,"column":4},"end":{"line":61,"column":5}},"20":{"start":{"line":60,"column":6},"end":{"line":60,"column":47}},"21":{"start":{"line":62,"column":4},"end":{"line":62,"column":16}},"22":{"start":{"line":66,"column":0},"end":{"line":71,"column":2}}},"fnMap":{"0":{"name":"(anonymous_0)","decl":{"start":{"line":9,"column":24},"end":{"line":9,"column":25}},"loc":{"start":{"line":9,"column":37},"end":{"line":13,"column":1}},"line":9},"1":{"name":"(anonymous_1)","decl":{"start":{"line":20,"column":25},"end":{"line":20,"column":26}},"loc":{"start":{"line":20,"column":38},"end":{"line":24,"column":1}},"line":20},"2":{"name":"(anonymous_2)","decl":{"start":{"line":32,"column":26},"end":{"line":32,"column":27}},"loc":{"start":{"line":32,"column":37},"end":{"line":44,"column":1}},"line":32},"3":{"name":"(anonymous_3)","decl":{"start":{"line":52,"column":27},"end":{"line":52,"column":28}},"loc":{"start":{"line":52,"column":38},"end":{"line":64,"column":1}},"line":52}},"branchMap":{"0":{"loc":{"start":{"line":36,"column":4},"end":{"line":38,"column":5}},"type":"if","locations":[{"start":{"line":36,"column":4},"end":{"line":38,"column":5}},{"start":{},"end":{}}],"line":36},"1":{"loc":{"start":{"line":39,"column":4},"end":{"line":41,"column":5}},"type":"if","locations":[{"start":{"line":39,"column":4},"end":{"line":41,"column":5}},{"start":{},"end":{}}],"line":39},"2":{"loc":{"start":{"line":56,"column":4},"end":{"line":58,"column":5}},"type":"if","locations":[{"start":{"line":56,"column":4},"end":{"line":58,"column":5}},{"start":{},"end":{}}],"line":56},"3":{"loc":{"start":{"line":59,"column":4},"end":{"line":61,"column":5}},"type":"if","locations":[{"start":{"line":59,"column":4},"end":{"line":61,"column":5}},{"start":{},"end":{}}],"line":59}},"s":{"0":5,"1":5,"2":5,"3":68,"4":5,"5":68,"6":5,"7":19,"8":19,"9":1,"10":0,"11":1,"12":1,"13":0,"14":5,"15":2,"16":2,"17":1,"18":0,"19":1,"20":1,"21":0,"22":5},"f":{"0":68,"1":68,"2":19,"3":2},"b":{"0":[0,1],"1":[1,0],"2":[0,1],"3":[1,0]},"_coverageSchema":"1a1c01bbd47fc00a2c39e90264f33305004495a9","hash":"d1f9ea113a85fdd51119337e16ea15c7546389dd"}
}
