TN:
SF:src\app.js
FN:108,(anonymous_0)
FNF:1
FNH:0
FNDA:0,(anonymous_0)
DA:1,5
DA:2,5
DA:3,5
DA:4,5
DA:5,5
DA:6,5
DA:7,5
DA:8,5
DA:9,5
DA:10,5
DA:11,5
DA:12,5
DA:13,5
DA:14,5
DA:15,5
DA:16,5
DA:17,5
DA:18,5
DA:19,5
DA:20,5
DA:21,5
DA:22,5
DA:23,5
DA:24,5
DA:25,5
DA:26,5
DA:27,5
DA:29,5
DA:31,5
DA:34,5
DA:37,5
DA:56,5
DA:65,5
DA:73,5
DA:77,5
DA:80,5
DA:81,5
DA:82,5
DA:85,5
DA:86,5
DA:87,5
DA:88,5
DA:89,5
DA:90,5
DA:91,5
DA:92,5
DA:93,5
DA:94,5
DA:95,5
DA:96,5
DA:97,5
DA:98,5
DA:99,5
DA:100,5
DA:101,5
DA:102,5
DA:103,5
DA:104,5
DA:108,5
DA:109,0
DA:117,5
DA:118,5
DA:120,5
LF:63
LH:62
BRDA:58,0,0,0
BRDA:58,0,1,5
BRDA:67,1,0,0
BRDA:67,1,1,5
BRF:4
BRH:2
end_of_record
TN:
SF:src\controllers\admin.controller.js
FN:12,(anonymous_0)
FN:34,(anonymous_1)
FN:80,(anonymous_2)
FN:98,(anonymous_3)
FN:132,(anonymous_4)
FN:162,(anonymous_5)
FN:187,(anonymous_6)
FN:212,(anonymous_7)
FN:226,(anonymous_8)
FN:247,(anonymous_9)
FN:261,(anonymous_10)
FN:275,(anonymous_11)
FN:289,(anonymous_12)
FN:293,(anonymous_13)
FNF:14
FNH:0
FNDA:0,(anonymous_0)
FNDA:0,(anonymous_1)
FNDA:0,(anonymous_2)
FNDA:0,(anonymous_3)
FNDA:0,(anonymous_4)
FNDA:0,(anonymous_5)
FNDA:0,(anonymous_6)
FNDA:0,(anonymous_7)
FNDA:0,(anonymous_8)
FNDA:0,(anonymous_9)
FNDA:0,(anonymous_10)
FNDA:0,(anonymous_11)
FNDA:0,(anonymous_12)
FNDA:0,(anonymous_13)
DA:1,5
DA:2,5
DA:3,5
DA:4,5
DA:5,5
DA:12,5
DA:13,0
DA:14,0
DA:16,0
DA:34,5
DA:35,0
DA:38,0
DA:40,0
DA:41,0
DA:47,0
DA:48,0
DA:51,0
DA:52,0
DA:56,0
DA:62,0
DA:64,0
DA:80,5
DA:81,0
DA:83,0
DA:84,0
DA:87,0
DA:98,5
DA:99,0
DA:102,0
DA:103,0
DA:107,0
DA:108,0
DA:109,0
DA:113,0
DA:120,0
DA:132,5
DA:133,0
DA:135,0
DA:137,0
DA:138,0
DA:142,0
DA:143,0
DA:144,0
DA:145,0
DA:146,0
DA:148,0
DA:150,0
DA:162,5
DA:163,0
DA:165,0
DA:166,0
DA:170,0
DA:171,0
DA:174,0
DA:176,0
DA:187,5
DA:188,0
DA:198,0
DA:200,0
DA:212,5
DA:213,0
DA:215,0
DA:226,5
DA:227,0
DA:229,0
DA:230,0
DA:233,0
DA:235,0
DA:247,5
DA:248,0
DA:250,0
DA:261,5
DA:262,0
DA:264,0
DA:275,5
DA:276,0
DA:278,0
DA:289,5
DA:290,0
DA:293,0
DA:294,0
DA:295,0
DA:299,0
DA:300,0
DA:302,0
DA:304,0
DA:311,5
LF:87
LH:19
BRDA:35,0,0,0
BRDA:35,1,0,0
BRDA:35,2,0,0
BRDA:35,3,0,0
BRDA:35,4,0,0
BRDA:40,5,0,0
BRDA:40,5,1,0
BRDA:47,6,0,0
BRDA:47,6,1,0
BRDA:51,7,0,0
BRDA:51,7,1,0
BRDA:83,8,0,0
BRDA:83,8,1,0
BRDA:102,9,0,0
BRDA:102,9,1,0
BRDA:102,10,0,0
BRDA:102,10,1,0
BRDA:102,10,2,0
BRDA:108,11,0,0
BRDA:108,11,1,0
BRDA:117,12,0,0
BRDA:117,12,1,0
BRDA:137,13,0,0
BRDA:137,13,1,0
BRDA:142,14,0,0
BRDA:142,14,1,0
BRDA:143,15,0,0
BRDA:143,15,1,0
BRDA:144,16,0,0
BRDA:144,16,1,0
BRDA:145,17,0,0
BRDA:145,17,1,0
BRDA:146,18,0,0
BRDA:146,18,1,0
BRDA:165,19,0,0
BRDA:165,19,1,0
BRDA:170,20,0,0
BRDA:170,20,1,0
BRDA:189,21,0,0
BRDA:189,21,1,0
BRDA:190,22,0,0
BRDA:190,22,1,0
BRDA:191,23,0,0
BRDA:191,23,1,0
BRDA:192,24,0,0
BRDA:192,24,1,0
BRDA:193,25,0,0
BRDA:193,25,1,0
BRDA:194,26,0,0
BRDA:194,26,1,0
BRDA:195,27,0,0
BRDA:195,27,1,0
BRDA:229,28,0,0
BRDA:229,28,1,0
BRDA:294,29,0,0
BRDA:294,29,1,0
BRF:56
BRH:0
end_of_record
TN:
SF:src\controllers\auth.controller.js
FN:9,(anonymous_0)
FN:39,(anonymous_1)
FN:61,(anonymous_2)
FN:83,(anonymous_3)
FN:98,(anonymous_4)
FN:114,(anonymous_5)
FNF:6
FNH:3
FNDA:69,(anonymous_0)
FNDA:4,(anonymous_1)
FNDA:3,(anonymous_2)
FNDA:0,(anonymous_3)
FNDA:0,(anonymous_4)
FNDA:0,(anonymous_5)
DA:1,5
DA:2,5
DA:9,5
DA:10,69
DA:13,69
DA:14,1
DA:21,68
DA:23,66
DA:39,5
DA:40,4
DA:43,4
DA:45,1
DA:61,5
DA:62,3
DA:65,3
DA:67,1
DA:83,5
DA:87,0
DA:98,5
DA:99,0
DA:101,0
DA:103,0
DA:114,5
DA:115,0
DA:117,0
DA:119,0
DA:125,5
LF:27
LH:20
BRDA:13,0,0,1
BRDA:13,0,1,68
BRDA:13,1,0,69
BRDA:13,1,1,68
BRDA:13,1,2,68
BRF:5
BRH:5
end_of_record
TN:
SF:src\controllers\board.controller.js
FN:13,(anonymous_0)
FN:27,(anonymous_1)
FN:52,(anonymous_2)
FN:66,(anonymous_3)
FN:84,(anonymous_4)
FN:98,(anonymous_5)
FN:113,(anonymous_6)
FN:131,(anonymous_7)
FN:174,(anonymous_8)
FN:192,(anonymous_9)
FN:217,(anonymous_10)
FN:262,(anonymous_11)
FNF:12
FNH:0
FNDA:0,(anonymous_0)
FNDA:0,(anonymous_1)
FNDA:0,(anonymous_2)
FNDA:0,(anonymous_3)
FNDA:0,(anonymous_4)
FNDA:0,(anonymous_5)
FNDA:0,(anonymous_6)
FNDA:0,(anonymous_7)
FNDA:0,(anonymous_8)
FNDA:0,(anonymous_9)
FNDA:0,(anonymous_10)
FNDA:0,(anonymous_11)
DA:1,5
DA:2,5
DA:3,5
DA:4,5
DA:5,5
DA:6,5
DA:13,5
DA:14,0
DA:16,0
DA:27,5
DA:28,0
DA:37,0
DA:39,0
DA:52,5
DA:53,0
DA:55,0
DA:66,5
DA:67,0
DA:73,0
DA:84,5
DA:85,0
DA:87,0
DA:98,5
DA:99,0
DA:100,0
DA:102,0
DA:113,5
DA:114,0
DA:120,0
DA:131,5
DA:132,0
DA:134,0
DA:135,0
DA:138,0
DA:144,0
DA:145,0
DA:146,0
DA:147,0
DA:149,0
DA:150,0
DA:156,0
DA:157,0
DA:160,0
DA:163,0
DA:174,5
DA:175,0
DA:181,0
DA:192,5
DA:193,0
DA:195,0
DA:196,0
DA:199,0
DA:206,0
DA:217,5
DA:218,0
DA:220,0
DA:228,0
DA:229,0
DA:230,0
DA:231,0
DA:233,0
DA:234,0
DA:235,0
DA:237,0
DA:243,0
DA:244,0
DA:247,0
DA:250,0
DA:262,5
DA:263,0
DA:265,0
DA:266,0
DA:269,0
DA:274,0
DA:276,0
LF:75
LH:18
BRDA:30,0,0,0
BRDA:30,0,1,0
BRDA:31,1,0,0
BRDA:31,1,1,0
BRDA:32,2,0,0
BRDA:32,2,1,0
BRDA:33,3,0,0
BRDA:33,3,1,0
BRDA:34,4,0,0
BRDA:34,4,1,0
BRDA:134,5,0,0
BRDA:134,5,1,0
BRDA:140,6,0,0
BRDA:140,6,1,0
BRDA:149,7,0,0
BRDA:149,7,1,0
BRDA:149,8,0,0
BRDA:149,8,1,0
BRDA:195,9,0,0
BRDA:195,9,1,0
BRDA:218,10,0,0
BRDA:233,11,0,0
BRDA:233,11,1,0
BRDA:233,12,0,0
BRDA:233,12,1,0
BRDA:265,13,0,0
BRDA:265,13,1,0
BRDA:270,14,0,0
BRDA:270,14,1,0
BRDA:271,15,0,0
BRDA:271,15,1,0
BRF:31
BRH:0
end_of_record
TN:
SF:src\controllers\chat.controller.js
FN:6,(anonymous_0)
FN:14,(anonymous_1)
FN:30,(anonymous_2)
FN:38,(anonymous_3)
FN:48,(anonymous_4)
FN:59,(anonymous_5)
FNF:6
FNH:0
FNDA:0,(anonymous_0)
FNDA:0,(anonymous_1)
FNDA:0,(anonymous_2)
FNDA:0,(anonymous_3)
FNDA:0,(anonymous_4)
FNDA:0,(anonymous_5)
DA:1,5
DA:2,5
DA:6,5
DA:7,0
DA:8,0
DA:10,0
DA:14,5
DA:15,0
DA:16,0
DA:17,0
DA:18,0
DA:20,0
DA:21,0
DA:24,0
DA:26,0
DA:30,5
DA:31,0
DA:32,0
DA:34,0
DA:38,5
DA:39,0
DA:40,0
DA:42,0
DA:44,0
DA:48,5
DA:49,0
DA:50,0
DA:51,0
DA:53,0
DA:55,0
DA:59,5
DA:60,0
DA:61,0
DA:63,0
DA:65,0
DA:69,5
LF:36
LH:9
BRDA:17,0,0,0
BRDA:17,0,1,0
BRDA:20,1,0,0
BRDA:20,1,1,0
BRF:4
BRH:0
end_of_record
TN:
SF:src\controllers\coupon.controller.js
FN:8,(anonymous_0)
FN:61,(anonymous_1)
FN:97,(anonymous_2)
FN:153,(anonymous_3)
FN:189,(anonymous_4)
FN:220,(anonymous_5)
FN:246,(anonymous_6)
FN:271,(anonymous_7)
FN:295,(anonymous_8)
FN:319,(anonymous_9)
FN:343,(anonymous_10)
FNF:11
FNH:0
FNDA:0,(anonymous_0)
FNDA:0,(anonymous_1)
FNDA:0,(anonymous_2)
FNDA:0,(anonymous_3)
FNDA:0,(anonymous_4)
FNDA:0,(anonymous_5)
FNDA:0,(anonymous_6)
FNDA:0,(anonymous_7)
FNDA:0,(anonymous_8)
FNDA:0,(anonymous_9)
FNDA:0,(anonymous_10)
DA:1,5
DA:8,5
DA:9,0
DA:10,0
DA:11,0
DA:13,0
DA:14,0
DA:20,0
DA:21,0
DA:27,0
DA:28,0
DA:34,0
DA:36,0
DA:37,0
DA:43,0
DA:48,0
DA:49,0
DA:61,5
DA:62,0
DA:63,0
DA:65,0
DA:67,0
DA:68,0
DA:75,0
DA:77,0
DA:82,0
DA:83,0
DA:97,5
DA:98,0
DA:99,0
DA:100,0
DA:103,0
DA:104,0
DA:110,0
DA:111,0
DA:117,0
DA:118,0
DA:125,0
DA:126,0
DA:132,0
DA:134,0
DA:140,0
DA:141,0
DA:153,5
DA:154,0
DA:155,0
DA:157,0
DA:158,0
DA:159,0
DA:161,0
DA:162,0
DA:164,0
DA:165,0
DA:168,0
DA:170,0
DA:176,0
DA:177,0
DA:189,5
DA:190,0
DA:191,0
DA:193,0
DA:195,0
DA:196,0
DA:202,0
DA:207,0
DA:208,0
DA:220,5
DA:221,0
DA:222,0
DA:223,0
DA:225,0
DA:227,0
DA:233,0
DA:234,0
DA:246,5
DA:247,0
DA:248,0
DA:250,0
DA:252,0
DA:258,0
DA:259,0
DA:271,5
DA:272,0
DA:273,0
DA:275,0
DA:277,0
DA:282,0
DA:283,0
DA:295,5
DA:296,0
DA:297,0
DA:299,0
DA:301,0
DA:306,0
DA:307,0
DA:319,5
DA:320,0
DA:321,0
DA:323,0
DA:325,0
DA:330,0
DA:331,0
DA:343,5
DA:344,0
DA:345,0
DA:346,0
DA:348,0
DA:349,0
DA:355,0
DA:357,0
DA:364,0
DA:365,0
DA:373,5
LF:113
LH:13
BRDA:11,0,0,0
BRDA:11,0,1,0
BRDA:13,1,0,0
BRDA:13,1,1,0
BRDA:20,2,0,0
BRDA:20,2,1,0
BRDA:27,3,0,0
BRDA:27,3,1,0
BRDA:27,4,0,0
BRDA:27,4,1,0
BRDA:36,5,0,0
BRDA:36,5,1,0
BRDA:67,6,0,0
BRDA:67,6,1,0
BRDA:67,7,0,0
BRDA:67,7,1,0
BRDA:99,8,0,0
BRDA:99,8,1,0
BRDA:103,9,0,0
BRDA:103,9,1,0
BRDA:110,10,0,0
BRDA:110,10,1,0
BRDA:110,11,0,0
BRDA:110,11,1,0
BRDA:117,12,0,0
BRDA:117,12,1,0
BRDA:125,13,0,0
BRDA:125,13,1,0
BRDA:125,14,0,0
BRDA:125,14,1,0
BRDA:158,15,0,0
BRDA:158,15,1,0
BRDA:161,16,0,0
BRDA:161,16,1,0
BRDA:164,17,0,0
BRDA:164,17,1,0
BRDA:195,18,0,0
BRDA:195,18,1,0
BRDA:345,19,0,0
BRDA:345,19,1,0
BRDA:348,20,0,0
BRDA:348,20,1,0
BRDA:348,21,0,0
BRDA:348,21,1,0
BRDA:348,21,2,0
BRF:45
BRH:0
end_of_record
TN:
SF:src\controllers\focus.controller.js
FN:8,(anonymous_0)
FN:35,(anonymous_1)
FN:66,(anonymous_2)
FN:104,(anonymous_3)
FN:140,(anonymous_4)
FN:172,(anonymous_5)
FN:204,(anonymous_6)
FN:242,(anonymous_7)
FN:274,(anonymous_8)
FN:291,(anonymous_9)
FN:317,(anonymous_10)
FNF:11
FNH:0
FNDA:0,(anonymous_0)
FNDA:0,(anonymous_1)
FNDA:0,(anonymous_2)
FNDA:0,(anonymous_3)
FNDA:0,(anonymous_4)
FNDA:0,(anonymous_5)
FNDA:0,(anonymous_6)
FNDA:0,(anonymous_7)
FNDA:0,(anonymous_8)
FNDA:0,(anonymous_9)
FNDA:0,(anonymous_10)
DA:1,5
DA:2,5
DA:8,5
DA:9,0
DA:10,0
DA:19,0
DA:21,0
DA:27,0
DA:35,5
DA:36,0
DA:37,0
DA:38,0
DA:39,0
DA:45,0
DA:47,0
DA:52,0
DA:53,0
DA:58,0
DA:66,5
DA:67,0
DA:68,0
DA:69,0
DA:70,0
DA:76,0
DA:78,0
DA:84,0
DA:90,0
DA:91,0
DA:96,0
DA:104,5
DA:105,0
DA:106,0
DA:107,0
DA:108,0
DA:114,0
DA:120,0
DA:126,0
DA:127,0
DA:132,0
DA:140,5
DA:141,0
DA:142,0
DA:143,0
DA:144,0
DA:150,0
DA:152,0
DA:158,0
DA:159,0
DA:164,0
DA:172,5
DA:173,0
DA:174,0
DA:175,0
DA:176,0
DA:182,0
DA:184,0
DA:190,0
DA:191,0
DA:196,0
DA:204,5
DA:205,0
DA:206,0
DA:207,0
DA:208,0
DA:214,0
DA:216,0
DA:222,0
DA:228,0
DA:229,0
DA:234,0
DA:242,5
DA:243,0
DA:244,0
DA:245,0
DA:246,0
DA:252,0
DA:254,0
DA:260,0
DA:261,0
DA:266,0
DA:274,5
DA:275,0
DA:276,0
DA:278,0
DA:283,0
DA:291,5
DA:292,0
DA:293,0
DA:294,0
DA:295,0
DA:301,0
DA:303,0
DA:309,0
DA:317,5
DA:318,0
DA:319,0
DA:320,0
DA:322,0
DA:327,0
LF:99
LH:13
BRDA:38,0,0,0
BRDA:38,0,1,0
BRDA:52,1,0,0
BRDA:52,1,1,0
BRDA:69,2,0,0
BRDA:69,2,1,0
BRDA:90,3,0,0
BRDA:90,3,1,0
BRDA:107,4,0,0
BRDA:107,4,1,0
BRDA:126,5,0,0
BRDA:126,5,1,0
BRDA:143,6,0,0
BRDA:143,6,1,0
BRDA:158,7,0,0
BRDA:158,7,1,0
BRDA:175,8,0,0
BRDA:175,8,1,0
BRDA:190,9,0,0
BRDA:190,9,1,0
BRDA:207,10,0,0
BRDA:207,10,1,0
BRDA:228,11,0,0
BRDA:228,11,1,0
BRDA:245,12,0,0
BRDA:245,12,1,0
BRDA:260,13,0,0
BRDA:260,13,1,0
BRDA:294,14,0,0
BRDA:294,14,1,0
BRDA:319,15,0,0
BRDA:319,15,1,0
BRF:32
BRH:0
end_of_record
TN:
SF:src\controllers\friend.controller.js
FN:6,(anonymous_0)
FN:19,(anonymous_1)
FN:32,(anonymous_2)
FN:45,(anonymous_3)
FN:55,(anonymous_4)
FN:64,(anonymous_5)
FN:73,(anonymous_6)
FN:82,(anonymous_7)
FN:92,(anonymous_8)
FN:106,(anonymous_9)
FN:119,(anonymous_10)
FNF:11
FNH:0
FNDA:0,(anonymous_0)
FNDA:0,(anonymous_1)
FNDA:0,(anonymous_2)
FNDA:0,(anonymous_3)
FNDA:0,(anonymous_4)
FNDA:0,(anonymous_5)
FNDA:0,(anonymous_6)
FNDA:0,(anonymous_7)
FNDA:0,(anonymous_8)
FNDA:0,(anonymous_9)
FNDA:0,(anonymous_10)
DA:1,5
DA:2,5
DA:6,5
DA:7,0
DA:8,0
DA:10,0
DA:12,0
DA:19,5
DA:20,0
DA:21,0
DA:23,0
DA:25,0
DA:32,5
DA:33,0
DA:34,0
DA:36,0
DA:38,0
DA:45,5
DA:46,0
DA:47,0
DA:49,0
DA:51,0
DA:55,5
DA:56,0
DA:58,0
DA:60,0
DA:64,5
DA:65,0
DA:67,0
DA:69,0
DA:73,5
DA:74,0
DA:76,0
DA:78,0
DA:82,5
DA:83,0
DA:84,0
DA:86,0
DA:88,0
DA:92,5
DA:93,0
DA:94,0
DA:96,0
DA:97,0
DA:100,0
DA:102,0
DA:106,5
DA:107,0
DA:108,0
DA:110,0
DA:112,0
DA:119,5
DA:120,0
DA:121,0
DA:123,0
DA:125,0
DA:132,5
LF:57
LH:14
BRDA:96,0,0,0
BRDA:96,0,1,0
BRDA:96,1,0,0
BRDA:96,1,1,0
BRF:4
BRH:0
end_of_record
TN:
SF:src\controllers\gamification.controller.js
FN:6,(anonymous_0)
FN:26,(anonymous_1)
FN:46,(anonymous_2)
FN:71,(anonymous_3)
FN:91,(anonymous_4)
FNF:5
FNH:0
FNDA:0,(anonymous_0)
FNDA:0,(anonymous_1)
FNDA:0,(anonymous_2)
FNDA:0,(anonymous_3)
FNDA:0,(anonymous_4)
DA:1,5
DA:6,5
DA:7,0
DA:8,0
DA:10,0
DA:15,0
DA:16,0
DA:26,5
DA:27,0
DA:28,0
DA:30,0
DA:35,0
DA:36,0
DA:46,5
DA:47,0
DA:48,0
DA:50,0
DA:55,0
DA:60,0
DA:61,0
DA:71,5
DA:72,0
DA:73,0
DA:75,0
DA:80,0
DA:81,0
DA:91,5
DA:92,0
DA:93,0
DA:95,0
DA:96,0
DA:102,0
DA:103,0
DA:105,0
DA:106,0
DA:112,0
DA:113,0
DA:115,0
DA:126,0
DA:127,0
LF:40
LH:6
BRDA:18,0,0,0
BRDA:18,0,1,0
BRDA:38,1,0,0
BRDA:38,1,1,0
BRDA:48,2,0,0
BRDA:48,3,0,0
BRDA:63,4,0,0
BRDA:63,4,1,0
BRDA:83,5,0,0
BRDA:83,5,1,0
BRDA:95,6,0,0
BRDA:95,6,1,0
BRDA:95,7,0,0
BRDA:95,7,1,0
BRDA:105,8,0,0
BRDA:105,8,1,0
BRDA:117,9,0,0
BRDA:117,9,1,0
BRDA:129,10,0,0
BRDA:129,10,1,0
BRF:20
BRH:0
end_of_record
TN:
SF:src\controllers\generate.controller.js
FN:10,(anonymous_0)
FN:139,(anonymous_1)
FNF:2
FNH:0
FNDA:0,(anonymous_0)
FNDA:0,(anonymous_1)
DA:1,5
DA:2,5
DA:3,5
DA:11,0
DA:12,0
DA:13,0
DA:14,0
DA:16,0
DA:30,0
DA:31,0
DA:32,0
DA:41,0
DA:42,0
DA:43,0
DA:55,0
DA:58,0
DA:59,0
DA:66,0
DA:78,0
DA:84,0
DA:85,0
DA:86,0
DA:87,0
DA:102,0
DA:110,0
DA:115,0
DA:117,0
DA:126,0
DA:131,0
DA:140,0
DA:141,0
DA:142,0
DA:143,0
DA:146,0
DA:149,0
DA:150,0
DA:161,0
DA:162,0
DA:163,0
DA:171,0
DA:176,0
DA:178,0
DA:187,0
DA:192,0
DA:197,5
LF:45
LH:4
BRDA:31,0,0,0
BRDA:31,0,1,0
BRDA:41,1,0,0
BRDA:41,1,1,0
BRDA:46,2,0,0
BRDA:46,2,1,0
BRDA:47,3,0,0
BRDA:47,3,1,0
BRDA:48,4,0,0
BRDA:48,4,1,0
BRDA:49,5,0,0
BRDA:49,5,1,0
BRDA:55,6,0,0
BRDA:55,6,1,0
BRDA:58,7,0,0
BRDA:58,7,1,0
BRDA:69,8,0,0
BRDA:69,8,1,0
BRDA:70,9,0,0
BRDA:70,9,1,0
BRDA:71,10,0,0
BRDA:71,10,1,0
BRDA:72,11,0,0
BRDA:72,11,1,0
BRDA:84,12,0,0
BRDA:84,12,1,0
BRDA:88,13,0,0
BRDA:88,13,1,0
BRDA:88,14,0,0
BRDA:88,14,1,0
BRDA:90,15,0,0
BRDA:90,15,1,0
BRDA:92,16,0,0
BRDA:92,16,1,0
BRDA:146,17,0,0
BRDA:146,17,1,0
BRDA:153,18,0,0
BRDA:153,18,1,0
BRDA:154,19,0,0
BRDA:154,19,1,0
BRDA:161,20,0,0
BRDA:161,20,1,0
BRDA:166,21,0,0
BRDA:166,21,1,0
BRF:44
BRH:0
end_of_record
TN:
SF:src\controllers\group.controller.js
FN:6,(anonymous_0)
FN:17,(anonymous_1)
FN:25,(anonymous_2)
FN:35,(anonymous_3)
FN:48,(anonymous_4)
FN:58,(anonymous_5)
FN:72,(anonymous_6)
FN:85,(anonymous_7)
FN:98,(anonymous_8)
FN:111,(anonymous_9)
FN:124,(anonymous_10)
FN:134,(anonymous_11)
FNF:12
FNH:0
FNDA:0,(anonymous_0)
FNDA:0,(anonymous_1)
FNDA:0,(anonymous_2)
FNDA:0,(anonymous_3)
FNDA:0,(anonymous_4)
FNDA:0,(anonymous_5)
FNDA:0,(anonymous_6)
FNDA:0,(anonymous_7)
FNDA:0,(anonymous_8)
FNDA:0,(anonymous_9)
FNDA:0,(anonymous_10)
FNDA:0,(anonymous_11)
DA:1,5
DA:2,5
DA:6,5
DA:7,0
DA:8,0
DA:10,0
DA:17,5
DA:18,0
DA:19,0
DA:21,0
DA:25,5
DA:26,0
DA:27,0
DA:29,0
DA:31,0
DA:35,5
DA:36,0
DA:37,0
DA:39,0
DA:41,0
DA:48,5
DA:49,0
DA:50,0
DA:52,0
DA:54,0
DA:58,5
DA:59,0
DA:60,0
DA:61,0
DA:63,0
DA:65,0
DA:72,5
DA:73,0
DA:74,0
DA:76,0
DA:78,0
DA:85,5
DA:86,0
DA:87,0
DA:89,0
DA:91,0
DA:98,5
DA:99,0
DA:100,0
DA:102,0
DA:104,0
DA:111,5
DA:112,0
DA:113,0
DA:115,0
DA:117,0
DA:124,5
DA:125,0
DA:126,0
DA:128,0
DA:130,0
DA:134,5
DA:135,0
DA:136,0
DA:138,0
DA:140,0
DA:147,5
LF:62
LH:15
BRF:0
BRH:0
end_of_record
TN:
SF:src\controllers\healthController.js
FN:8,(anonymous_0)
FNF:1
FNH:0
FNDA:0,(anonymous_0)
DA:1,5
DA:8,5
DA:9,0
DA:17,5
LF:4
LH:3
BRF:0
BRH:0
end_of_record
TN:
SF:src\controllers\invoice.controller.js
FN:12,(anonymous_0)
FN:44,(anonymous_1)
FN:76,(anonymous_2)
FN:90,(anonymous_3)
FNF:4
FNH:0
FNDA:0,(anonymous_0)
FNDA:0,(anonymous_1)
FNDA:0,(anonymous_2)
FNDA:0,(anonymous_3)
DA:1,5
DA:2,5
DA:3,5
DA:4,5
DA:5,5
DA:12,5
DA:13,0
DA:16,0
DA:17,0
DA:18,0
DA:24,0
DA:25,0
DA:31,0
DA:33,0
DA:44,5
DA:45,0
DA:48,0
DA:49,0
DA:50,0
DA:56,0
DA:57,0
DA:63,0
DA:65,0
DA:76,5
DA:77,0
DA:79,0
DA:90,5
DA:91,0
DA:94,0
DA:95,0
DA:96,0
DA:102,0
DA:103,0
DA:109,0
DA:110,0
DA:116,0
DA:118,0
DA:119,0
DA:125,0
DA:128,5
LF:40
LH:10
BRDA:17,0,0,0
BRDA:17,0,1,0
BRDA:24,1,0,0
BRDA:24,1,1,0
BRDA:49,2,0,0
BRDA:49,2,1,0
BRDA:56,3,0,0
BRDA:56,3,1,0
BRDA:95,4,0,0
BRDA:95,4,1,0
BRDA:102,5,0,0
BRDA:102,5,1,0
BRDA:109,6,0,0
BRDA:109,6,1,0
BRDA:118,7,0,0
BRDA:118,7,1,0
BRF:16
BRH:0
end_of_record
TN:
SF:src\controllers\mindmap.controller.js
FN:11,(anonymous_0)
FN:42,(anonymous_1)
FN:67,(anonymous_2)
FN:88,(anonymous_3)
FN:116,(anonymous_4)
FN:137,(anonymous_5)
FN:158,(anonymous_6)
FN:180,(anonymous_7)
FNF:8
FNH:0
FNDA:0,(anonymous_0)
FNDA:0,(anonymous_1)
FNDA:0,(anonymous_2)
FNDA:0,(anonymous_3)
FNDA:0,(anonymous_4)
FNDA:0,(anonymous_5)
FNDA:0,(anonymous_6)
FNDA:0,(anonymous_7)
DA:1,5
DA:2,5
DA:3,5
DA:4,5
DA:12,0
DA:13,0
DA:14,0
DA:17,0
DA:18,0
DA:23,0
DA:24,0
DA:26,0
DA:29,0
DA:34,0
DA:43,0
DA:44,0
DA:45,0
DA:47,0
DA:53,0
DA:59,0
DA:68,0
DA:69,0
DA:70,0
DA:71,0
DA:73,0
DA:75,0
DA:80,0
DA:89,0
DA:90,0
DA:91,0
DA:92,0
DA:93,0
DA:95,0
DA:103,0
DA:108,0
DA:117,0
DA:118,0
DA:119,0
DA:120,0
DA:122,0
DA:124,0
DA:129,0
DA:138,0
DA:139,0
DA:140,0
DA:141,0
DA:143,0
DA:145,0
DA:150,0
DA:159,0
DA:160,0
DA:161,0
DA:162,0
DA:164,0
DA:166,0
DA:172,0
DA:181,0
DA:182,0
DA:183,0
DA:184,0
DA:186,0
DA:188,0
DA:193,0
DA:198,5
LF:64
LH:5
BRF:0
BRH:0
end_of_record
TN:
SF:src\controllers\notebook.controller.js
FN:24,extractSourceContent
FN:66,normalizeWebsiteUrl
FN:81,extractTextFromHtml
FN:113,scrapeWebsite
FN:127,(anonymous_4)
FN:157,ingestSourceToRAG
FN:216,(anonymous_6)
FN:274,(anonymous_7)
FN:294,(anonymous_8)
FN:336,(anonymous_9)
FN:373,(anonymous_10)
FN:401,(anonymous_11)
FN:457,(anonymous_12)
FN:561,(anonymous_13)
FN:615,(anonymous_14)
FN:645,(anonymous_15)
FN:685,(anonymous_16)
FN:710,(anonymous_17)
FN:742,(anonymous_18)
FN:772,(anonymous_19)
FN:782,(anonymous_20)
FNF:21
FNH:0
FNDA:0,extractSourceContent
FNDA:0,normalizeWebsiteUrl
FNDA:0,extractTextFromHtml
FNDA:0,scrapeWebsite
FNDA:0,(anonymous_4)
FNDA:0,ingestSourceToRAG
FNDA:0,(anonymous_6)
FNDA:0,(anonymous_7)
FNDA:0,(anonymous_8)
FNDA:0,(anonymous_9)
FNDA:0,(anonymous_10)
FNDA:0,(anonymous_11)
FNDA:0,(anonymous_12)
FNDA:0,(anonymous_13)
FNDA:0,(anonymous_14)
FNDA:0,(anonymous_15)
FNDA:0,(anonymous_16)
FNDA:0,(anonymous_17)
FNDA:0,(anonymous_18)
FNDA:0,(anonymous_19)
FNDA:0,(anonymous_20)
DA:1,5
DA:2,5
DA:3,5
DA:4,5
DA:5,5
DA:6,5
DA:7,5
DA:8,5
DA:9,5
DA:10,5
DA:11,5
DA:12,5
DA:13,5
DA:15,5
DA:18,5
DA:19,5
DA:25,0
DA:26,0
DA:27,0
DA:28,0
DA:29,0
DA:30,0
DA:33,0
DA:36,0
DA:40,0
DA:42,0
DA:44,0
DA:45,0
DA:46,0
DA:49,0
DA:51,0
DA:53,0
DA:56,0
DA:57,0
DA:58,0
DA:59,0
DA:61,0
DA:63,0
DA:67,0
DA:68,0
DA:71,0
DA:72,0
DA:73,0
DA:74,0
DA:75,0
DA:77,0
DA:82,0
DA:85,0
DA:88,0
DA:89,0
DA:90,0
DA:91,0
DA:92,0
DA:93,0
DA:94,0
DA:95,0
DA:98,0
DA:99,0
DA:103,0
DA:110,0
DA:114,0
DA:115,0
DA:116,0
DA:119,0
DA:127,0
DA:130,0
DA:131,0
DA:133,0
DA:136,0
DA:137,0
DA:139,0
DA:140,0
DA:144,0
DA:145,0
DA:147,0
DA:158,0
DA:159,0
DA:160,0
DA:161,0
DA:164,0
DA:166,0
DA:169,0
DA:170,0
DA:171,0
DA:175,0
DA:176,0
DA:177,0
DA:181,0
DA:183,0
DA:205,0
DA:206,0
DA:207,0
DA:210,0
DA:211,0
DA:212,0
DA:213,0
DA:215,0
DA:216,0
DA:217,0
DA:219,0
DA:220,0
DA:227,0
DA:228,0
DA:231,0
DA:232,0
DA:233,0
DA:234,0
DA:237,0
DA:239,0
DA:240,0
DA:241,0
DA:243,0
DA:247,0
DA:248,0
DA:249,0
DA:250,0
DA:252,0
DA:254,0
DA:256,0
DA:257,0
DA:258,0
DA:259,0
DA:260,0
DA:261,0
DA:263,0
DA:274,5
DA:275,0
DA:282,0
DA:294,5
DA:295,0
DA:300,0
DA:301,0
DA:305,0
DA:306,0
DA:307,0
DA:308,0
DA:313,0
DA:314,0
DA:316,0
DA:322,0
DA:323,0
DA:325,0
DA:336,5
DA:337,0
DA:340,0
DA:341,0
DA:343,0
DA:344,0
DA:349,0
DA:351,0
DA:355,0
DA:362,0
DA:373,5
DA:374,0
DA:376,0
DA:381,0
DA:382,0
DA:385,0
DA:386,0
DA:388,0
DA:390,0
DA:401,5
DA:402,0
DA:407,0
DA:408,0
DA:412,0
DA:413,0
DA:414,0
DA:415,0
DA:417,0
DA:423,0
DA:424,0
DA:425,0
DA:427,0
DA:433,0
DA:438,0
DA:440,0
DA:444,0
DA:446,0
DA:457,5
DA:458,0
DA:463,0
DA:464,0
DA:467,0
DA:468,0
DA:470,0
DA:478,0
DA:479,0
DA:480,0
DA:484,0
DA:485,0
DA:486,0
DA:488,0
DA:489,0
DA:490,0
DA:491,0
DA:492,0
DA:496,0
DA:497,0
DA:498,0
DA:499,0
DA:502,0
DA:503,0
DA:504,0
DA:505,0
DA:507,0
DA:508,0
DA:509,0
DA:511,0
DA:512,0
DA:514,0
DA:517,0
DA:518,0
DA:521,0
DA:524,0
DA:527,0
DA:528,0
DA:529,0
DA:530,0
DA:533,0
DA:534,0
DA:539,0
DA:540,0
DA:542,0
DA:545,0
DA:550,0
DA:561,5
DA:562,0
DA:567,0
DA:568,0
DA:571,0
DA:573,0
DA:574,0
DA:578,0
DA:579,0
DA:580,0
DA:581,0
DA:583,0
DA:588,0
DA:589,0
DA:590,0
DA:591,0
DA:595,0
DA:597,0
DA:601,0
DA:602,0
DA:604,0
DA:615,5
DA:616,0
DA:621,0
DA:622,0
DA:625,0
DA:627,0
DA:628,0
DA:631,0
DA:632,0
DA:634,0
DA:645,5
DA:646,0
DA:651,0
DA:652,0
DA:655,0
DA:657,0
DA:658,0
DA:661,0
DA:663,0
DA:664,0
DA:666,0
DA:669,0
DA:685,5
DA:686,0
DA:691,0
DA:692,0
DA:695,0
DA:698,0
DA:700,0
DA:701,0
DA:702,0
DA:704,0
DA:705,0
DA:709,0
DA:710,0
DA:713,0
DA:714,0
DA:721,0
DA:727,0
DA:729,0
DA:731,0
DA:742,5
DA:743,0
DA:748,0
DA:749,0
DA:752,0
DA:754,0
DA:755,0
DA:758,0
DA:759,0
DA:761,0
DA:772,5
DA:773,0
DA:778,0
DA:779,0
DA:782,0
DA:783,0
DA:785,0
DA:786,0
DA:788,0
DA:789,0
DA:791,0
DA:794,0
DA:802,0
DA:812,5
LF:312
LH:29
BRDA:15,0,0,5
BRDA:15,0,1,0
BRDA:25,1,0,0
BRDA:25,1,1,0
BRDA:25,2,0,0
BRDA:25,2,1,0
BRDA:26,3,0,0
BRDA:26,3,1,0
BRDA:27,4,0,0
BRDA:27,4,1,0
BRDA:27,5,0,0
BRDA:27,5,1,0
BRDA:28,6,0,0
BRDA:28,6,1,0
BRDA:44,7,0,0
BRDA:44,7,1,0
BRDA:44,8,0,0
BRDA:44,8,1,0
BRDA:57,9,0,0
BRDA:57,9,1,0
BRDA:58,10,0,0
BRDA:58,10,1,0
BRDA:58,11,0,0
BRDA:58,11,1,0
BRDA:58,11,2,0
BRDA:67,12,0,0
BRDA:67,12,1,0
BRDA:68,13,0,0
BRDA:68,13,1,0
BRDA:71,14,0,0
BRDA:71,14,1,0
BRDA:74,15,0,0
BRDA:74,15,1,0
BRDA:74,16,0,0
BRDA:74,16,1,0
BRDA:88,17,0,0
BRDA:88,17,1,0
BRDA:93,18,0,0
BRDA:93,18,1,0
BRDA:93,19,0,0
BRDA:93,19,1,0
BRDA:98,20,0,0
BRDA:98,20,1,0
BRDA:103,21,0,0
BRDA:103,21,1,0
BRDA:115,22,0,0
BRDA:115,22,1,0
BRDA:127,23,0,0
BRDA:127,23,1,0
BRDA:130,24,0,0
BRDA:130,24,1,0
BRDA:131,25,0,0
BRDA:131,25,1,0
BRDA:131,26,0,0
BRDA:131,26,1,0
BRDA:136,27,0,0
BRDA:136,27,1,0
BRDA:139,28,0,0
BRDA:139,28,1,0
BRDA:139,29,0,0
BRDA:139,29,1,0
BRDA:145,30,0,0
BRDA:145,30,1,0
BRDA:150,31,0,0
BRDA:150,31,1,0
BRDA:169,32,0,0
BRDA:169,32,1,0
BRDA:169,33,0,0
BRDA:169,33,1,0
BRDA:175,34,0,0
BRDA:175,34,1,0
BRDA:175,35,0,0
BRDA:175,35,1,0
BRDA:215,36,0,0
BRDA:215,36,1,0
BRDA:231,37,0,0
BRDA:231,37,1,0
BRDA:239,38,0,0
BRDA:239,38,1,0
BRDA:239,39,0,0
BRDA:239,39,1,0
BRDA:239,39,2,0
BRDA:247,40,0,0
BRDA:247,40,1,0
BRDA:249,41,0,0
BRDA:249,41,1,0
BRDA:259,42,0,0
BRDA:259,42,1,0
BRDA:300,43,0,0
BRDA:300,43,1,0
BRDA:305,44,0,0
BRDA:305,44,1,0
BRDA:310,45,0,0
BRDA:310,45,1,0
BRDA:346,46,0,0
BRDA:346,46,1,0
BRDA:357,47,0,0
BRDA:357,47,1,0
BRDA:381,48,0,0
BRDA:381,48,1,0
BRDA:385,49,0,0
BRDA:385,49,1,0
BRDA:386,50,0,0
BRDA:386,50,1,0
BRDA:407,51,0,0
BRDA:407,51,1,0
BRDA:413,52,0,0
BRDA:413,52,1,0
BRDA:423,53,0,0
BRDA:423,53,1,0
BRDA:463,54,0,0
BRDA:463,54,1,0
BRDA:472,55,0,0
BRDA:472,55,1,0
BRDA:472,55,2,0
BRDA:478,56,0,0
BRDA:478,56,1,0
BRDA:478,57,0,0
BRDA:478,57,1,0
BRDA:479,58,0,0
BRDA:479,58,1,0
BRDA:490,59,0,0
BRDA:490,59,1,0
BRDA:491,60,0,0
BRDA:491,60,1,0
BRDA:502,61,0,0
BRDA:502,61,1,0
BRDA:503,62,0,0
BRDA:503,62,1,0
BRDA:504,63,0,0
BRDA:504,63,1,0
BRDA:504,64,0,0
BRDA:504,64,1,0
BRDA:504,64,2,0
BRDA:507,65,0,0
BRDA:507,65,1,0
BRDA:507,66,0,0
BRDA:507,66,1,0
BRDA:508,67,0,0
BRDA:508,67,1,0
BRDA:527,68,0,0
BRDA:527,68,1,0
BRDA:527,69,0,0
BRDA:527,69,1,0
BRDA:567,70,0,0
BRDA:567,70,1,0
BRDA:573,71,0,0
BRDA:573,71,1,0
BRDA:578,72,0,0
BRDA:578,72,1,0
BRDA:588,73,0,0
BRDA:588,73,1,0
BRDA:621,74,0,0
BRDA:621,74,1,0
BRDA:627,75,0,0
BRDA:627,75,1,0
BRDA:651,76,0,0
BRDA:651,76,1,0
BRDA:657,77,0,0
BRDA:657,77,1,0
BRDA:691,78,0,0
BRDA:691,78,1,0
BRDA:698,79,0,0
BRDA:698,79,1,0
BRDA:701,80,0,0
BRDA:701,80,1,0
BRDA:702,81,0,0
BRDA:702,81,1,0
BRDA:705,82,0,0
BRDA:705,82,1,0
BRDA:710,83,0,0
BRDA:710,83,1,0
BRDA:713,84,0,0
BRDA:713,84,1,0
BRDA:724,85,0,0
BRDA:724,85,1,0
BRDA:748,86,0,0
BRDA:748,86,1,0
BRDA:754,87,0,0
BRDA:754,87,1,0
BRDA:778,88,0,0
BRDA:778,88,1,0
BRF:182
BRH:1
end_of_record
TN:
SF:src\controllers\notification.controller.js
FN:8,(anonymous_0)
FN:34,(anonymous_1)
FN:48,(anonymous_2)
FN:65,(anonymous_3)
FN:80,(anonymous_4)
FN:96,(anonymous_5)
FN:111,(anonymous_6)
FNF:7
FNH:0
FNDA:0,(anonymous_0)
FNDA:0,(anonymous_1)
FNDA:0,(anonymous_2)
FNDA:0,(anonymous_3)
FNDA:0,(anonymous_4)
FNDA:0,(anonymous_5)
FNDA:0,(anonymous_6)
DA:1,5
DA:2,5
DA:8,5
DA:9,0
DA:10,0
DA:12,0
DA:20,0
DA:34,5
DA:35,0
DA:36,0
DA:38,0
DA:48,5
DA:49,0
DA:50,0
DA:52,0
DA:54,0
DA:65,5
DA:66,0
DA:68,0
DA:70,0
DA:80,5
DA:81,0
DA:82,0
DA:84,0
DA:86,0
DA:96,5
DA:97,0
DA:99,0
DA:101,0
DA:111,5
DA:112,0
DA:113,0
DA:117,0
DA:119,0
DA:123,0
DA:125,0
DA:126,0
DA:128,0
DA:133,0
DA:135,0
DA:136,0
DA:138,0
DA:147,0
LF:43
LH:9
BRDA:13,0,0,0
BRDA:13,0,1,0
BRDA:13,1,0,0
BRDA:13,1,1,0
BRDA:16,2,0,0
BRDA:16,2,1,0
BRDA:17,3,0,0
BRDA:17,3,1,0
BRDA:113,4,0,0
BRDA:117,5,0,0
BRDA:117,5,1,0
BRDA:117,5,2,0
BRDA:117,5,3,0
BRDA:117,5,4,0
BRF:14
BRH:0
end_of_record
TN:
SF:src\controllers\quiz.controller.js
FN:11,(anonymous_0)
FN:42,(anonymous_1)
FN:63,(anonymous_2)
FN:90,(anonymous_3)
FN:111,(anonymous_4)
FN:132,(anonymous_5)
FN:152,(anonymous_6)
FN:173,(anonymous_7)
FN:194,(anonymous_8)
FNF:9
FNH:0
FNDA:0,(anonymous_0)
FNDA:0,(anonymous_1)
FNDA:0,(anonymous_2)
FNDA:0,(anonymous_3)
FNDA:0,(anonymous_4)
FNDA:0,(anonymous_5)
FNDA:0,(anonymous_6)
FNDA:0,(anonymous_7)
FNDA:0,(anonymous_8)
DA:1,5
DA:2,5
DA:3,5
DA:4,5
DA:12,0
DA:13,0
DA:14,0
DA:17,0
DA:18,0
DA:23,0
DA:24,0
DA:26,0
DA:29,0
DA:34,0
DA:43,0
DA:44,0
DA:45,0
DA:47,0
DA:49,0
DA:55,0
DA:64,0
DA:65,0
DA:66,0
DA:67,0
DA:68,0
DA:70,0
DA:77,0
DA:82,0
DA:91,0
DA:92,0
DA:93,0
DA:94,0
DA:96,0
DA:98,0
DA:103,0
DA:112,0
DA:113,0
DA:114,0
DA:115,0
DA:117,0
DA:119,0
DA:124,0
DA:133,0
DA:134,0
DA:135,0
DA:137,0
DA:139,0
DA:144,0
DA:153,0
DA:154,0
DA:155,0
DA:156,0
DA:158,0
DA:160,0
DA:165,0
DA:174,0
DA:175,0
DA:176,0
DA:178,0
DA:180,0
DA:186,0
DA:195,0
DA:196,0
DA:197,0
DA:198,0
DA:200,0
DA:202,0
DA:207,0
DA:212,5
LF:69
LH:5
BRF:0
BRH:0
end_of_record
TN:
SF:src\controllers\report.controller.js
FN:13,(anonymous_0)
FN:46,(anonymous_1)
FN:71,(anonymous_2)
FN:85,(anonymous_3)
FN:104,(anonymous_4)
FN:138,(anonymous_5)
FN:157,(anonymous_6)
FN:171,(anonymous_7)
FNF:8
FNH:0
FNDA:0,(anonymous_0)
FNDA:0,(anonymous_1)
FNDA:0,(anonymous_2)
FNDA:0,(anonymous_3)
FNDA:0,(anonymous_4)
FNDA:0,(anonymous_5)
FNDA:0,(anonymous_6)
FNDA:0,(anonymous_7)
DA:1,5
DA:2,5
DA:3,5
DA:4,5
DA:5,5
DA:6,5
DA:13,5
DA:14,0
DA:17,0
DA:18,0
DA:19,0
DA:21,0
DA:22,0
DA:27,0
DA:28,0
DA:31,0
DA:34,0
DA:46,5
DA:47,0
DA:57,0
DA:59,0
DA:71,5
DA:72,0
DA:74,0
DA:85,5
DA:86,0
DA:92,0
DA:104,5
DA:105,0
DA:112,0
DA:113,0
DA:114,0
DA:120,0
DA:121,0
DA:123,0
DA:126,0
DA:138,5
DA:139,0
DA:145,0
DA:157,5
DA:158,0
DA:160,0
DA:171,5
DA:172,0
DA:174,0
DA:175,0
DA:178,0
DA:180,0
LF:48
LH:14
BRDA:51,0,0,0
BRDA:51,0,1,0
BRDA:52,1,0,0
BRDA:52,1,1,0
BRDA:53,2,0,0
BRDA:53,2,1,0
BRDA:54,3,0,0
BRDA:54,3,1,0
BRDA:113,4,0,0
BRDA:113,4,1,0
BRDA:174,5,0,0
BRDA:174,5,1,0
BRDA:174,6,0,0
BRDA:174,6,1,0
BRDA:174,6,2,0
BRF:15
BRH:0
end_of_record
TN:
SF:src\controllers\studyPlan.controller.js
FN:9,(anonymous_0)
FN:45,(anonymous_1)
FN:73,(anonymous_2)
FN:94,(anonymous_3)
FN:120,(anonymous_4)
FN:141,(anonymous_5)
FN:166,(anonymous_6)
FNF:7
FNH:5
FNDA:2,(anonymous_0)
FNDA:1,(anonymous_1)
FNDA:2,(anonymous_2)
FNDA:1,(anonymous_3)
FNDA:1,(anonymous_4)
FNDA:0,(anonymous_5)
FNDA:0,(anonymous_6)
DA:1,5
DA:2,5
DA:10,2
DA:11,2
DA:12,2
DA:14,2
DA:16,1
DA:23,1
DA:24,1
DA:25,1
DA:27,0
DA:30,1
DA:36,1
DA:37,1
DA:46,1
DA:47,1
DA:48,1
DA:50,1
DA:52,1
DA:57,1
DA:59,1
DA:65,0
DA:74,2
DA:75,2
DA:76,2
DA:77,2
DA:79,2
DA:81,1
DA:86,1
DA:95,1
DA:96,1
DA:97,1
DA:98,1
DA:100,1
DA:107,1
DA:112,0
DA:121,1
DA:122,1
DA:123,1
DA:124,1
DA:126,1
DA:128,1
DA:133,0
DA:142,0
DA:143,0
DA:144,0
DA:145,0
DA:147,0
DA:153,0
DA:158,0
DA:167,0
DA:168,0
DA:169,0
DA:171,0
DA:176,0
DA:181,5
LF:56
LH:40
BRDA:17,0,0,1
BRDA:17,0,1,0
BRF:2
BRH:1
end_of_record
TN:
SF:src\controllers\studyTask.controller.js
FN:12,(anonymous_0)
FN:30,(anonymous_1)
FN:68,(anonymous_2)
FN:94,(anonymous_3)
FN:120,(anonymous_4)
FN:143,(anonymous_5)
FN:163,(anonymous_6)
FN:182,(anonymous_7)
FN:203,(anonymous_8)
FN:229,(anonymous_9)
FN:312,(anonymous_10)
FN:338,(anonymous_11)
FNF:12
FNH:3
FNDA:1,(anonymous_0)
FNDA:0,(anonymous_1)
FNDA:0,(anonymous_2)
FNDA:0,(anonymous_3)
FNDA:1,(anonymous_4)
FNDA:0,(anonymous_5)
FNDA:0,(anonymous_6)
FNDA:0,(anonymous_7)
FNDA:0,(anonymous_8)
FNDA:1,(anonymous_9)
FNDA:0,(anonymous_10)
FNDA:0,(anonymous_11)
DA:1,5
DA:2,5
DA:3,5
DA:4,5
DA:5,5
DA:13,1
DA:14,1
DA:15,1
DA:17,1
DA:22,0
DA:31,0
DA:32,0
DA:33,0
DA:35,0
DA:37,0
DA:38,0
DA:41,0
DA:42,0
DA:45,0
DA:51,0
DA:53,0
DA:59,0
DA:60,0
DA:69,0
DA:70,0
DA:71,0
DA:72,0
DA:74,0
DA:80,0
DA:86,0
DA:95,0
DA:96,0
DA:97,0
DA:99,0
DA:100,0
DA:101,0
DA:104,0
DA:106,0
DA:112,0
DA:121,1
DA:122,1
DA:123,1
DA:125,1
DA:127,1
DA:129,1
DA:135,0
DA:144,0
DA:145,0
DA:146,0
DA:147,0
DA:149,0
DA:155,0
DA:164,0
DA:165,0
DA:166,0
DA:168,0
DA:174,0
DA:183,0
DA:184,0
DA:185,0
DA:186,0
DA:188,0
DA:190,0
DA:195,0
DA:204,0
DA:205,0
DA:206,0
DA:207,0
DA:209,0
DA:216,0
DA:221,0
DA:230,1
DA:231,1
DA:232,1
DA:233,1
DA:235,1
DA:242,1
DA:243,1
DA:244,1
DA:249,1
DA:250,0
DA:260,0
DA:261,0
DA:262,0
DA:263,0
DA:265,0
DA:271,1
DA:272,1
DA:273,1
DA:283,1
DA:284,1
DA:285,1
DA:286,0
DA:288,1
DA:294,0
DA:298,1
DA:304,0
DA:313,0
DA:314,0
DA:315,0
DA:316,0
DA:318,0
DA:325,0
DA:330,0
DA:339,0
DA:340,0
DA:341,0
DA:342,0
DA:344,0
DA:346,0
DA:351,0
DA:356,5
LF:112
LH:33
BRDA:35,0,0,0
BRDA:35,0,1,0
BRDA:37,1,0,0
BRDA:37,1,1,0
BRDA:41,2,0,0
BRDA:41,2,1,0
BRDA:41,3,0,0
BRDA:41,3,1,0
BRDA:41,3,2,0
BRDA:100,4,0,0
BRDA:100,4,1,0
BRDA:100,5,0,0
BRDA:100,5,1,0
BRDA:146,6,0,0
BRDA:146,6,1,0
BRDA:249,7,0,0
BRDA:249,7,1,1
BRDA:260,8,0,0
BRDA:260,8,1,0
BRDA:271,9,0,1
BRDA:271,9,1,0
BRDA:271,10,0,1
BRDA:271,10,1,1
BRDA:283,11,0,1
BRDA:283,11,1,0
BRF:25
BRH:5
end_of_record
TN:
SF:src\controllers\subject.controller.js
FN:2,(anonymous_0)
FN:6,(anonymous_1)
FN:10,(anonymous_2)
FN:14,(anonymous_3)
FN:18,(anonymous_4)
FNF:5
FNH:0
FNDA:0,(anonymous_0)
FNDA:0,(anonymous_1)
FNDA:0,(anonymous_2)
FNDA:0,(anonymous_3)
FNDA:0,(anonymous_4)
DA:3,0
DA:7,0
DA:11,0
DA:15,0
DA:19,0
DA:23,5
LF:6
LH:1
BRF:0
BRH:0
end_of_record
TN:
SF:src\controllers\subscription.controller.js
FN:9,(anonymous_0)
FN:23,(anonymous_1)
FN:37,(anonymous_2)
FN:60,(anonymous_3)
FN:96,(anonymous_4)
FN:111,(anonymous_5)
FN:126,(anonymous_6)
FN:141,(anonymous_7)
FNF:8
FNH:6
FNDA:1,(anonymous_0)
FNDA:1,(anonymous_1)
FNDA:2,(anonymous_2)
FNDA:2,(anonymous_3)
FNDA:1,(anonymous_4)
FNDA:0,(anonymous_5)
FNDA:0,(anonymous_6)
FNDA:1,(anonymous_7)
DA:1,5
DA:2,5
DA:9,5
DA:10,1
DA:12,1
DA:23,5
DA:24,1
DA:26,1
DA:37,5
DA:38,2
DA:40,2
DA:41,1
DA:47,1
DA:49,1
DA:60,5
DA:61,2
DA:63,2
DA:64,1
DA:70,1
DA:78,0
DA:79,0
DA:81,0
DA:96,5
DA:97,1
DA:99,0
DA:111,5
DA:112,0
DA:114,0
DA:126,5
DA:127,0
DA:128,0
DA:130,0
DA:141,5
DA:142,1
DA:143,1
DA:145,1
DA:154,5
LF:37
LH:28
BRDA:40,0,0,1
BRDA:40,0,1,1
BRDA:63,1,0,1
BRDA:63,1,1,1
BRDA:63,2,0,2
BRDA:63,2,1,1
BRDA:63,2,2,1
BRDA:63,2,3,1
BRDA:127,3,0,0
BRDA:127,3,1,0
BRF:10
BRH:8
end_of_record
TN:
SF:src\controllers\usage.controller.js
FN:8,(anonymous_0)
FN:39,(anonymous_1)
FN:64,(anonymous_2)
FN:86,(anonymous_3)
FN:122,(anonymous_4)
FN:213,(anonymous_5)
FNF:6
FNH:0
FNDA:0,(anonymous_0)
FNDA:0,(anonymous_1)
FNDA:0,(anonymous_2)
FNDA:0,(anonymous_3)
FNDA:0,(anonymous_4)
FNDA:0,(anonymous_5)
DA:1,5
DA:2,5
DA:8,5
DA:9,0
DA:10,0
DA:12,0
DA:13,0
DA:19,0
DA:21,0
DA:26,0
DA:27,0
DA:39,5
DA:40,0
DA:41,0
DA:42,0
DA:44,0
DA:45,0
DA:51,0
DA:52,0
DA:53,0
DA:55,0
DA:60,0
DA:64,0
DA:73,0
DA:74,0
DA:86,5
DA:87,0
DA:88,0
DA:90,0
DA:91,0
DA:93,0
DA:94,0
DA:95,0
DA:96,0
DA:99,0
DA:108,0
DA:109,0
DA:122,5
DA:123,0
DA:124,0
DA:125,0
DA:127,0
DA:128,0
DA:134,0
DA:135,0
DA:137,0
DA:138,0
DA:139,0
DA:141,0
DA:143,0
DA:144,0
DA:145,0
DA:146,0
DA:148,0
DA:150,0
DA:153,0
DA:154,0
DA:155,0
DA:156,0
DA:157,0
DA:158,0
DA:160,0
DA:162,0
DA:165,0
DA:166,0
DA:167,0
DA:168,0
DA:170,0
DA:172,0
DA:175,0
DA:176,0
DA:177,0
DA:179,0
DA:182,0
DA:189,0
DA:200,0
DA:201,0
DA:213,5
DA:214,0
DA:215,0
DA:216,0
DA:217,0
DA:218,0
DA:220,0
DA:221,0
DA:222,0
DA:224,0
DA:233,0
DA:234,0
DA:242,5
LF:90
LH:8
BRDA:10,0,0,0
BRDA:10,0,1,0
BRDA:12,1,0,0
BRDA:12,1,1,0
BRDA:41,2,0,0
BRDA:41,2,1,0
BRDA:42,3,0,0
BRDA:42,3,1,0
BRDA:44,4,0,0
BRDA:44,4,1,0
BRDA:88,5,0,0
BRDA:88,5,1,0
BRDA:93,6,0,0
BRDA:93,6,1,0
BRDA:124,7,0,0
BRDA:124,7,1,0
BRDA:127,8,0,0
BRDA:127,8,1,0
BRDA:141,9,0,0
BRDA:141,9,1,0
BRDA:141,9,2,0
BRDA:141,9,3,0
BRDA:141,9,4,0
BRDA:143,10,0,0
BRDA:143,10,1,0
BRDA:143,11,0,0
BRDA:143,11,1,0
BRDA:148,12,0,0
BRDA:148,12,1,0
BRDA:155,13,0,0
BRDA:155,13,1,0
BRDA:155,14,0,0
BRDA:155,14,1,0
BRDA:160,15,0,0
BRDA:160,15,1,0
BRDA:165,16,0,0
BRDA:165,16,1,0
BRDA:165,17,0,0
BRDA:165,17,1,0
BRDA:170,18,0,0
BRDA:170,18,1,0
BRDA:175,19,0,0
BRDA:175,19,1,0
BRDA:175,20,0,0
BRDA:175,20,1,0
BRDA:196,21,0,0
BRDA:196,21,1,0
BRF:47
BRH:0
end_of_record
TN:
SF:src\controllers\user.controller.js
FN:10,(anonymous_0)
FN:24,(anonymous_1)
FN:49,(anonymous_2)
FN:93,(anonymous_3)
FNF:4
FNH:1
FNDA:1,(anonymous_0)
FNDA:0,(anonymous_1)
FNDA:0,(anonymous_2)
FNDA:0,(anonymous_3)
DA:1,5
DA:2,5
DA:3,5
DA:10,5
DA:11,1
DA:24,5
DA:25,0
DA:27,0
DA:28,0
DA:29,0
DA:31,0
DA:37,0
DA:49,5
DA:50,0
DA:52,0
DA:53,0
DA:59,0
DA:60,0
DA:67,0
DA:70,0
DA:71,0
DA:72,0
DA:79,0
DA:80,0
DA:82,0
DA:93,5
DA:94,0
DA:96,0
DA:97,0
DA:104,0
DA:107,0
DA:108,0
DA:109,0
DA:116,0
DA:120,0
DA:126,5
LF:36
LH:9
BRDA:28,0,0,0
BRDA:28,0,1,0
BRDA:29,1,0,0
BRDA:29,1,1,0
BRDA:52,2,0,0
BRDA:52,2,1,0
BRDA:52,3,0,0
BRDA:52,3,1,0
BRDA:59,4,0,0
BRDA:59,4,1,0
BRDA:71,5,0,0
BRDA:71,5,1,0
BRDA:96,6,0,0
BRDA:96,6,1,0
BRDA:108,7,0,0
BRDA:108,7,1,0
BRF:16
BRH:0
end_of_record
TN:
SF:src\controllers\webhook.controller.js
FN:12,(anonymous_0)
FN:99,handlePaymentCaptured
FN:115,handlePaymentFailed
FN:131,handleSubscriptionActivated
FN:149,handleSubscriptionCharged
FN:183,handleSubscriptionCancelled
FN:208,handleSubscriptionCompleted
FN:222,handleSubscriptionPaused
FN:236,handleSubscriptionResumed
FNF:9
FNH:0
FNDA:0,(anonymous_0)
FNDA:0,handlePaymentCaptured
FNDA:0,handlePaymentFailed
FNDA:0,handleSubscriptionActivated
FNDA:0,handleSubscriptionCharged
FNDA:0,handleSubscriptionCancelled
FNDA:0,handleSubscriptionCompleted
FNDA:0,handleSubscriptionPaused
FNDA:0,handleSubscriptionResumed
DA:1,5
DA:2,5
DA:3,5
DA:4,5
DA:5,5
DA:12,5
DA:14,0
DA:16,0
DA:17,0
DA:24,0
DA:27,0
DA:28,0
DA:34,0
DA:35,0
DA:36,0
DA:43,0
DA:44,0
DA:45,0
DA:47,0
DA:49,0
DA:50,0
DA:52,0
DA:53,0
DA:56,0
DA:57,0
DA:60,0
DA:61,0
DA:64,0
DA:65,0
DA:68,0
DA:69,0
DA:72,0
DA:73,0
DA:76,0
DA:77,0
DA:80,0
DA:81,0
DA:84,0
DA:88,0
DA:90,0
DA:92,0
DA:100,0
DA:103,0
DA:116,0
DA:119,0
DA:132,0
DA:135,0
DA:150,0
DA:152,0
DA:156,0
DA:158,0
DA:171,0
DA:184,0
DA:186,0
DA:190,0
DA:192,0
DA:198,0
DA:199,0
DA:209,0
DA:211,0
DA:223,0
DA:225,0
DA:237,0
DA:239,0
DA:247,5
LF:65
LH:7
BRDA:16,0,0,0
BRDA:16,0,1,0
BRDA:34,1,0,0
BRDA:34,1,1,0
BRDA:50,2,0,0
BRDA:50,2,1,0
BRDA:50,2,2,0
BRDA:50,2,3,0
BRDA:50,2,4,0
BRDA:50,2,5,0
BRDA:50,2,6,0
BRDA:50,2,7,0
BRDA:50,2,8,0
BRDA:123,3,0,0
BRDA:123,3,1,0
BRDA:141,4,0,0
BRDA:141,4,1,0
BRDA:156,5,0,0
BRDA:156,5,1,0
BRDA:156,6,0,0
BRDA:156,6,1,0
BRDA:175,7,0,0
BRDA:175,7,1,0
BRDA:190,8,0,0
BRDA:190,8,1,0
BRF:25
BRH:0
end_of_record
TN:
SF:src\middleware\adminAuth.js
FN:5,(anonymous_0)
FN:27,(anonymous_1)
FNF:2
FNH:0
FNDA:0,(anonymous_0)
FNDA:0,(anonymous_1)
DA:5,5
DA:6,0
DA:7,0
DA:13,0
DA:14,0
DA:21,0
DA:27,5
DA:28,0
DA:29,0
DA:35,0
DA:36,0
DA:43,0
DA:46,5
LF:13
LH:3
BRDA:6,0,0,0
BRDA:6,0,1,0
BRDA:13,1,0,0
BRDA:13,1,1,0
BRDA:28,2,0,0
BRDA:28,2,1,0
BRDA:35,3,0,0
BRDA:35,3,1,0
BRF:8
BRH:0
end_of_record
TN:
SF:src\middleware\subscription.js
FN:56,(anonymous_0)
FN:57,(anonymous_1)
FN:136,(anonymous_2)
FN:144,(anonymous_3)
FN:153,getMinimumTierForFeature
FN:169,(anonymous_5)
FNF:6
FNH:0
FNDA:0,(anonymous_0)
FNDA:0,(anonymous_1)
FNDA:0,(anonymous_2)
FNDA:0,(anonymous_3)
FNDA:0,getMinimumTierForFeature
FNDA:0,(anonymous_5)
DA:1,0
DA:2,0
DA:7,0
DA:56,0
DA:57,0
DA:58,0
DA:59,0
DA:62,0
DA:65,0
DA:66,0
DA:74,0
DA:75,0
DA:82,0
DA:83,0
DA:86,0
DA:87,0
DA:88,0
DA:89,0
DA:91,0
DA:92,0
DA:103,0
DA:104,0
DA:107,0
DA:108,0
DA:109,0
DA:110,0
DA:117,0
DA:122,0
DA:123,0
DA:125,0
DA:127,0
DA:136,0
DA:137,0
DA:144,0
DA:145,0
DA:154,0
DA:156,0
DA:157,0
DA:158,0
DA:159,0
DA:163,0
DA:169,0
DA:170,0
DA:171,0
DA:172,0
DA:174,0
DA:175,0
DA:182,0
DA:183,0
DA:186,0
DA:189,0
DA:192,0
LF:52
LH:0
BRDA:56,0,0,0
BRDA:65,1,0,0
BRDA:65,1,1,0
BRDA:74,2,0,0
BRDA:74,2,1,0
BRDA:74,3,0,0
BRDA:74,3,1,0
BRDA:86,4,0,0
BRDA:86,4,1,0
BRDA:91,5,0,0
BRDA:91,5,1,0
BRDA:103,6,0,0
BRDA:103,6,1,0
BRDA:103,7,0,0
BRDA:103,7,1,0
BRDA:107,8,0,0
BRDA:107,8,1,0
BRDA:109,9,0,0
BRDA:109,9,1,0
BRDA:109,10,0,0
BRDA:109,10,1,0
BRDA:158,11,0,0
BRDA:158,11,1,0
BRDA:158,12,0,0
BRDA:158,12,1,0
BRDA:158,12,2,0
BRDA:171,13,0,0
BRDA:171,13,1,0
BRDA:171,14,0,0
BRDA:171,14,1,0
BRDA:174,15,0,0
BRDA:174,15,1,0
BRF:32
BRH:0
end_of_record
TN:
SF:src\middleware\usageEnforcement.js
FN:41,(anonymous_0)
FN:51,(anonymous_1)
FN:60,(anonymous_2)
FN:114,(anonymous_3)
FN:166,(anonymous_4)
FN:217,(anonymous_5)
FN:263,(anonymous_6)
FN:264,(anonymous_7)
FN:304,(anonymous_8)
FN:315,(anonymous_9)
FN:334,(anonymous_10)
FN:389,getNextResetTime
FN:397,formatBytes
FNF:13
FNH:0
FNDA:0,(anonymous_0)
FNDA:0,(anonymous_1)
FNDA:0,(anonymous_2)
FNDA:0,(anonymous_3)
FNDA:0,(anonymous_4)
FNDA:0,(anonymous_5)
FNDA:0,(anonymous_6)
FNDA:0,(anonymous_7)
FNDA:0,(anonymous_8)
FNDA:0,(anonymous_9)
FNDA:0,(anonymous_10)
FNDA:0,getNextResetTime
FNDA:0,formatBytes
DA:1,5
DA:2,5
DA:5,5
DA:41,5
DA:42,0
DA:47,0
DA:51,5
DA:52,0
DA:53,0
DA:60,5
DA:61,0
DA:62,0
DA:64,0
DA:65,0
DA:71,0
DA:74,0
DA:75,0
DA:76,0
DA:77,0
DA:81,0
DA:83,0
DA:84,0
DA:98,0
DA:99,0
DA:100,0
DA:101,0
DA:103,0
DA:105,0
DA:107,0
DA:114,5
DA:115,0
DA:116,0
DA:118,0
DA:119,0
DA:125,0
DA:128,0
DA:129,0
DA:130,0
DA:131,0
DA:135,0
DA:136,0
DA:138,0
DA:139,0
DA:151,0
DA:152,0
DA:153,0
DA:154,0
DA:156,0
DA:158,0
DA:159,0
DA:166,5
DA:167,0
DA:168,0
DA:170,0
DA:171,0
DA:177,0
DA:180,0
DA:181,0
DA:182,0
DA:183,0
DA:187,0
DA:189,0
DA:190,0
DA:203,0
DA:204,0
DA:205,0
DA:207,0
DA:209,0
DA:210,0
DA:217,5
DA:218,0
DA:219,0
DA:220,0
DA:222,0
DA:223,0
DA:229,0
DA:230,0
DA:233,0
DA:234,0
DA:235,0
DA:237,0
DA:238,0
DA:250,0
DA:251,0
DA:253,0
DA:255,0
DA:256,0
DA:263,5
DA:264,0
DA:265,0
DA:266,0
DA:268,0
DA:269,0
DA:275,0
DA:277,0
DA:278,0
DA:289,0
DA:290,0
DA:292,0
DA:294,0
DA:295,0
DA:304,5
DA:305,0
DA:306,0
DA:308,0
DA:315,5
DA:316,0
DA:317,0
DA:318,0
DA:327,0
DA:334,5
DA:335,0
DA:336,0
DA:337,0
DA:338,0
DA:341,0
DA:342,0
DA:345,0
DA:346,0
DA:347,0
DA:348,0
DA:350,0
DA:383,0
DA:384,0
DA:390,0
DA:391,0
DA:392,0
DA:393,0
DA:394,0
DA:398,0
DA:399,0
DA:400,0
DA:401,0
DA:402,0
DA:405,5
LF:135
LH:14
BRDA:47,0,0,0
BRDA:47,0,1,0
BRDA:53,1,0,0
BRDA:53,1,1,0
BRDA:62,2,0,0
BRDA:62,2,1,0
BRDA:64,3,0,0
BRDA:64,3,1,0
BRDA:74,4,0,0
BRDA:74,4,1,0
BRDA:83,5,0,0
BRDA:83,5,1,0
BRDA:116,6,0,0
BRDA:116,6,1,0
BRDA:118,7,0,0
BRDA:118,7,1,0
BRDA:128,8,0,0
BRDA:128,8,1,0
BRDA:138,9,0,0
BRDA:138,9,1,0
BRDA:168,10,0,0
BRDA:168,10,1,0
BRDA:170,11,0,0
BRDA:170,11,1,0
BRDA:180,12,0,0
BRDA:180,12,1,0
BRDA:189,13,0,0
BRDA:189,13,1,0
BRDA:219,14,0,0
BRDA:219,14,1,0
BRDA:220,15,0,0
BRDA:220,15,1,0
BRDA:220,15,2,0
BRDA:222,16,0,0
BRDA:222,16,1,0
BRDA:235,17,0,0
BRDA:235,17,1,0
BRDA:237,18,0,0
BRDA:237,18,1,0
BRDA:263,19,0,0
BRDA:266,20,0,0
BRDA:266,20,1,0
BRDA:268,21,0,0
BRDA:268,21,1,0
BRDA:277,22,0,0
BRDA:277,22,1,0
BRDA:304,23,0,0
BRDA:304,24,0,0
BRDA:304,25,0,0
BRDA:347,26,0,0
BRDA:347,26,1,0
BRDA:356,27,0,0
BRDA:356,27,1,0
BRDA:361,28,0,0
BRDA:361,28,1,0
BRDA:368,29,0,0
BRDA:368,29,1,0
BRDA:398,30,0,0
BRDA:398,30,1,0
BRF:59
BRH:0
end_of_record
TN:
SF:src\middlewares\auth.middleware.js
FN:10,(anonymous_0)
FN:54,(anonymous_1)
FN:55,(anonymous_2)
FNF:3
FNH:2
FNDA:21,(anonymous_0)
FNDA:5,(anonymous_1)
FNDA:0,(anonymous_2)
DA:1,5
DA:2,5
DA:3,5
DA:4,5
DA:10,5
DA:14,21
DA:15,19
DA:19,21
DA:20,2
DA:23,19
DA:25,19
DA:28,18
DA:30,18
DA:31,0
DA:35,18
DA:36,0
DA:40,18
DA:41,18
DA:43,1
DA:44,0
DA:46,1
DA:54,5
DA:55,5
DA:56,0
DA:57,0
DA:60,0
DA:61,0
DA:67,0
DA:71,5
LF:29
LH:21
BRDA:14,0,0,19
BRDA:14,0,1,2
BRDA:14,1,0,21
BRDA:14,1,1,19
BRDA:19,2,0,2
BRDA:19,2,1,19
BRDA:30,3,0,0
BRDA:30,3,1,18
BRDA:35,4,0,0
BRDA:35,4,1,18
BRDA:43,5,0,0
BRDA:43,5,1,1
BRDA:46,6,0,1
BRDA:46,6,1,0
BRDA:56,7,0,0
BRDA:56,7,1,0
BRDA:60,8,0,0
BRDA:60,8,1,0
BRF:18
BRH:10
end_of_record
TN:
SF:src\middlewares\errorHandler.js
FN:6,(anonymous_0)
FN:14,(anonymous_1)
FN:42,(anonymous_2)
FNF:3
FNH:3
FNDA:2,(anonymous_0)
FNDA:16,(anonymous_1)
FNDA:4,(anonymous_2)
DA:1,5
DA:6,5
DA:7,2
DA:8,2
DA:14,5
DA:15,16
DA:16,16
DA:17,16
DA:20,16
DA:21,0
DA:29,16
DA:30,0
DA:31,0
DA:35,16
DA:36,0
DA:37,0
DA:41,16
DA:42,4
DA:43,2
DA:44,2
DA:47,16
DA:54,5
LF:22
LH:17
BRDA:17,0,0,16
BRDA:17,0,1,2
BRDA:20,1,0,0
BRDA:20,1,1,16
BRDA:29,2,0,0
BRDA:29,2,1,16
BRDA:35,3,0,0
BRDA:35,3,1,16
BRDA:41,4,0,2
BRDA:41,4,1,14
BRDA:49,5,0,16
BRDA:49,5,1,0
BRDA:50,6,0,16
BRDA:50,6,1,0
BRF:14
BRH:9
end_of_record
TN:
SF:src\middlewares\role.middleware.js
FN:8,(anonymous_0)
FN:9,(anonymous_1)
FNF:2
FNH:1
FNDA:10,(anonymous_0)
FNDA:0,(anonymous_1)
DA:1,5
DA:8,5
DA:9,10
DA:11,0
DA:12,0
DA:16,0
DA:17,0
DA:23,0
DA:27,5
LF:9
LH:4
BRDA:11,0,0,0
BRDA:11,0,1,0
BRDA:16,1,0,0
BRDA:16,1,1,0
BRF:4
BRH:0
end_of_record
TN:
SF:src\middlewares\validation.middleware.js
FN:6,(anonymous_0)
FN:11,(anonymous_1)
FN:163,(anonymous_2)
FNF:3
FNH:0
FNDA:0,(anonymous_0)
FNDA:0,(anonymous_1)
FNDA:0,(anonymous_2)
DA:1,5
DA:6,5
DA:7,0
DA:8,0
DA:9,0
DA:11,0
DA:17,0
DA:23,5
DA:50,5
DA:81,5
DA:132,5
DA:163,0
DA:186,5
LF:13
LH:7
BRDA:8,0,0,0
BRDA:8,0,1,0
BRF:2
BRH:0
end_of_record
TN:
SF:src\models\Board.js
FN:128,(anonymous_0)
FN:133,(anonymous_1)
FN:138,(anonymous_2)
FN:143,(anonymous_3)
FN:154,(anonymous_4)
FN:158,(anonymous_5)
FN:165,(anonymous_6)
FN:170,(anonymous_7)
FNF:8
FNH:0
FNDA:0,(anonymous_0)
FNDA:0,(anonymous_1)
FNDA:0,(anonymous_2)
FNDA:0,(anonymous_3)
FNDA:0,(anonymous_4)
FNDA:0,(anonymous_5)
FNDA:0,(anonymous_6)
FNDA:0,(anonymous_7)
DA:1,5
DA:4,5
DA:35,5
DA:121,5
DA:122,5
DA:123,5
DA:124,5
DA:125,5
DA:128,5
DA:129,0
DA:133,5
DA:134,0
DA:138,5
DA:139,0
DA:143,5
DA:144,0
DA:146,0
DA:147,0
DA:150,0
DA:151,0
DA:154,0
DA:158,5
DA:159,0
DA:161,0
DA:162,0
DA:165,0
DA:166,0
DA:170,5
DA:171,0
DA:172,0
DA:175,5
DA:177,5
LF:32
LH:16
BRDA:129,0,0,0
BRDA:129,0,1,0
BRDA:134,1,0,0
BRDA:134,1,1,0
BRDA:146,2,0,0
BRDA:146,2,1,0
BRDA:150,3,0,0
BRDA:150,3,1,0
BRDA:161,4,0,0
BRDA:161,4,1,0
BRDA:166,5,0,0
BRDA:166,5,1,0
BRDA:172,6,0,0
BRDA:172,6,1,0
BRF:14
BRH:0
end_of_record
TN:
SF:src\models\Coupon.js
FN:140,(anonymous_0)
FN:151,(anonymous_1)
FN:172,(anonymous_2)
FN:196,(anonymous_3)
FN:216,(anonymous_4)
FN:232,(anonymous_5)
FN:242,(anonymous_6)
FNF:7
FNH:0
FNDA:0,(anonymous_0)
FNDA:0,(anonymous_1)
FNDA:0,(anonymous_2)
FNDA:0,(anonymous_3)
FNDA:0,(anonymous_4)
FNDA:0,(anonymous_5)
FNDA:0,(anonymous_6)
DA:1,5
DA:3,5
DA:136,5
DA:137,5
DA:140,5
DA:141,0
DA:142,0
DA:151,5
DA:153,0
DA:154,0
DA:158,0
DA:159,0
DA:163,0
DA:164,0
DA:171,0
DA:172,0
DA:175,0
DA:176,0
DA:180,0
DA:181,0
DA:182,0
DA:187,0
DA:188,0
DA:192,0
DA:196,5
DA:199,0
DA:200,0
DA:203,0
DA:204,0
DA:208,0
DA:212,0
DA:216,5
DA:217,0
DA:224,0
DA:226,0
DA:228,0
DA:232,5
DA:233,0
DA:234,0
DA:235,0
DA:236,0
DA:238,0
DA:242,5
DA:243,0
DA:248,0
DA:249,0
DA:252,0
DA:254,0
DA:255,0
DA:258,0
DA:260,0
DA:268,5
DA:270,5
LF:53
LH:12
BRDA:143,0,0,0
BRDA:143,0,1,0
BRDA:143,0,2,0
BRDA:143,0,3,0
BRDA:143,0,4,0
BRDA:153,1,0,0
BRDA:153,1,1,0
BRDA:158,2,0,0
BRDA:158,2,1,0
BRDA:158,3,0,0
BRDA:158,3,1,0
BRDA:163,4,0,0
BRDA:163,4,1,0
BRDA:175,5,0,0
BRDA:175,5,1,0
BRDA:180,6,0,0
BRDA:180,6,1,0
BRDA:187,7,0,0
BRDA:187,7,1,0
BRDA:199,8,0,0
BRDA:199,8,1,0
BRDA:203,9,0,0
BRDA:203,9,1,0
BRDA:203,10,0,0
BRDA:203,10,1,0
BRDA:232,11,0,0
BRDA:248,12,0,0
BRDA:248,12,1,0
BRDA:254,13,0,0
BRDA:254,13,1,0
BRF:30
BRH:0
end_of_record
TN:
SF:src\models\FocusSession.js
FN:69,(anonymous_0)
FN:79,(anonymous_1)
FN:89,(anonymous_2)
FN:97,(anonymous_3)
FNF:4
FNH:0
FNDA:0,(anonymous_0)
FNDA:0,(anonymous_1)
FNDA:0,(anonymous_2)
FNDA:0,(anonymous_3)
DA:1,5
DA:3,5
DA:64,5
DA:65,5
DA:66,5
DA:69,5
DA:70,0
DA:71,0
DA:72,0
DA:73,0
DA:75,0
DA:79,5
DA:80,0
DA:81,0
DA:84,0
DA:85,0
DA:89,5
DA:90,0
DA:97,5
DA:98,0
DA:107,5
LF:21
LH:10
BRDA:70,0,0,0
BRDA:70,0,1,0
BRDA:70,1,0,0
BRDA:70,1,1,0
BRDA:70,1,2,0
BRDA:80,2,0,0
BRDA:80,2,1,0
BRDA:80,3,0,0
BRDA:80,3,1,0
BRF:9
BRH:0
end_of_record
TN:
SF:src\models\FocusSettings.js
FN:62,(anonymous_0)
FN:73,(anonymous_1)
FNF:2
FNH:0
FNDA:0,(anonymous_0)
FNDA:0,(anonymous_1)
DA:1,5
DA:3,5
DA:62,5
DA:63,0
DA:65,0
DA:66,0
DA:69,0
DA:73,5
DA:74,0
DA:76,0
DA:78,0
DA:80,0
DA:82,0
DA:86,5
LF:14
LH:5
BRDA:65,0,0,0
BRDA:65,0,1,0
BRDA:74,1,0,0
BRDA:74,1,1,0
BRDA:74,1,2,0
BRDA:74,1,3,0
BRF:6
BRH:0
end_of_record
TN:
SF:src\models\FriendRequest.js
FNF:0
FNH:0
DA:1,5
DA:3,5
DA:31,5
DA:34,5
DA:35,5
DA:37,5
DA:39,5
LF:7
LH:7
BRF:0
BRH:0
end_of_record
TN:
SF:src\models\Friendship.js
FN:36,(anonymous_0)
FNF:1
FNH:0
FNDA:0,(anonymous_0)
DA:1,5
DA:3,5
DA:31,5
DA:32,5
DA:33,5
DA:36,5
DA:37,0
DA:40,5
DA:42,5
LF:9
LH:8
BRDA:37,0,0,0
BRDA:37,0,1,0
BRF:2
BRH:0
end_of_record
TN:
SF:src\models\Group.js
FNF:0
FNH:0
DA:1,5
DA:3,5
DA:72,5
DA:73,5
DA:74,5
DA:76,5
DA:78,5
LF:7
LH:7
BRF:0
BRH:0
end_of_record
TN:
SF:src\models\Message.js
FNF:0
FNH:0
DA:1,5
DA:3,5
DA:79,5
DA:80,5
DA:81,5
DA:83,5
DA:85,5
LF:7
LH:7
BRF:0
BRH:0
end_of_record
TN:
SF:src\models\MindMap.js
FNF:0
FNH:0
DA:1,5
DA:3,5
DA:30,5
DA:54,5
DA:124,5
DA:125,5
DA:126,5
DA:127,5
DA:129,5
LF:9
LH:9
BRF:0
BRH:0
end_of_record
TN:
SF:src\models\Notebook.js
FN:95,(anonymous_0)
FN:100,(anonymous_1)
FN:105,(anonymous_2)
FNF:3
FNH:0
FNDA:0,(anonymous_0)
FNDA:0,(anonymous_1)
FNDA:0,(anonymous_2)
DA:1,5
DA:3,5
DA:27,5
DA:48,5
DA:91,5
DA:92,5
DA:95,5
DA:96,0
DA:100,5
DA:101,0
DA:105,5
DA:106,0
DA:109,5
LF:13
LH:10
BRF:0
BRH:0
end_of_record
TN:
SF:src\models\Notification.js
FN:120,(anonymous_0)
FN:125,(anonymous_1)
FN:130,(anonymous_2)
FN:139,(anonymous_3)
FN:144,(anonymous_4)
FN:152,(anonymous_5)
FNF:6
FNH:0
FNDA:0,(anonymous_0)
FNDA:0,(anonymous_1)
FNDA:0,(anonymous_2)
FNDA:0,(anonymous_3)
FNDA:0,(anonymous_4)
FNDA:0,(anonymous_5)
DA:1,5
DA:8,5
DA:114,5
DA:115,5
DA:116,5
DA:117,5
DA:120,5
DA:121,0
DA:125,5
DA:126,0
DA:130,5
DA:131,0
DA:132,0
DA:133,0
DA:134,0
DA:135,0
DA:139,5
DA:140,0
DA:144,5
DA:145,0
DA:152,5
DA:153,0
DA:154,0
DA:156,0
DA:163,5
DA:165,5
LF:26
LH:14
BRDA:126,0,0,0
BRDA:126,0,1,0
BRDA:152,1,0,0
BRF:3
BRH:0
end_of_record
TN:
SF:src\models\Payment.js
FNF:0
FNH:0
DA:1,5
DA:3,5
DA:108,5
DA:111,5
DA:113,5
DA:115,5
LF:6
LH:6
BRF:0
BRH:0
end_of_record
TN:
SF:src\models\PlatformSettings.js
FN:81,(anonymous_0)
FNF:1
FNH:0
FNDA:0,(anonymous_0)
DA:1,5
DA:3,5
DA:81,5
DA:82,0
DA:83,0
DA:84,0
DA:86,0
DA:89,5
DA:91,5
LF:9
LH:5
BRDA:83,0,0,0
BRDA:83,0,1,0
BRF:2
BRH:0
end_of_record
TN:
SF:src\models\Quiz.js
FN:127,(anonymous_0)
FN:132,(anonymous_1)
FN:133,(anonymous_2)
FNF:3
FNH:0
FNDA:0,(anonymous_0)
FNDA:0,(anonymous_1)
FNDA:0,(anonymous_2)
DA:1,5
DA:3,5
DA:38,5
DA:121,5
DA:122,5
DA:123,5
DA:124,5
DA:127,5
DA:128,0
DA:132,5
DA:133,0
DA:136,5
DA:137,5
DA:139,5
LF:14
LH:12
BRDA:128,0,0,0
BRDA:128,0,1,0
BRDA:133,1,0,0
BRDA:133,1,1,0
BRDA:133,2,0,0
BRDA:133,2,1,0
BRF:6
BRH:0
end_of_record
TN:
SF:src\models\QuizAttempt.js
FNF:0
FNH:0
DA:1,5
DA:3,5
DA:22,5
DA:65,5
DA:66,5
DA:68,5
LF:6
LH:6
BRF:0
BRH:0
end_of_record
TN:
SF:src\models\Report.js
FN:79,(anonymous_0)
FN:94,(anonymous_1)
FNF:2
FNH:0
FNDA:0,(anonymous_0)
FNDA:0,(anonymous_1)
DA:1,5
DA:3,5
DA:73,5
DA:74,5
DA:75,5
DA:76,5
DA:79,5
DA:80,0
DA:81,0
DA:82,0
DA:83,0
DA:84,0
DA:86,0
DA:87,0
DA:88,0
DA:89,0
DA:94,5
DA:95,0
DA:99,5
DA:101,5
LF:20
LH:10
BRDA:86,0,0,0
BRDA:86,0,1,0
BRDA:87,1,0,0
BRDA:87,1,1,0
BRDA:88,2,0,0
BRDA:88,2,1,0
BRF:6
BRH:0
end_of_record
TN:
SF:src\models\StudyPlan.js
FN:40,(anonymous_0)
FN:145,(anonymous_1)
FN:159,(anonymous_2)
FN:176,(anonymous_3)
FNF:4
FNH:4
FNDA:14,(anonymous_0)
FNDA:1,(anonymous_1)
FNDA:1,(anonymous_2)
FNDA:3,(anonymous_3)
DA:1,5
DA:3,5
DA:41,14
DA:138,5
DA:145,5
DA:146,1
DA:147,0
DA:149,1
DA:153,1
DA:154,0
DA:159,5
DA:160,1
DA:161,1
DA:162,1
DA:163,1
DA:166,0
DA:171,5
DA:172,5
DA:173,5
DA:176,5
DA:177,3
DA:178,3
DA:179,3
DA:180,3
DA:181,3
DA:184,5
DA:186,5
LF:27
LH:24
BRDA:146,0,0,0
BRDA:146,0,1,1
BRDA:153,1,0,0
BRDA:153,1,1,1
BRDA:153,2,0,1
BRDA:153,2,1,0
BRDA:160,3,0,1
BRDA:160,3,1,0
BRDA:162,4,0,1
BRDA:162,4,1,0
BRF:10
BRH:5
end_of_record
TN:
SF:src\models\StudyTask.js
FN:136,(anonymous_0)
FN:144,(anonymous_1)
FN:151,(anonymous_2)
FN:159,(anonymous_3)
FN:176,(anonymous_4)
FNF:5
FNH:4
FNDA:2,(anonymous_0)
FNDA:2,(anonymous_1)
FNDA:1,(anonymous_2)
FNDA:0,(anonymous_3)
FNDA:2,(anonymous_4)
DA:1,5
DA:3,5
DA:136,5
DA:137,2
DA:138,1
DA:139,1
DA:140,1
DA:144,5
DA:145,2
DA:146,2
DA:147,2
DA:151,5
DA:152,1
DA:153,1
DA:154,1
DA:155,1
DA:159,5
DA:160,0
DA:161,0
DA:163,0
DA:164,0
DA:165,0
DA:166,0
DA:170,5
DA:171,5
DA:172,5
DA:173,5
DA:176,5
DA:177,2
DA:178,2
DA:179,2
DA:180,2
DA:181,2
DA:184,5
DA:186,5
LF:35
LH:29
BRDA:137,0,0,1
BRDA:137,0,1,1
BRDA:154,1,0,1
BRDA:154,1,1,0
BRDA:155,2,0,1
BRDA:155,2,1,0
BRDA:160,3,0,0
BRDA:160,3,1,0
BRDA:166,4,0,0
BRDA:166,4,1,0
BRF:10
BRH:4
end_of_record
TN:
SF:src\models\Subscription.js
FN:98,(anonymous_0)
FN:104,(anonymous_1)
FN:109,(anonymous_2)
FNF:3
FNH:1
FNDA:0,(anonymous_0)
FNDA:0,(anonymous_1)
FNDA:1,(anonymous_2)
DA:1,5
DA:3,5
DA:94,5
DA:95,5
DA:98,5
DA:99,0
DA:100,0
DA:104,5
DA:105,0
DA:109,5
DA:110,1
DA:147,1
DA:148,1
DA:151,5
DA:153,5
LF:15
LH:12
BRDA:99,0,0,0
BRDA:99,0,1,0
BRDA:105,1,0,0
BRDA:105,1,1,0
BRDA:105,1,2,0
BRDA:147,2,0,1
BRDA:147,2,1,0
BRF:7
BRH:1
end_of_record
TN:
SF:src\models\Usage.js
FN:74,(anonymous_0)
FN:95,(anonymous_1)
FN:125,(anonymous_2)
FN:159,(anonymous_3)
FNF:4
FNH:0
FNDA:0,(anonymous_0)
FNDA:0,(anonymous_1)
FNDA:0,(anonymous_2)
FNDA:0,(anonymous_3)
DA:1,5
DA:3,5
DA:70,5
DA:71,5
DA:74,5
DA:75,0
DA:77,0
DA:79,0
DA:80,0
DA:91,0
DA:95,5
DA:96,0
DA:98,0
DA:121,0
DA:125,5
DA:126,0
DA:127,0
DA:128,0
DA:130,0
DA:149,0
DA:159,5
DA:160,0
DA:161,0
DA:162,0
DA:164,0
DA:165,0
DA:168,5
DA:170,5
LF:28
LH:10
BRDA:79,0,0,0
BRDA:79,0,1,0
BRDA:95,1,0,0
BRDA:95,2,0,0
BRDA:95,3,0,0
BRDA:125,4,0,0
BRDA:149,5,0,0
BRDA:149,5,1,0
BRF:8
BRH:0
end_of_record
TN:
SF:src\models\User.js
FN:155,(anonymous_0)
FN:166,(anonymous_1)
FN:175,(anonymous_2)
FN:190,(anonymous_3)
FN:202,(anonymous_4)
FN:239,(anonymous_5)
FN:240,(anonymous_6)
FN:251,(anonymous_7)
FN:252,(anonymous_8)
FN:265,(anonymous_9)
FN:288,(anonymous_10)
FNF:11
FNH:6
FNDA:72,(anonymous_0)
FNDA:2,(anonymous_1)
FNDA:68,(anonymous_2)
FNDA:2,(anonymous_3)
FNDA:1,(anonymous_4)
FNDA:1,(anonymous_5)
FNDA:0,(anonymous_6)
FNDA:0,(anonymous_7)
FNDA:0,(anonymous_8)
FNDA:0,(anonymous_9)
FNDA:0,(anonymous_10)
DA:1,5
DA:2,5
DA:4,5
DA:155,5
DA:157,72
DA:158,2
DA:161,70
DA:162,70
DA:166,5
DA:167,2
DA:168,2
DA:170,0
DA:175,5
DA:176,68
DA:181,68
DA:183,68
DA:184,68
DA:186,68
DA:190,5
DA:191,2
DA:194,2
DA:195,2
DA:196,0
DA:197,0
DA:199,2
DA:202,5
DA:203,1
DA:204,1
DA:206,1
DA:210,1
DA:211,0
DA:212,0
DA:214,0
DA:216,0
DA:217,0
DA:219,0
DA:222,0
DA:226,1
DA:229,1
DA:232,1
DA:233,1
DA:236,1
DA:239,5
DA:240,1
DA:241,1
DA:242,1
DA:246,1
DA:248,0
DA:251,5
DA:252,0
DA:253,0
DA:254,0
DA:255,0
DA:256,0
DA:257,0
DA:258,0
DA:261,0
DA:265,5
DA:266,0
DA:267,0
DA:270,0
DA:271,0
DA:272,0
DA:273,0
DA:277,0
DA:285,0
DA:288,5
DA:289,0
DA:290,0
DA:291,0
DA:294,5
DA:296,5
LF:72
LH:42
BRDA:157,0,0,2
BRDA:157,0,1,70
BRDA:195,1,0,0
BRDA:195,1,1,2
BRDA:206,2,0,0
BRDA:206,2,1,1
BRDA:210,3,0,0
BRDA:210,3,1,1
BRDA:214,4,0,0
BRDA:214,4,1,0
BRDA:217,5,0,0
BRDA:217,5,1,0
BRDA:232,6,0,1
BRDA:232,6,1,0
BRDA:241,7,0,1
BRDA:241,7,1,0
BRDA:253,8,0,0
BRDA:253,8,1,0
BRDA:255,9,0,0
BRDA:255,9,1,0
BRDA:255,10,0,0
BRDA:255,10,1,0
BRDA:270,11,0,0
BRDA:270,11,1,0
BRDA:272,12,0,0
BRDA:272,12,1,0
BRF:26
BRH:7
end_of_record
TN:
SF:src\routes\admin.routes.js
FNF:0
FNH:0
DA:1,5
DA:2,5
DA:3,5
DA:4,5
DA:5,5
DA:7,5
DA:10,5
DA:17,5
DA:24,5
DA:31,5
DA:38,5
DA:45,5
DA:52,5
DA:63,5
DA:70,5
DA:77,5
DA:84,5
DA:91,5
DA:102,5
DA:109,5
DA:120,5
DA:127,5
DA:134,5
DA:141,5
DA:148,5
DA:155,5
DA:162,5
DA:164,5
LF:28
LH:28
BRF:0
BRH:0
end_of_record
TN:
SF:src\routes\ai.routes.js
FN:16,(anonymous_0)
FN:99,(anonymous_1)
FN:100,(anonymous_2)
FNF:3
FNH:1
FNDA:0,(anonymous_0)
FNDA:40,(anonymous_1)
FNDA:0,(anonymous_2)
DA:5,5
DA:6,5
DA:7,5
DA:8,5
DA:9,5
DA:11,5
DA:16,5
DA:17,0
DA:19,0
DA:20,0
DA:21,0
DA:23,0
DA:26,0
DA:29,0
DA:31,0
DA:33,0
DA:44,0
DA:47,0
DA:48,0
DA:49,0
DA:52,0
DA:54,0
DA:58,0
DA:68,0
DA:71,0
DA:76,0
DA:78,0
DA:80,0
DA:87,0
DA:99,5
DA:100,40
DA:101,0
DA:103,0
DA:105,0
DA:106,0
DA:107,0
DA:109,0
DA:112,0
DA:115,0
DA:117,0
DA:119,0
DA:130,0
DA:133,0
DA:134,0
DA:138,0
DA:139,0
DA:140,0
DA:143,0
DA:144,0
DA:148,0
DA:150,0
DA:154,0
DA:164,0
DA:167,0
DA:168,0
DA:169,0
DA:173,0
DA:182,0
DA:184,0
DA:186,0
DA:193,0
DA:204,5
DA:205,5
DA:208,5
DA:209,5
DA:210,5
DA:211,5
DA:214,5
DA:215,5
DA:216,5
DA:217,5
DA:218,5
DA:219,5
DA:222,5
DA:223,5
DA:224,5
DA:225,5
DA:226,5
DA:227,5
DA:228,5
DA:229,5
DA:230,5
DA:232,5
LF:83
LH:31
BRDA:11,0,0,5
BRDA:11,0,1,0
BRDA:19,1,0,0
BRDA:19,1,1,0
BRDA:20,2,0,0
BRDA:20,2,1,0
BRDA:31,3,0,0
BRDA:31,3,1,0
BRDA:38,4,0,0
BRDA:38,4,1,0
BRDA:40,5,0,0
BRDA:40,5,1,0
BRDA:40,5,2,0
BRDA:63,6,0,0
BRDA:63,6,1,0
BRDA:65,7,0,0
BRDA:65,7,1,0
BRDA:65,7,2,0
BRDA:78,8,0,0
BRDA:78,8,1,0
BRDA:82,9,0,0
BRDA:82,9,1,0
BRDA:82,9,2,0
BRDA:99,10,0,0
BRDA:101,11,0,0
BRDA:101,11,1,0
BRDA:105,12,0,0
BRDA:105,12,1,0
BRDA:106,13,0,0
BRDA:106,13,1,0
BRDA:117,14,0,0
BRDA:117,14,1,0
BRDA:124,15,0,0
BRDA:124,15,1,0
BRDA:126,16,0,0
BRDA:126,16,1,0
BRDA:126,16,2,0
BRDA:133,17,0,0
BRDA:133,17,1,0
BRDA:143,18,0,0
BRDA:143,18,1,0
BRDA:159,19,0,0
BRDA:159,19,1,0
BRDA:161,20,0,0
BRDA:161,20,1,0
BRDA:161,20,2,0
BRDA:167,21,0,0
BRDA:167,21,1,0
BRDA:168,22,0,0
BRDA:168,22,1,0
BRDA:177,23,0,0
BRDA:177,23,1,0
BRDA:184,24,0,0
BRDA:184,24,1,0
BRDA:188,25,0,0
BRDA:188,25,1,0
BRDA:188,25,2,0
BRF:57
BRH:1
end_of_record
TN:
SF:src\routes\auth.routes.js
FNF:0
FNH:0
DA:1,5
DA:2,5
DA:4,5
DA:11,5
DA:18,5
DA:25,5
DA:32,5
DA:39,5
DA:46,5
DA:48,5
LF:10
LH:10
BRF:0
BRH:0
end_of_record
TN:
SF:src\routes\board.routes.js
FN:9,(anonymous_0)
FN:14,(anonymous_1)
FNF:2
FNH:0
FNDA:0,(anonymous_0)
FNDA:0,(anonymous_1)
DA:1,5
DA:2,5
DA:3,5
DA:4,5
DA:5,5
DA:6,5
DA:9,5
DA:10,0
DA:11,0
DA:12,0
DA:14,0
DA:20,0
DA:24,5
DA:42,5
DA:58,5
DA:68,5
DA:75,5
DA:81,5
DA:84,5
DA:87,5
DA:92,5
DA:100,5
DA:101,5
DA:104,5
DA:107,5
DA:112,5
DA:117,5
LF:27
LH:22
BRDA:11,0,0,0
BRDA:11,0,1,0
BRF:2
BRH:0
end_of_record
TN:
SF:src\routes\chat.routes.js
FNF:0
FNH:0
DA:1,5
DA:2,5
DA:3,5
DA:5,5
DA:8,5
DA:11,5
DA:12,5
DA:13,5
DA:14,5
DA:15,5
DA:18,5
DA:21,5
DA:23,5
LF:13
LH:13
BRF:0
BRH:0
end_of_record
TN:
SF:src\routes\coupon.routes.js
FNF:0
FNH:0
DA:1,5
DA:2,5
DA:3,5
DA:4,5
DA:5,5
DA:10,5
DA:13,5
DA:18,5
DA:21,5
DA:24,5
DA:27,5
DA:30,5
DA:33,5
DA:36,5
DA:39,5
DA:42,5
DA:44,5
LF:17
LH:17
BRF:0
BRH:0
end_of_record
TN:
SF:src\routes\focus.routes.js
FNF:0
FNH:0
DA:1,5
DA:2,5
DA:3,5
DA:4,5
DA:5,5
DA:8,5
DA:12,5
DA:26,5
DA:39,5
DA:52,5
DA:91,5
DA:99,5
DA:102,5
DA:106,5
DA:110,5
DA:116,5
DA:122,5
DA:128,5
DA:135,5
DA:140,5
DA:142,5
LF:21
LH:21
BRF:0
BRH:0
end_of_record
TN:
SF:src\routes\friend.routes.js
FNF:0
FNH:0
DA:1,5
DA:2,5
DA:3,5
DA:5,5
DA:8,5
DA:11,5
DA:12,5
DA:13,5
DA:14,5
DA:15,5
DA:16,5
DA:19,5
DA:20,5
DA:21,5
DA:22,5
DA:25,5
DA:27,5
LF:17
LH:17
BRF:0
BRH:0
end_of_record
TN:
SF:src\routes\gamification.routes.js
FNF:0
FNH:0
DA:1,5
DA:2,5
DA:3,5
DA:4,5
DA:7,5
DA:8,5
DA:11,5
DA:12,5
DA:15,5
DA:17,5
LF:10
LH:10
BRF:0
BRH:0
end_of_record
TN:
SF:src\routes\group.routes.js
FNF:0
FNH:0
DA:1,5
DA:2,5
DA:3,5
DA:5,5
DA:8,5
DA:11,5
DA:12,5
DA:13,5
DA:14,5
DA:15,5
DA:18,5
DA:19,5
DA:20,5
DA:23,5
DA:24,5
DA:27,5
DA:28,5
DA:30,5
LF:18
LH:18
BRF:0
BRH:0
end_of_record
TN:
SF:src\routes\healthRoutes.js
FNF:0
FNH:0
DA:1,5
DA:2,5
DA:4,5
DA:6,5
DA:8,5
LF:5
LH:5
BRF:0
BRH:0
end_of_record
TN:
SF:src\routes\invoice.routes.js
FNF:0
FNH:0
DA:1,5
DA:2,5
DA:8,5
DA:9,5
DA:12,5
DA:16,5
DA:20,5
DA:24,5
DA:28,5
DA:30,5
LF:10
LH:10
BRF:0
BRH:0
end_of_record
TN:
SF:src\routes\notebook.routes.js
FNF:0
FNH:0
DA:1,5
DA:2,5
DA:3,5
DA:4,5
DA:5,5
DA:8,5
DA:17,5
DA:18,5
DA:19,5
DA:20,5
DA:21,5
DA:27,5
DA:28,5
DA:29,5
DA:30,5
DA:36,5
DA:37,5
DA:43,5
DA:45,5
LF:19
LH:19
BRF:0
BRH:0
end_of_record
TN:
SF:src\routes\notification.routes.js
FNF:0
FNH:0
DA:1,5
DA:2,5
DA:3,5
DA:5,5
DA:8,5
DA:11,5
DA:14,5
DA:17,5
DA:20,5
DA:23,5
DA:26,5
DA:29,5
DA:31,5
LF:13
LH:13
BRF:0
BRH:0
end_of_record
TN:
SF:src\routes\report.routes.js
FN:9,(anonymous_0)
FN:14,(anonymous_1)
FNF:2
FNH:0
FNDA:0,(anonymous_0)
FNDA:0,(anonymous_1)
DA:1,5
DA:2,5
DA:3,5
DA:4,5
DA:5,5
DA:6,5
DA:9,5
DA:10,0
DA:11,0
DA:12,0
DA:14,0
DA:20,0
DA:24,5
DA:39,5
DA:50,5
DA:53,5
DA:56,5
DA:57,5
DA:58,5
DA:59,5
DA:60,5
DA:61,5
DA:62,5
DA:64,5
LF:24
LH:19
BRDA:11,0,0,0
BRDA:11,0,1,0
BRF:2
BRH:0
end_of_record
TN:
SF:src\routes\studyPlanner.routes.js
FNF:0
FNH:0
DA:1,5
DA:2,5
DA:3,5
DA:4,5
DA:5,5
DA:12,5
DA:13,5
DA:14,5
DA:15,5
DA:16,5
DA:19,5
DA:20,5
DA:23,5
DA:30,5
DA:31,5
DA:32,5
DA:33,5
DA:34,5
DA:35,5
DA:36,5
DA:37,5
DA:38,5
DA:41,5
DA:42,5
DA:44,5
LF:25
LH:25
BRF:0
BRH:0
end_of_record
TN:
SF:src\routes\subscription.routes.js
FNF:0
FNH:0
DA:1,5
DA:2,5
DA:3,5
DA:4,5
DA:7,5
DA:10,5
DA:12,5
DA:13,5
DA:14,5
DA:15,5
DA:16,5
DA:17,5
DA:18,5
DA:20,5
LF:14
LH:14
BRF:0
BRH:0
end_of_record
TN:
SF:src\routes\usage.routes.js
FNF:0
FNH:0
DA:1,5
DA:2,5
DA:3,5
DA:10,5
DA:13,5
DA:14,5
DA:17,5
DA:18,5
DA:19,5
DA:21,5
LF:10
LH:10
BRF:0
BRH:0
end_of_record
TN:
SF:src\routes\user.routes.js
FNF:0
FNH:0
DA:1,5
DA:2,5
DA:3,5
DA:5,5
DA:12,5
DA:19,5
DA:26,5
DA:33,5
DA:35,5
LF:9
LH:9
BRF:0
BRH:0
end_of_record
TN:
SF:src\routes\visualAids.routes.js
FN:41,(anonymous_0)
FN:73,(anonymous_1)
FNF:2
FNH:0
FNDA:0,(anonymous_0)
FNDA:0,(anonymous_1)
DA:1,5
DA:2,5
DA:3,5
DA:6,5
DA:12,5
DA:13,5
DA:14,5
DA:15,5
DA:18,5
DA:19,5
DA:25,5
DA:26,5
DA:27,5
DA:28,5
DA:29,5
DA:32,5
DA:33,5
DA:34,5
DA:40,5
DA:41,5
DA:43,0
DA:44,0
DA:45,0
DA:46,0
DA:48,5
DA:49,5
DA:50,5
DA:53,5
DA:56,5
DA:57,5
DA:60,5
DA:66,5
DA:67,5
DA:73,5
DA:74,0
DA:93,5
DA:94,5
DA:95,5
DA:96,5
DA:97,5
DA:99,5
LF:41
LH:36
BRF:0
BRH:0
end_of_record
TN:
SF:src\routes\webhook.routes.js
FNF:0
FNH:0
DA:1,5
DA:2,5
DA:3,5
DA:11,5
DA:13,5
LF:5
LH:5
BRF:0
BRH:0
end_of_record
TN:
SF:src\services\ai.service.js
FN:6,(anonymous_0)
FN:19,(anonymous_1)
FN:38,(anonymous_2)
FN:53,(anonymous_3)
FN:68,(anonymous_4)
FN:82,(anonymous_5)
FN:96,(anonymous_6)
FN:134,(anonymous_7)
FN:137,(anonymous_8)
FN:138,(anonymous_9)
FN:190,(anonymous_10)
FN:238,(anonymous_11)
FN:241,(anonymous_12)
FN:242,(anonymous_13)
FN:294,(anonymous_14)
FN:334,(anonymous_15)
FN:349,(anonymous_16)
FNF:17
FNH:1
FNDA:5,(anonymous_0)
FNDA:0,(anonymous_1)
FNDA:0,(anonymous_2)
FNDA:0,(anonymous_3)
FNDA:0,(anonymous_4)
FNDA:0,(anonymous_5)
FNDA:0,(anonymous_6)
FNDA:0,(anonymous_7)
FNDA:0,(anonymous_8)
FNDA:0,(anonymous_9)
FNDA:0,(anonymous_10)
FNDA:0,(anonymous_11)
FNDA:0,(anonymous_12)
FNDA:0,(anonymous_13)
FNDA:0,(anonymous_14)
FNDA:0,(anonymous_15)
FNDA:0,(anonymous_16)
DA:1,5
DA:3,5
DA:7,5
DA:20,0
DA:21,0
DA:26,0
DA:28,0
DA:29,0
DA:39,0
DA:54,0
DA:69,0
DA:83,0
DA:97,0
DA:98,0
DA:105,0
DA:118,0
DA:125,0
DA:127,0
DA:128,0
DA:129,0
DA:132,0
DA:134,0
DA:136,0
DA:137,0
DA:138,0
DA:141,0
DA:144,0
DA:145,0
DA:146,0
DA:150,0
DA:151,0
DA:152,0
DA:156,0
DA:157,0
DA:161,0
DA:162,0
DA:163,0
DA:166,0
DA:175,0
DA:176,0
DA:179,0
DA:182,0
DA:183,0
DA:191,0
DA:192,0
DA:193,0
DA:196,0
DA:202,0
DA:203,0
DA:204,0
DA:206,0
DA:213,0
DA:222,0
DA:229,0
DA:231,0
DA:232,0
DA:233,0
DA:236,0
DA:238,0
DA:240,0
DA:241,0
DA:242,0
DA:245,0
DA:248,0
DA:249,0
DA:250,0
DA:254,0
DA:255,0
DA:256,0
DA:260,0
DA:261,0
DA:265,0
DA:266,0
DA:267,0
DA:270,0
DA:279,0
DA:280,0
DA:283,0
DA:286,0
DA:287,0
DA:295,0
DA:298,0
DA:299,0
DA:326,0
DA:327,0
DA:335,0
DA:350,0
DA:351,0
DA:352,0
DA:354,0
DA:362,5
LF:91
LH:4
BRDA:3,0,0,5
BRDA:3,0,1,0
BRDA:30,1,0,0
BRDA:30,1,1,0
BRDA:96,2,0,0
BRDA:107,3,0,0
BRDA:107,3,1,0
BRDA:108,4,0,0
BRDA:108,4,1,0
BRDA:110,5,0,0
BRDA:110,5,1,0
BRDA:111,6,0,0
BRDA:111,6,1,0
BRDA:121,7,0,0
BRDA:121,7,1,0
BRDA:125,8,0,0
BRDA:125,8,1,0
BRDA:127,9,0,0
BRDA:127,9,1,0
BRDA:136,10,0,0
BRDA:136,10,1,0
BRDA:137,11,0,0
BRDA:137,11,1,0
BRDA:138,12,0,0
BRDA:138,12,1,0
BRDA:141,13,0,0
BRDA:141,13,1,0
BRDA:141,14,0,0
BRDA:141,14,1,0
BRDA:144,15,0,0
BRDA:144,15,1,0
BRDA:144,16,0,0
BRDA:144,16,1,0
BRDA:150,17,0,0
BRDA:150,17,1,0
BRDA:151,18,0,0
BRDA:151,18,1,0
BRDA:156,19,0,0
BRDA:156,19,1,0
BRDA:156,20,0,0
BRDA:156,20,1,0
BRDA:161,21,0,0
BRDA:161,21,1,0
BRDA:162,22,0,0
BRDA:162,22,1,0
BRDA:167,23,0,0
BRDA:167,23,1,0
BRDA:170,24,0,0
BRDA:170,24,1,0
BRDA:171,25,0,0
BRDA:171,25,1,0
BRDA:171,25,2,0
BRDA:175,26,0,0
BRDA:175,26,1,0
BRDA:182,27,0,0
BRDA:182,27,1,0
BRDA:183,28,0,0
BRDA:183,28,1,0
BRDA:190,29,0,0
BRDA:202,30,0,0
BRDA:202,30,1,0
BRDA:203,31,0,0
BRDA:203,31,1,0
BRDA:225,32,0,0
BRDA:225,32,1,0
BRDA:229,33,0,0
BRDA:229,33,1,0
BRDA:231,34,0,0
BRDA:231,34,1,0
BRDA:240,35,0,0
BRDA:240,35,1,0
BRDA:241,36,0,0
BRDA:241,36,1,0
BRDA:242,37,0,0
BRDA:242,37,1,0
BRDA:245,38,0,0
BRDA:245,38,1,0
BRDA:245,39,0,0
BRDA:245,39,1,0
BRDA:248,40,0,0
BRDA:248,40,1,0
BRDA:248,41,0,0
BRDA:248,41,1,0
BRDA:254,42,0,0
BRDA:254,42,1,0
BRDA:255,43,0,0
BRDA:255,43,1,0
BRDA:260,44,0,0
BRDA:260,44,1,0
BRDA:260,45,0,0
BRDA:260,45,1,0
BRDA:265,46,0,0
BRDA:265,46,1,0
BRDA:266,47,0,0
BRDA:266,47,1,0
BRDA:271,48,0,0
BRDA:271,48,1,0
BRDA:274,49,0,0
BRDA:274,49,1,0
BRDA:275,50,0,0
BRDA:275,50,1,0
BRDA:275,50,2,0
BRDA:279,51,0,0
BRDA:279,51,1,0
BRDA:286,52,0,0
BRDA:286,52,1,0
BRDA:287,53,0,0
BRDA:287,53,1,0
BRDA:294,54,0,0
BRDA:298,55,0,0
BRDA:298,55,1,0
BRF:111
BRH:1
end_of_record
TN:
SF:src\services\auth.service.js
FN:12,(anonymous_0)
FN:52,(anonymous_1)
FN:98,(anonymous_2)
FN:145,(anonymous_3)
FN:197,(anonymous_4)
FNF:5
FNH:3
FNDA:68,(anonymous_0)
FNDA:4,(anonymous_1)
FNDA:3,(anonymous_2)
FNDA:0,(anonymous_3)
FNDA:0,(anonymous_4)
DA:1,5
DA:2,5
DA:3,5
DA:4,5
DA:5,5
DA:12,5
DA:13,68
DA:16,68
DA:17,68
DA:18,1
DA:22,67
DA:29,66
DA:35,66
DA:36,66
DA:39,66
DA:52,5
DA:54,4
DA:55,0
DA:59,4
DA:60,4
DA:61,1
DA:65,3
DA:66,1
DA:70,2
DA:71,2
DA:72,1
DA:76,1
DA:82,1
DA:83,1
DA:86,1
DA:98,5
DA:99,3
DA:100,1
DA:103,2
DA:105,2
DA:108,1
DA:109,1
DA:110,0
DA:114,1
DA:115,0
DA:119,1
DA:125,1
DA:126,1
DA:128,1
DA:133,1
DA:134,0
DA:136,1
DA:145,5
DA:146,0
DA:147,0
DA:151,0
DA:152,0
DA:154,0
DA:160,0
DA:163,0
DA:169,0
DA:170,0
DA:171,0
DA:174,0
DA:175,0
DA:178,0
DA:179,0
DA:180,0
DA:182,0
DA:183,0
DA:186,0
DA:197,5
DA:198,0
DA:199,0
DA:202,0
DA:203,0
DA:207,0
DA:213,0
DA:218,0
DA:219,0
DA:223,0
DA:224,0
DA:225,0
DA:226,0
DA:229,0
DA:230,0
DA:232,0
DA:236,0
DA:241,5
LF:84
LH:46
BRDA:17,0,0,1
BRDA:17,0,1,67
BRDA:54,1,0,0
BRDA:54,1,1,4
BRDA:54,2,0,4
BRDA:54,2,1,4
BRDA:60,3,0,1
BRDA:60,3,1,3
BRDA:65,4,0,1
BRDA:65,4,1,2
BRDA:71,5,0,1
BRDA:71,5,1,1
BRDA:99,6,0,1
BRDA:99,6,1,2
BRDA:109,7,0,0
BRDA:109,7,1,1
BRDA:114,8,0,0
BRDA:114,8,1,1
BRDA:133,9,0,0
BRDA:133,9,1,1
BRDA:136,10,0,1
BRDA:136,10,1,0
BRDA:146,11,0,0
BRDA:146,11,1,0
BRDA:152,12,0,0
BRDA:152,12,1,0
BRDA:198,13,0,0
BRDA:198,13,1,0
BRDA:198,14,0,0
BRDA:198,14,1,0
BRDA:202,15,0,0
BRDA:202,15,1,0
BRDA:218,16,0,0
BRDA:218,16,1,0
BRF:34
BRH:17
end_of_record
TN:
SF:src\services\board.service.js
FN:9,(anonymous_0)
FN:26,(anonymous_1)
FN:69,(anonymous_2)
FN:90,(anonymous_3)
FN:105,(anonymous_4)
FN:121,(anonymous_5)
FN:140,(anonymous_6)
FN:161,(anonymous_7)
FN:175,(anonymous_8)
FN:202,(anonymous_9)
FN:220,(anonymous_10)
FN:230,(anonymous_11)
FN:243,(anonymous_12)
FN:259,(anonymous_13)
FN:292,(anonymous_14)
FN:318,(anonymous_15)
FN:345,(anonymous_16)
FN:377,(anonymous_17)
FN:432,(anonymous_18)
FN:455,(anonymous_19)
FN:467,(anonymous_20)
FN:485,(anonymous_21)
FN:498,(anonymous_22)
FN:536,(anonymous_23)
FN:537,(anonymous_24)
FNF:25
FNH:0
FNDA:0,(anonymous_0)
FNDA:0,(anonymous_1)
FNDA:0,(anonymous_2)
FNDA:0,(anonymous_3)
FNDA:0,(anonymous_4)
FNDA:0,(anonymous_5)
FNDA:0,(anonymous_6)
FNDA:0,(anonymous_7)
FNDA:0,(anonymous_8)
FNDA:0,(anonymous_9)
FNDA:0,(anonymous_10)
FNDA:0,(anonymous_11)
FNDA:0,(anonymous_12)
FNDA:0,(anonymous_13)
FNDA:0,(anonymous_14)
FNDA:0,(anonymous_15)
FNDA:0,(anonymous_16)
FNDA:0,(anonymous_17)
FNDA:0,(anonymous_18)
FNDA:0,(anonymous_19)
FNDA:0,(anonymous_20)
FNDA:0,(anonymous_21)
FNDA:0,(anonymous_22)
FNDA:0,(anonymous_23)
FNDA:0,(anonymous_24)
DA:1,5
DA:2,5
DA:3,5
DA:10,0
DA:19,0
DA:20,0
DA:34,0
DA:36,0
DA:43,0
DA:44,0
DA:47,0
DA:48,0
DA:51,0
DA:53,0
DA:61,0
DA:63,0
DA:70,0
DA:75,0
DA:76,0
DA:80,0
DA:81,0
DA:84,0
DA:91,0
DA:93,0
DA:94,0
DA:98,0
DA:99,0
DA:103,0
DA:105,0
DA:106,0
DA:107,0
DA:111,0
DA:112,0
DA:113,0
DA:115,0
DA:122,0
DA:124,0
DA:125,0
DA:129,0
DA:130,0
DA:133,0
DA:134,0
DA:141,0
DA:143,0
DA:144,0
DA:148,0
DA:149,0
DA:152,0
DA:153,0
DA:155,0
DA:162,0
DA:164,0
DA:165,0
DA:169,0
DA:170,0
DA:174,0
DA:175,0
DA:178,0
DA:179,0
DA:183,0
DA:184,0
DA:185,0
DA:188,0
DA:193,0
DA:194,0
DA:196,0
DA:203,0
DA:205,0
DA:206,0
DA:210,0
DA:211,0
DA:215,0
DA:216,0
DA:219,0
DA:220,0
DA:223,0
DA:224,0
DA:231,0
DA:233,0
DA:234,0
DA:238,0
DA:239,0
DA:242,0
DA:243,0
DA:246,0
DA:247,0
DA:250,0
DA:251,0
DA:253,0
DA:260,0
DA:262,0
DA:263,0
DA:267,0
DA:268,0
DA:272,0
DA:273,0
DA:274,0
DA:275,0
DA:276,0
DA:278,0
DA:279,0
DA:280,0
DA:281,0
DA:283,0
DA:284,0
DA:286,0
DA:293,0
DA:295,0
DA:305,0
DA:312,0
DA:319,0
DA:321,0
DA:322,0
DA:326,0
DA:327,0
DA:328,0
DA:332,0
DA:334,0
DA:336,0
DA:344,0
DA:345,0
DA:347,0
DA:348,0
DA:352,0
DA:358,0
DA:359,0
DA:362,0
DA:386,0
DA:388,0
DA:390,0
DA:391,0
DA:397,0
DA:398,0
DA:401,0
DA:402,0
DA:405,0
DA:406,0
DA:408,0
DA:418,0
DA:433,0
DA:437,0
DA:438,0
DA:441,0
DA:455,0
DA:468,0
DA:470,0
DA:471,0
DA:474,0
DA:475,0
DA:476,0
DA:477,0
DA:479,0
DA:486,0
DA:488,0
DA:489,0
DA:492,0
DA:506,0
DA:523,0
DA:537,0
DA:538,0
DA:539,0
DA:540,0
DA:545,5
LF:163
LH:4
BRDA:14,0,0,0
BRDA:14,0,1,0
BRDA:15,1,0,0
BRDA:15,1,1,0
BRDA:16,2,0,0
BRDA:16,2,1,0
BRDA:26,3,0,0
BRDA:28,4,0,0
BRDA:29,5,0,0
BRDA:30,6,0,0
BRDA:31,7,0,0
BRDA:32,8,0,0
BRDA:33,9,0,0
BRDA:43,10,0,0
BRDA:43,10,1,0
BRDA:47,11,0,0
BRDA:47,11,1,0
BRDA:51,12,0,0
BRDA:51,12,1,0
BRDA:75,13,0,0
BRDA:75,13,1,0
BRDA:80,14,0,0
BRDA:80,14,1,0
BRDA:93,15,0,0
BRDA:93,15,1,0
BRDA:98,16,0,0
BRDA:98,16,1,0
BRDA:106,17,0,0
BRDA:106,17,1,0
BRDA:124,18,0,0
BRDA:124,18,1,0
BRDA:129,19,0,0
BRDA:129,19,1,0
BRDA:140,20,0,0
BRDA:143,21,0,0
BRDA:143,21,1,0
BRDA:148,22,0,0
BRDA:148,22,1,0
BRDA:164,23,0,0
BRDA:164,23,1,0
BRDA:169,24,0,0
BRDA:169,24,1,0
BRDA:178,25,0,0
BRDA:178,25,1,0
BRDA:184,26,0,0
BRDA:184,26,1,0
BRDA:190,27,0,0
BRDA:190,27,1,0
BRDA:205,28,0,0
BRDA:205,28,1,0
BRDA:210,29,0,0
BRDA:210,29,1,0
BRDA:215,30,0,0
BRDA:215,30,1,0
BRDA:233,31,0,0
BRDA:233,31,1,0
BRDA:238,32,0,0
BRDA:238,32,1,0
BRDA:246,33,0,0
BRDA:246,33,1,0
BRDA:262,34,0,0
BRDA:262,34,1,0
BRDA:267,35,0,0
BRDA:267,35,1,0
BRDA:278,36,0,0
BRDA:278,36,1,0
BRDA:292,37,0,0
BRDA:293,38,0,0
BRDA:293,39,0,0
BRDA:318,40,0,0
BRDA:321,41,0,0
BRDA:321,41,1,0
BRDA:327,42,0,0
BRDA:327,42,1,0
BRDA:327,43,0,0
BRDA:327,43,1,0
BRDA:334,44,0,0
BRDA:334,44,1,0
BRDA:344,45,0,0
BRDA:344,45,1,0
BRDA:347,46,0,0
BRDA:347,46,1,0
BRDA:377,47,0,0
BRDA:379,48,0,0
BRDA:380,49,0,0
BRDA:381,50,0,0
BRDA:382,51,0,0
BRDA:383,52,0,0
BRDA:384,53,0,0
BRDA:385,54,0,0
BRDA:390,55,0,0
BRDA:390,55,1,0
BRDA:397,56,0,0
BRDA:397,56,1,0
BRDA:401,57,0,0
BRDA:401,57,1,0
BRDA:406,58,0,0
BRDA:406,58,1,0
BRDA:437,59,0,0
BRDA:437,59,1,0
BRDA:470,60,0,0
BRDA:470,60,1,0
BRDA:488,61,0,0
BRDA:488,61,1,0
BRDA:538,62,0,0
BRDA:538,62,1,0
BRDA:539,63,0,0
BRDA:539,63,1,0
BRF:108
BRH:0
end_of_record
TN:
SF:src\services\chat.service.js
FN:7,(anonymous_0)
FN:47,(anonymous_1)
FN:52,(anonymous_2)
FN:67,(anonymous_3)
FN:96,(anonymous_4)
FN:118,(anonymous_5)
FN:129,(anonymous_6)
FN:159,(anonymous_7)
FN:167,(anonymous_8)
FN:174,(anonymous_9)
FN:185,(anonymous_10)
FN:210,(anonymous_11)
FN:229,(anonymous_12)
FNF:13
FNH:0
FNDA:0,(anonymous_0)
FNDA:0,(anonymous_1)
FNDA:0,(anonymous_2)
FNDA:0,(anonymous_3)
FNDA:0,(anonymous_4)
FNDA:0,(anonymous_5)
FNDA:0,(anonymous_6)
FNDA:0,(anonymous_7)
FNDA:0,(anonymous_8)
FNDA:0,(anonymous_9)
FNDA:0,(anonymous_10)
FNDA:0,(anonymous_11)
FNDA:0,(anonymous_12)
DA:1,5
DA:2,5
DA:3,5
DA:8,0
DA:10,0
DA:20,0
DA:21,0
DA:22,0
DA:26,0
DA:27,0
DA:28,0
DA:32,0
DA:33,0
DA:34,0
DA:35,0
DA:39,0
DA:40,0
DA:41,0
DA:44,0
DA:45,0
DA:46,0
DA:47,0
DA:52,0
DA:53,0
DA:55,0
DA:56,0
DA:59,0
DA:62,0
DA:63,0
DA:68,0
DA:69,0
DA:71,0
DA:72,0
DA:73,0
DA:74,0
DA:78,0
DA:79,0
DA:80,0
DA:83,0
DA:84,0
DA:85,0
DA:86,0
DA:87,0
DA:91,0
DA:92,0
DA:93,0
DA:96,0
DA:97,0
DA:98,0
DA:101,0
DA:104,0
DA:105,0
DA:108,0
DA:114,0
DA:120,0
DA:128,0
DA:130,0
DA:131,0
DA:133,0
DA:142,0
DA:150,0
DA:159,0
DA:160,0
DA:161,0
DA:162,0
DA:168,0
DA:173,0
DA:174,0
DA:175,0
DA:176,0
DA:177,0
DA:181,0
DA:186,0
DA:188,0
DA:189,0
DA:192,0
DA:193,0
DA:196,0
DA:197,0
DA:200,0
DA:201,0
DA:202,0
DA:204,0
DA:206,0
DA:211,0
DA:213,0
DA:214,0
DA:217,0
DA:218,0
DA:221,0
DA:222,0
DA:223,0
DA:225,0
DA:231,0
DA:233,0
DA:239,0
DA:243,5
LF:97
LH:4
BRDA:14,0,0,0
BRDA:14,0,1,0
BRDA:15,1,0,0
BRDA:15,1,1,0
BRDA:20,2,0,0
BRDA:20,2,1,0
BRDA:21,3,0,0
BRDA:21,3,1,0
BRDA:27,4,0,0
BRDA:27,4,1,0
BRDA:33,5,0,0
BRDA:33,5,1,0
BRDA:34,6,0,0
BRDA:34,6,1,0
BRDA:40,7,0,0
BRDA:40,7,1,0
BRDA:55,8,0,0
BRDA:55,8,1,0
BRDA:68,9,0,0
BRDA:71,10,0,0
BRDA:71,10,1,0
BRDA:73,11,0,0
BRDA:73,11,1,0
BRDA:79,12,0,0
BRDA:79,12,1,0
BRDA:84,13,0,0
BRDA:84,13,1,0
BRDA:86,14,0,0
BRDA:86,14,1,0
BRDA:92,15,0,0
BRDA:92,15,1,0
BRDA:97,16,0,0
BRDA:97,16,1,0
BRDA:104,17,0,0
BRDA:104,17,1,0
BRDA:130,18,0,0
BRDA:130,18,1,0
BRDA:131,19,0,0
BRDA:131,19,1,0
BRDA:160,20,0,0
BRDA:160,20,1,0
BRDA:161,21,0,0
BRDA:161,21,1,0
BRDA:175,22,0,0
BRDA:175,22,1,0
BRDA:188,23,0,0
BRDA:188,23,1,0
BRDA:192,24,0,0
BRDA:192,24,1,0
BRDA:196,25,0,0
BRDA:196,25,1,0
BRDA:213,26,0,0
BRDA:213,26,1,0
BRDA:217,27,0,0
BRDA:217,27,1,0
BRDA:231,28,0,0
BRDA:231,28,1,0
BRF:57
BRH:0
end_of_record
TN:
SF:src\services\coupon.service.js
FN:6,(anonymous_0)
FN:32,(anonymous_1)
FN:59,(anonymous_2)
FN:86,(anonymous_3)
FN:114,(anonymous_4)
FN:122,(anonymous_5)
FN:133,(anonymous_6)
FN:155,(anonymous_7)
FN:172,(anonymous_8)
FN:192,(anonymous_9)
FN:201,(anonymous_10)
FN:226,(anonymous_11)
FN:232,(anonymous_12)
FN:240,(anonymous_13)
FN:260,(anonymous_14)
FN:282,(anonymous_15)
FNF:16
FNH:0
FNDA:0,(anonymous_0)
FNDA:0,(anonymous_1)
FNDA:0,(anonymous_2)
FNDA:0,(anonymous_3)
FNDA:0,(anonymous_4)
FNDA:0,(anonymous_5)
FNDA:0,(anonymous_6)
FNDA:0,(anonymous_7)
FNDA:0,(anonymous_8)
FNDA:0,(anonymous_9)
FNDA:0,(anonymous_10)
FNDA:0,(anonymous_11)
FNDA:0,(anonymous_12)
FNDA:0,(anonymous_13)
FNDA:0,(anonymous_14)
FNDA:0,(anonymous_15)
DA:1,5
DA:6,5
DA:7,0
DA:9,0
DA:10,0
DA:13,0
DA:18,0
DA:20,0
DA:22,0
DA:23,0
DA:25,0
DA:32,5
DA:33,0
DA:35,0
DA:36,0
DA:42,0
DA:59,5
DA:60,0
DA:65,0
DA:66,0
DA:70,0
DA:73,0
DA:75,0
DA:86,5
DA:87,0
DA:89,0
DA:90,0
DA:93,0
DA:94,0
DA:97,0
DA:98,0
DA:99,0
DA:100,0
DA:101,0
DA:104,0
DA:108,0
DA:114,5
DA:115,0
DA:116,0
DA:122,5
DA:123,0
DA:127,0
DA:133,5
DA:135,0
DA:136,0
DA:137,0
DA:139,0
DA:145,0
DA:146,0
DA:149,0
DA:155,5
DA:156,0
DA:162,0
DA:163,0
DA:166,0
DA:172,5
DA:173,0
DA:175,0
DA:176,0
DA:180,0
DA:181,0
DA:184,0
DA:186,0
DA:192,5
DA:193,0
DA:195,0
DA:196,0
DA:200,0
DA:201,0
DA:206,0
DA:210,0
DA:226,5
DA:227,0
DA:229,0
DA:232,0
DA:238,0
DA:239,0
DA:240,0
DA:244,0
DA:245,0
DA:246,0
DA:254,0
DA:260,5
DA:261,0
DA:263,0
DA:264,0
DA:270,0
DA:271,0
DA:274,0
DA:276,0
DA:282,5
DA:283,0
DA:295,5
LF:93
LH:15
BRDA:9,0,0,0
BRDA:9,0,1,0
BRDA:22,1,0,0
BRDA:22,1,1,0
BRDA:35,2,0,0
BRDA:35,2,1,0
BRDA:65,3,0,0
BRDA:65,3,1,0
BRDA:86,4,0,0
BRDA:89,5,0,0
BRDA:89,5,1,0
BRDA:93,6,0,0
BRDA:93,6,1,0
BRDA:97,7,0,0
BRDA:97,7,1,0
BRDA:145,8,0,0
BRDA:145,8,1,0
BRDA:162,9,0,0
BRDA:162,9,1,0
BRDA:175,10,0,0
BRDA:175,10,1,0
BRDA:180,11,0,0
BRDA:180,11,1,0
BRDA:195,12,0,0
BRDA:195,12,1,0
BRDA:201,13,0,0
BRDA:201,13,1,0
BRDA:206,14,0,0
BRDA:206,14,1,0
BRDA:240,15,0,0
BRDA:240,15,1,0
BRF:31
BRH:0
end_of_record
TN:
SF:src\services\focus.service.js
FN:9,(anonymous_0)
FN:39,(anonymous_1)
FN:60,(anonymous_2)
FN:86,(anonymous_3)
FN:139,(anonymous_4)
FN:160,(anonymous_5)
FN:186,(anonymous_6)
FN:202,(anonymous_7)
FN:245,(anonymous_8)
FN:252,(anonymous_9)
FN:280,(anonymous_10)
FN:307,(anonymous_11)
FN:334,(anonymous_12)
FN:359,(anonymous_13)
FN:375,(anonymous_14)
FN:393,(anonymous_15)
FN:411,(anonymous_16)
FN:424,(anonymous_17)
FNF:18
FNH:0
FNDA:0,(anonymous_0)
FNDA:0,(anonymous_1)
FNDA:0,(anonymous_2)
FNDA:0,(anonymous_3)
FNDA:0,(anonymous_4)
FNDA:0,(anonymous_5)
FNDA:0,(anonymous_6)
FNDA:0,(anonymous_7)
FNDA:0,(anonymous_8)
FNDA:0,(anonymous_9)
FNDA:0,(anonymous_10)
FNDA:0,(anonymous_11)
FNDA:0,(anonymous_12)
FNDA:0,(anonymous_13)
FNDA:0,(anonymous_14)
FNDA:0,(anonymous_15)
FNDA:0,(anonymous_16)
FNDA:0,(anonymous_17)
DA:1,5
DA:2,5
DA:3,5
DA:11,0
DA:12,0
DA:13,0
DA:17,0
DA:18,0
DA:19,0
DA:20,0
DA:24,0
DA:33,0
DA:40,0
DA:46,0
DA:47,0
DA:50,0
DA:51,0
DA:52,0
DA:54,0
DA:61,0
DA:67,0
DA:68,0
DA:71,0
DA:72,0
DA:73,0
DA:76,0
DA:77,0
DA:78,0
DA:80,0
DA:87,0
DA:93,0
DA:94,0
DA:98,0
DA:99,0
DA:100,0
DA:104,0
DA:105,0
DA:106,0
DA:107,0
DA:108,0
DA:110,0
DA:113,0
DA:114,0
DA:115,0
DA:116,0
DA:119,0
DA:120,0
DA:126,0
DA:130,0
DA:140,0
DA:146,0
DA:147,0
DA:150,0
DA:151,0
DA:152,0
DA:154,0
DA:161,0
DA:162,0
DA:164,0
DA:165,0
DA:166,0
DA:170,0
DA:176,0
DA:177,0
DA:180,0
DA:187,0
DA:192,0
DA:193,0
DA:196,0
DA:210,0
DA:212,0
DA:214,0
DA:215,0
DA:217,0
DA:218,0
DA:219,0
DA:220,0
DA:223,0
DA:231,0
DA:246,0
DA:253,0
DA:255,0
DA:267,0
DA:268,0
DA:269,0
DA:273,0
DA:274,0
DA:281,0
DA:284,0
DA:286,0
DA:287,0
DA:289,0
DA:290,0
DA:292,0
DA:293,0
DA:295,0
DA:296,0
DA:298,0
DA:301,0
DA:307,0
DA:308,0
DA:309,0
DA:311,0
DA:334,0
DA:335,0
DA:337,0
DA:338,0
DA:339,0
DA:341,0
DA:344,0
DA:347,0
DA:348,0
DA:351,0
DA:352,0
DA:353,0
DA:357,0
DA:358,0
DA:359,0
DA:360,0
DA:362,0
DA:364,0
DA:365,0
DA:369,0
DA:376,0
DA:382,0
DA:384,0
DA:385,0
DA:386,0
DA:388,0
DA:389,0
DA:390,0
DA:391,0
DA:393,0
DA:394,0
DA:397,0
DA:398,0
DA:399,0
DA:401,0
DA:405,0
DA:412,0
DA:418,0
DA:420,0
DA:421,0
DA:422,0
DA:424,0
DA:425,0
DA:426,0
DA:428,0
DA:429,0
DA:431,0
DA:433,0
DA:435,0
DA:437,0
DA:440,0
DA:441,0
DA:445,0
DA:448,0
DA:452,5
LF:158
LH:4
BRDA:12,0,0,0
BRDA:12,0,1,0
BRDA:18,1,0,0
BRDA:18,1,1,0
BRDA:46,2,0,0
BRDA:46,2,1,0
BRDA:67,3,0,0
BRDA:67,3,1,0
BRDA:71,4,0,0
BRDA:71,4,1,0
BRDA:86,5,0,0
BRDA:93,6,0,0
BRDA:93,6,1,0
BRDA:98,7,0,0
BRDA:98,7,1,0
BRDA:98,8,0,0
BRDA:98,8,1,0
BRDA:107,9,0,0
BRDA:107,9,1,0
BRDA:108,10,0,0
BRDA:108,10,1,0
BRDA:114,11,0,0
BRDA:114,11,1,0
BRDA:115,12,0,0
BRDA:115,12,1,0
BRDA:119,13,0,0
BRDA:119,13,1,0
BRDA:146,14,0,0
BRDA:146,14,1,0
BRDA:165,15,0,0
BRDA:165,15,1,0
BRDA:176,16,0,0
BRDA:176,16,1,0
BRDA:192,17,0,0
BRDA:192,17,1,0
BRDA:202,18,0,0
BRDA:208,19,0,0
BRDA:209,20,0,0
BRDA:214,21,0,0
BRDA:214,21,1,0
BRDA:215,22,0,0
BRDA:215,22,1,0
BRDA:217,23,0,0
BRDA:217,23,1,0
BRDA:217,24,0,0
BRDA:217,24,1,0
BRDA:219,25,0,0
BRDA:219,25,1,0
BRDA:220,26,0,0
BRDA:220,26,1,0
BRDA:268,27,0,0
BRDA:268,27,1,0
BRDA:280,28,0,0
BRDA:284,29,0,0
BRDA:284,29,1,0
BRDA:284,29,2,0
BRDA:284,29,3,0
BRDA:284,29,4,0
BRDA:317,30,0,0
BRDA:317,30,1,0
BRDA:335,31,0,0
BRDA:335,31,1,0
BRDA:337,32,0,0
BRDA:337,32,1,0
BRDA:344,33,0,0
BRDA:344,33,1,0
BRDA:351,34,0,0
BRDA:351,34,1,0
BRDA:360,35,0,0
BRDA:360,35,1,0
BRDA:360,35,2,0
BRDA:365,36,0,0
BRDA:365,36,1,0
BRDA:382,37,0,0
BRDA:382,37,1,0
BRDA:394,38,0,0
BRDA:394,38,1,0
BRDA:397,39,0,0
BRDA:397,39,1,0
BRDA:418,40,0,0
BRDA:418,40,1,0
BRDA:428,41,0,0
BRDA:428,41,1,0
BRDA:433,42,0,0
BRDA:433,42,1,0
BRDA:435,43,0,0
BRDA:435,43,1,0
BRF:87
BRH:0
end_of_record
TN:
SF:src\services\friend.service.js
FN:7,(anonymous_0)
FN:55,(anonymous_1)
FN:89,(anonymous_2)
FN:111,(anonymous_3)
FN:132,(anonymous_4)
FN:144,(anonymous_5)
FN:156,(anonymous_6)
FN:166,(anonymous_7)
FN:183,(anonymous_8)
FN:204,(anonymous_9)
FN:220,(anonymous_10)
FN:227,(anonymous_11)
FN:237,(anonymous_12)
FN:256,(anonymous_13)
FN:279,(anonymous_14)
FNF:15
FNH:0
FNDA:0,(anonymous_0)
FNDA:0,(anonymous_1)
FNDA:0,(anonymous_2)
FNDA:0,(anonymous_3)
FNDA:0,(anonymous_4)
FNDA:0,(anonymous_5)
FNDA:0,(anonymous_6)
FNDA:0,(anonymous_7)
FNDA:0,(anonymous_8)
FNDA:0,(anonymous_9)
FNDA:0,(anonymous_10)
FNDA:0,(anonymous_11)
FNDA:0,(anonymous_12)
FNDA:0,(anonymous_13)
FNDA:0,(anonymous_14)
DA:1,5
DA:2,5
DA:3,5
DA:8,0
DA:9,0
DA:13,0
DA:18,0
DA:19,0
DA:23,0
DA:24,0
DA:25,0
DA:29,0
DA:37,0
DA:38,0
DA:42,0
DA:48,0
DA:56,0
DA:58,0
DA:59,0
DA:62,0
DA:63,0
DA:66,0
DA:67,0
DA:71,0
DA:72,0
DA:76,0
DA:80,0
DA:85,0
DA:90,0
DA:92,0
DA:93,0
DA:96,0
DA:97,0
DA:100,0
DA:101,0
DA:104,0
DA:105,0
DA:107,0
DA:112,0
DA:114,0
DA:115,0
DA:118,0
DA:119,0
DA:122,0
DA:123,0
DA:126,0
DA:128,0
DA:133,0
DA:140,0
DA:145,0
DA:152,0
DA:157,0
DA:166,0
DA:168,0
DA:172,0
DA:179,0
DA:184,0
DA:186,0
DA:187,0
DA:191,0
DA:195,0
DA:198,0
DA:200,0
DA:206,0
DA:210,0
DA:216,0
DA:222,0
DA:227,0
DA:228,0
DA:232,0
DA:237,0
DA:238,0
DA:242,0
DA:252,0
DA:257,0
DA:259,0
DA:260,0
DA:264,0
DA:268,0
DA:271,0
DA:272,0
DA:273,0
DA:275,0
DA:280,0
DA:282,0
DA:283,0
DA:286,0
DA:287,0
DA:290,0
DA:291,0
DA:292,0
DA:294,0
DA:298,5
LF:93
LH:4
BRDA:7,0,0,0
BRDA:8,1,0,0
BRDA:8,1,1,0
BRDA:18,2,0,0
BRDA:18,2,1,0
BRDA:18,3,0,0
BRDA:18,3,1,0
BRDA:24,4,0,0
BRDA:24,4,1,0
BRDA:37,5,0,0
BRDA:37,5,1,0
BRDA:58,6,0,0
BRDA:58,6,1,0
BRDA:62,7,0,0
BRDA:62,7,1,0
BRDA:66,8,0,0
BRDA:66,8,1,0
BRDA:76,9,0,0
BRDA:76,9,1,0
BRDA:92,10,0,0
BRDA:92,10,1,0
BRDA:96,11,0,0
BRDA:96,11,1,0
BRDA:100,12,0,0
BRDA:100,12,1,0
BRDA:114,13,0,0
BRDA:114,13,1,0
BRDA:118,14,0,0
BRDA:118,14,1,0
BRDA:122,15,0,0
BRDA:122,15,1,0
BRDA:168,16,0,0
BRDA:168,16,1,0
BRDA:186,17,0,0
BRDA:186,17,1,0
BRDA:191,18,0,0
BRDA:191,18,1,0
BRDA:192,19,0,0
BRDA:192,19,1,0
BRDA:206,20,0,0
BRDA:206,20,1,0
BRDA:228,21,0,0
BRDA:228,21,1,0
BRDA:238,22,0,0
BRDA:238,22,1,0
BRDA:259,23,0,0
BRDA:259,23,1,0
BRDA:264,24,0,0
BRDA:264,24,1,0
BRDA:265,25,0,0
BRDA:265,25,1,0
BRDA:282,26,0,0
BRDA:282,26,1,0
BRDA:286,27,0,0
BRDA:286,27,1,0
BRF:55
BRH:0
end_of_record
TN:
SF:src\services\gamification.service.js
FN:143,(anonymous_0)
FN:229,(anonymous_1)
FN:262,(anonymous_2)
FN:297,(anonymous_3)
FN:323,(anonymous_4)
FN:348,(anonymous_5)
FN:366,(anonymous_6)
FN:375,(anonymous_7)
FN:385,(anonymous_8)
FN:403,(anonymous_9)
FN:440,(anonymous_10)
FN:441,(anonymous_11)
FNF:12
FNH:2
FNDA:1,(anonymous_0)
FNDA:1,(anonymous_1)
FNDA:0,(anonymous_2)
FNDA:0,(anonymous_3)
FNDA:0,(anonymous_4)
FNDA:0,(anonymous_5)
FNDA:0,(anonymous_6)
FNDA:0,(anonymous_7)
FNDA:0,(anonymous_8)
FNDA:0,(anonymous_9)
FNDA:0,(anonymous_10)
FNDA:0,(anonymous_11)
DA:1,5
DA:4,5
DA:79,5
DA:132,5
DA:144,1
DA:145,1
DA:146,1
DA:148,1
DA:151,1
DA:152,0
DA:156,1
DA:159,1
DA:160,0
DA:164,1
DA:167,1
DA:170,1
DA:173,1
DA:174,1
DA:175,1
DA:180,1
DA:181,0
DA:182,0
DA:186,1
DA:187,0
DA:188,0
DA:193,1
DA:194,0
DA:195,0
DA:199,1
DA:200,0
DA:201,0
DA:205,1
DA:206,0
DA:207,0
DA:211,1
DA:213,1
DA:223,0
DA:224,0
DA:230,1
DA:231,1
DA:232,1
DA:234,1
DA:235,1
DA:237,1
DA:239,1
DA:240,1
DA:241,0
DA:242,0
DA:246,1
DA:248,1
DA:256,0
DA:257,0
DA:263,0
DA:264,0
DA:265,0
DA:267,0
DA:268,0
DA:270,0
DA:272,0
DA:273,0
DA:275,0
DA:276,0
DA:277,0
DA:281,0
DA:283,0
DA:291,0
DA:292,0
DA:298,0
DA:299,0
DA:300,0
DA:302,0
DA:303,0
DA:306,0
DA:317,0
DA:318,0
DA:324,0
DA:326,0
DA:328,0
DA:329,0
DA:331,0
DA:332,0
DA:334,0
DA:335,0
DA:337,0
DA:338,0
DA:340,0
DA:343,0
DA:348,0
DA:360,0
DA:361,0
DA:367,0
DA:368,0
DA:370,0
DA:375,0
DA:376,0
DA:379,0
DA:381,0
DA:385,0
DA:397,0
DA:398,0
DA:404,0
DA:405,0
DA:406,0
DA:407,0
DA:411,0
DA:412,0
DA:414,0
DA:421,0
DA:428,0
DA:434,0
DA:435,0
DA:441,0
DA:450,0
DA:451,0
DA:455,5
LF:115
LH:35
BRDA:143,0,0,0
BRDA:146,1,0,0
BRDA:146,1,1,1
BRDA:151,2,0,0
BRDA:151,2,1,1
BRDA:159,3,0,0
BRDA:159,3,1,1
BRDA:173,4,0,1
BRDA:173,4,1,0
BRDA:174,5,0,1
BRDA:174,5,1,0
BRDA:180,6,0,0
BRDA:180,6,1,1
BRDA:181,7,0,0
BRDA:181,7,1,0
BRDA:186,8,0,0
BRDA:186,8,1,1
BRDA:187,9,0,0
BRDA:187,9,1,0
BRDA:193,10,0,0
BRDA:193,10,1,1
BRDA:194,11,0,0
BRDA:194,11,1,0
BRDA:199,12,0,0
BRDA:199,12,1,1
BRDA:200,13,0,0
BRDA:200,13,1,0
BRDA:205,14,0,0
BRDA:205,14,1,1
BRDA:206,15,0,0
BRDA:206,15,1,0
BRDA:232,16,0,0
BRDA:232,16,1,1
BRDA:240,17,0,0
BRDA:240,17,1,1
BRDA:241,18,0,0
BRDA:241,18,1,0
BRDA:265,19,0,0
BRDA:265,19,1,0
BRDA:275,20,0,0
BRDA:275,20,1,0
BRDA:276,21,0,0
BRDA:276,21,1,0
BRDA:300,22,0,0
BRDA:300,22,1,0
BRDA:323,23,0,0
BRDA:323,24,0,0
BRDA:326,25,0,0
BRDA:326,25,1,0
BRDA:326,25,2,0
BRDA:326,25,3,0
BRDA:326,25,4,0
BRDA:376,26,0,0
BRDA:376,26,1,0
BRDA:406,27,0,0
BRDA:406,27,1,0
BRDA:421,28,0,0
BRDA:421,28,1,0
BRDA:422,29,0,0
BRDA:422,29,1,0
BRDA:423,30,0,0
BRDA:423,30,1,0
BRDA:424,31,0,0
BRDA:424,31,1,0
BRDA:425,32,0,0
BRDA:425,32,1,0
BRF:66
BRH:12
end_of_record
TN:
SF:src\services\group.service.js
FN:7,(anonymous_0)
FN:28,(anonymous_1)
FN:40,(anonymous_2)
FN:52,(anonymous_3)
FN:63,(anonymous_4)
FN:71,(anonymous_5)
FN:79,(anonymous_6)
FN:95,(anonymous_7)
FN:113,(anonymous_8)
FN:121,(anonymous_9)
FN:123,(anonymous_10)
FN:132,(anonymous_11)
FN:156,(anonymous_12)
FN:164,(anonymous_13)
FN:178,(anonymous_14)
FN:182,(anonymous_15)
FN:190,(anonymous_16)
FN:204,(anonymous_17)
FN:212,(anonymous_18)
FN:228,(anonymous_19)
FN:246,(anonymous_20)
FN:250,(anonymous_21)
FN:263,(anonymous_22)
FN:272,(anonymous_23)
FN:290,(anonymous_24)
FN:298,(anonymous_25)
FN:311,(anonymous_26)
FNF:27
FNH:0
FNDA:0,(anonymous_0)
FNDA:0,(anonymous_1)
FNDA:0,(anonymous_2)
FNDA:0,(anonymous_3)
FNDA:0,(anonymous_4)
[...]
BRDA:289,37,0,0
BRDA:289,37,1,0
BRDA:298,38,0,0
BRDA:298,38,1,0
BRDA:299,39,0,0
BRDA:299,39,1,0
BRDA:313,40,0,0
BRDA:313,40,1,0
BRDA:314,41,0,0
BRDA:314,41,1,0
BRF:78
BRH:0
end_of_record
TN:
SF:src\services\report.service.js
FN:10,(anonymous_0)
FN:22,(anonymous_1)
FN:65,(anonymous_2)
FN:95,(anonymous_3)
FN:115,(anonymous_4)
FN:142,(anonymous_5)
FN:162,(anonymous_6)
FN:196,(anonymous_7)
FN:200,(anonymous_8)
FN:211,(anonymous_9)
FN:224,(anonymous_10)
FNF:11
FNH:0
FNDA:0,(anonymous_0)
FNDA:0,(anonymous_1)
FNDA:0,(anonymous_2)
FNDA:0,(anonymous_3)
FNDA:0,(anonymous_4)
FNDA:0,(anonymous_5)
FNDA:0,(anonymous_6)
FNDA:0,(anonymous_7)
FNDA:0,(anonymous_8)
FNDA:0,(anonymous_9)
FNDA:0,(anonymous_10)
DA:1,5
DA:2,5
DA:3,5
DA:4,5
DA:11,0
DA:16,0
DA:31,0
DA:33,0
DA:35,0
DA:36,0
DA:37,0
DA:39,0
DA:40,0
DA:42,0
DA:51,0
DA:66,0
DA:68,0
DA:69,0
DA:73,0
DA:75,0
DA:76,0
DA:79,0
DA:80,0
DA:81,0
DA:83,0
DA:86,0
DA:96,0
DA:98,0
DA:99,0
DA:102,0
DA:103,0
DA:104,0
DA:105,0
DA:106,0
DA:108,0
DA:109,0
DA:116,0
DA:118,0
DA:119,0
DA:122,0
DA:123,0
DA:124,0
DA:125,0
DA:126,0
DA:127,0
DA:129,0
DA:132,0
DA:133,0
DA:136,0
DA:143,0
DA:145,0
DA:146,0
DA:149,0
DA:150,0
DA:151,0
DA:152,0
DA:153,0
DA:155,0
DA:156,0
DA:172,0
DA:190,0
DA:197,0
DA:198,0
DA:201,0
DA:202,0
DA:212,0
DA:213,0
DA:225,0
DA:230,0
DA:234,5
LF:70
LH:5
BRDA:22,0,0,0
BRDA:27,1,0,0
BRDA:28,2,0,0
BRDA:29,3,0,0
BRDA:30,4,0,0
BRDA:35,5,0,0
BRDA:35,5,1,0
BRDA:36,6,0,0
BRDA:36,6,1,0
BRDA:37,7,0,0
BRDA:37,7,1,0
BRDA:40,8,0,0
BRDA:40,8,1,0
BRDA:68,9,0,0
BRDA:68,9,1,0
BRDA:75,10,0,0
BRDA:75,10,1,0
BRDA:80,11,0,0
BRDA:80,11,1,0
BRDA:98,12,0,0
BRDA:98,12,1,0
BRDA:104,13,0,0
BRDA:104,13,1,0
BRDA:105,14,0,0
BRDA:105,14,1,0
BRDA:118,15,0,0
BRDA:118,15,1,0
BRDA:124,16,0,0
BRDA:124,16,1,0
BRDA:125,17,0,0
BRDA:125,17,1,0
BRDA:132,18,0,0
BRDA:132,18,1,0
BRDA:132,19,0,0
BRDA:132,19,1,0
BRDA:145,20,0,0
BRDA:145,20,1,0
BRDA:212,21,0,0
BRDA:212,21,1,0
BRDA:212,22,0,0
BRDA:212,22,1,0
BRDA:216,23,0,0
BRDA:216,23,1,0
BRF:43
BRH:0
end_of_record
TN:
SF:src\services\studyPlan.service.js
FN:9,(anonymous_0)
FN:21,(anonymous_1)
FN:49,(anonymous_2)
FN:73,(anonymous_3)
FN:97,(anonymous_4)
FN:110,(anonymous_5)
FN:137,(anonymous_6)
FN:156,(anonymous_7)
FN:157,(anonymous_8)
FN:158,(anonymous_9)
FN:159,(anonymous_10)
FN:160,(anonymous_11)
FN:169,(anonymous_12)
FN:170,(anonymous_13)
FN:170,(anonymous_14)
FN:179,(anonymous_15)
FN:185,(anonymous_16)
FN:193,(anonymous_17)
FN:200,(anonymous_18)
FN:201,(anonymous_19)
FN:203,(anonymous_20)
FN:205,(anonymous_21)
FN:207,(anonymous_22)
FN:208,(anonymous_23)
FN:209,(anonymous_24)
FNF:25
FNH:6
FNDA:2,(anonymous_0)
FNDA:1,(anonymous_1)
FNDA:2,(anonymous_2)
FNDA:1,(anonymous_3)
FNDA:9,(anonymous_4)
FNDA:1,(anonymous_5)
FNDA:0,(anonymous_6)
FNDA:0,(anonymous_7)
FNDA:0,(anonymous_8)
FNDA:0,(anonymous_9)
FNDA:0,(anonymous_10)
FNDA:0,(anonymous_11)
FNDA:0,(anonymous_12)
FNDA:0,(anonymous_13)
FNDA:0,(anonymous_14)
FNDA:0,(anonymous_15)
FNDA:0,(anonymous_16)
FNDA:0,(anonymous_17)
FNDA:0,(anonymous_18)
FNDA:0,(anonymous_19)
FNDA:0,(anonymous_20)
FNDA:0,(anonymous_21)
FNDA:0,(anonymous_22)
FNDA:0,(anonymous_23)
FNDA:0,(anonymous_24)
DA:1,5
DA:2,5
DA:3,5
DA:10,2
DA:15,1
DA:22,1
DA:25,1
DA:26,0
DA:28,1
DA:29,0
DA:32,1
DA:34,1
DA:38,1
DA:39,1
DA:40,1
DA:43,1
DA:50,2
DA:51,2
DA:52,2
DA:55,2
DA:63,2
DA:64,1
DA:67,1
DA:74,1
DA:75,1
DA:76,1
DA:79,1
DA:80,1
DA:81,0
DA:85,1
DA:97,1
DA:98,9
DA:99,1
DA:103,1
DA:104,1
DA:111,1
DA:112,1
DA:113,1
DA:116,1
DA:117,1
DA:118,0
DA:122,1
DA:123,1
DA:126,1
DA:131,1
DA:138,0
DA:139,0
DA:140,0
DA:143,0
DA:144,0
DA:145,0
DA:149,0
DA:154,0
DA:156,0
DA:157,0
DA:158,0
DA:159,0
DA:161,0
DA:162,0
DA:169,0
DA:170,0
DA:173,0
DA:180,0
DA:181,0
DA:183,0
DA:184,0
DA:185,0
DA:186,0
DA:187,0
DA:188,0
DA:191,0
DA:192,0
DA:193,0
DA:194,0
DA:195,0
DA:198,0
DA:200,0
DA:201,0
DA:203,0
DA:205,0
DA:207,0
DA:208,0
DA:209,0
DA:215,5
LF:84
LH:42
BRDA:21,0,0,0
BRDA:25,1,0,0
BRDA:25,1,1,1
BRDA:28,2,0,0
BRDA:28,2,1,1
BRDA:39,3,0,1
BRDA:39,3,1,0
BRDA:49,4,0,0
BRDA:51,5,0,2
BRDA:51,5,1,0
BRDA:63,6,0,1
BRDA:63,6,1,1
BRDA:73,7,0,0
BRDA:75,8,0,1
BRDA:75,8,1,0
BRDA:80,9,0,0
BRDA:80,9,1,1
BRDA:98,10,0,1
BRDA:98,10,1,8
BRDA:110,11,0,0
BRDA:112,12,0,1
BRDA:112,12,1,0
BRDA:117,13,0,0
BRDA:117,13,1,1
BRDA:137,14,0,0
BRDA:139,15,0,0
BRDA:139,15,1,0
BRDA:144,16,0,0
BRDA:144,16,1,0
BRDA:161,17,0,0
BRDA:161,17,1,0
BRDA:168,18,0,0
BRDA:168,18,1,0
BRDA:195,19,0,0
BRDA:195,19,1,0
BRDA:210,20,0,0
BRDA:210,20,1,0
BRF:37
BRH:12
end_of_record
TN:
SF:src\services\studyTask.service.js
FN:9,(anonymous_0)
FN:36,(anonymous_1)
FN:47,(anonymous_2)
FN:66,(anonymous_3)
FN:92,(anonymous_4)
FN:122,(anonymous_5)
FN:142,(anonymous_6)
FN:169,(anonymous_7)
FN:182,(anonymous_8)
FN:229,(anonymous_9)
FN:256,(anonymous_10)
FN:288,(anonymous_11)
FN:322,(anonymous_12)
FN:344,(anonymous_13)
FNF:14
FNH:3
FNDA:1,(anonymous_0)
FNDA:0,(anonymous_1)
FNDA:0,(anonymous_2)
FNDA:0,(anonymous_3)
FNDA:0,(anonymous_4)
FNDA:0,(anonymous_5)
FNDA:0,(anonymous_6)
FNDA:0,(anonymous_7)
FNDA:1,(anonymous_8)
FNDA:0,(anonymous_9)
FNDA:0,(anonymous_10)
FNDA:1,(anonymous_11)
FNDA:0,(anonymous_12)
FNDA:0,(anonymous_13)
DA:1,5
DA:2,5
DA:3,5
DA:11,1
DA:17,1
DA:18,0
DA:21,1
DA:27,1
DA:28,1
DA:30,1
DA:37,0
DA:43,0
DA:44,0
DA:47,0
DA:54,0
DA:57,0
DA:58,0
DA:60,0
DA:67,0
DA:69,0
DA:70,0
DA:72,0
DA:73,0
DA:74,0
DA:75,0
DA:76,0
DA:78,0
DA:79,0
DA:82,0
DA:86,0
DA:93,0
DA:95,0
DA:96,0
DA:98,0
DA:99,0
DA:100,0
DA:101,0
DA:102,0
DA:104,0
DA:105,0
DA:111,0
DA:116,0
DA:123,0
DA:124,0
DA:125,0
DA:128,0
DA:132,0
DA:133,0
DA:136,0
DA:143,0
DA:144,0
DA:145,0
DA:148,0
DA:149,0
DA:150,0
DA:153,0
DA:169,0
DA:170,0
DA:171,0
DA:175,0
DA:176,0
DA:183,1
DA:189,1
DA:190,0
DA:193,1
DA:195,1
DA:196,0
DA:198,1
DA:199,0
DA:202,1
DA:205,1
DA:206,1
DA:207,1
DA:208,1
DA:209,1
DA:211,1
DA:214,1
DA:215,1
DA:216,1
DA:217,1
DA:220,1
DA:223,1
DA:230,0
DA:236,0
DA:237,0
DA:240,0
DA:241,0
DA:244,0
DA:245,0
DA:246,0
DA:247,0
DA:250,0
DA:257,0
DA:258,0
DA:259,0
DA:262,0
DA:263,0
DA:264,0
DA:268,0
DA:269,0
DA:272,0
DA:273,0
DA:274,0
DA:275,0
DA:276,0
DA:278,0
DA:279,0
DA:282,0
DA:289,1
DA:290,1
DA:291,1
DA:292,1
DA:294,1
DA:295,1
DA:296,1
DA:297,1
DA:299,1
DA:304,1
DA:306,1
DA:311,1
DA:312,1
DA:313,1
DA:316,1
DA:323,0
DA:324,0
DA:325,0
DA:326,0
DA:328,0
DA:338,0
DA:345,0
DA:346,0
DA:348,0
DA:358,0
DA:362,5
LF:134
LH:43
BRDA:17,0,0,0
BRDA:17,0,1,1
BRDA:43,1,0,0
BRDA:43,1,1,0
BRDA:51,2,0,0
BRDA:51,2,1,0
BRDA:66,3,0,0
BRDA:69,4,0,0
BRDA:69,4,1,0
BRDA:72,5,0,0
BRDA:72,5,1,0
BRDA:78,6,0,0
BRDA:78,6,1,0
BRDA:92,7,0,0
BRDA:95,8,0,0
BRDA:95,8,1,0
BRDA:98,9,0,0
BRDA:98,9,1,0
BRDA:104,10,0,0
BRDA:104,10,1,0
BRDA:122,11,0,0
BRDA:124,12,0,0
BRDA:124,12,1,0
BRDA:132,13,0,0
BRDA:132,13,1,0
BRDA:142,14,0,0
BRDA:144,15,0,0
BRDA:144,15,1,0
BRDA:149,16,0,0
BRDA:149,16,1,0
BRDA:170,17,0,0
BRDA:170,17,1,0
BRDA:182,18,0,0
BRDA:189,19,0,0
BRDA:189,19,1,1
BRDA:195,20,0,0
BRDA:195,20,1,1
BRDA:198,21,0,0
BRDA:198,21,1,1
BRDA:206,22,0,1
BRDA:206,22,1,0
BRDA:208,23,0,1
BRDA:208,23,1,0
BRDA:216,24,0,1
BRDA:216,24,1,0
BRDA:236,25,0,0
BRDA:236,25,1,0
BRDA:245,26,0,0
BRDA:245,26,1,0
BRDA:256,27,0,0
BRDA:258,28,0,0
BRDA:258,28,1,0
BRDA:263,29,0,0
BRDA:263,29,1,0
BRDA:273,30,0,0
BRDA:273,30,1,0
BRDA:275,31,0,0
BRDA:275,31,1,0
BRDA:312,32,0,1
BRDA:312,32,1,0
BRDA:322,33,0,0
BRF:61
BRH:8
end_of_record
TN:
SF:src\services\subscription.service.js
FN:19,(anonymous_0)
FN:40,(anonymous_1)
FN:115,(anonymous_2)
FN:225,(anonymous_3)
FN:241,(anonymous_4)
FN:265,(anonymous_5)
FN:289,(anonymous_6)
FN:301,(anonymous_7)
FN:309,(anonymous_8)
FNF:9
FNH:6
FNDA:2,(anonymous_0)
FNDA:1,(anonymous_1)
FNDA:1,(anonymous_2)
FNDA:0,(anonymous_3)
FNDA:1,(anonymous_4)
FNDA:0,(anonymous_5)
FNDA:0,(anonymous_6)
FNDA:1,(anonymous_7)
FNDA:1,(anonymous_8)
DA:1,5
DA:2,5
DA:3,5
DA:4,5
DA:5,5
DA:13,5
DA:20,2
DA:23,2
DA:24,2
DA:31,2
DA:41,1
DA:42,1
DA:43,0
DA:46,1
DA:47,1
DA:48,0
DA:51,1
DA:52,1
DA:53,1
DA:54,1
DA:57,1
DA:58,0
DA:60,0
DA:61,0
DA:64,0
DA:65,0
DA:66,0
DA:75,1
DA:76,1
DA:77,1
DA:79,1
DA:81,1
DA:95,1
DA:106,0
DA:107,0
DA:108,0
DA:116,1
DA:119,1
DA:120,1
DA:121,1
DA:125,0
DA:127,0
DA:128,0
DA:131,0
DA:132,0
DA:133,0
DA:136,0
DA:139,0
DA:140,0
DA:141,0
DA:142,0
DA:143,0
DA:144,0
DA:147,0
DA:151,0
DA:153,0
DA:154,0
DA:155,0
DA:156,0
DA:157,0
DA:158,0
DA:159,0
DA:160,0
DA:161,0
DA:162,0
DA:163,0
DA:164,0
DA:166,0
DA:167,0
DA:170,0
DA:172,0
DA:189,0
DA:192,0
DA:193,0
DA:194,0
DA:196,0
DA:213,0
DA:214,0
DA:215,0
DA:216,0
DA:217,0
DA:220,0
DA:225,0
DA:226,0
DA:227,0
DA:228,0
DA:229,0
DA:231,0
DA:235,0
DA:242,1
DA:244,1
DA:245,1
DA:248,0
DA:249,0
DA:252,0
DA:253,0
DA:254,0
DA:257,0
DA:259,0
DA:266,0
DA:268,0
DA:269,0
DA:272,0
DA:273,0
DA:276,0
DA:277,0
DA:278,0
DA:281,0
DA:283,0
DA:290,0
DA:295,0
DA:302,1
DA:303,1
DA:310,1
DA:317,5
LF:115
LH:36
BRDA:23,0,0,2
BRDA:23,0,1,0
BRDA:40,1,0,1
BRDA:42,2,0,0
BRDA:42,2,1,1
BRDA:47,3,0,0
BRDA:47,3,1,1
BRDA:57,4,0,0
BRDA:57,4,1,1
BRDA:60,5,0,0
BRDA:60,5,1,0
BRDA:91,6,0,1
BRDA:91,6,1,1
BRDA:107,7,0,0
BRDA:107,7,1,0
BRDA:107,7,2,0
BRDA:120,8,0,1
BRDA:120,8,1,0
BRDA:127,9,0,0
BRDA:127,9,1,0
BRDA:127,10,0,0
BRDA:127,10,1,0
BRDA:131,11,0,0
BRDA:131,11,1,0
BRDA:139,12,0,0
BRDA:139,12,1,0
BRDA:142,13,0,0
BRDA:142,13,1,0
BRDA:153,14,0,0
BRDA:153,14,1,0
BRDA:166,15,0,0
BRDA:166,15,1,0
BRDA:184,16,0,0
BRDA:184,16,1,0
BRDA:192,17,0,0
BRDA:192,17,1,0
BRDA:193,18,0,0
BRDA:193,18,1,0
BRDA:194,19,0,0
BRDA:194,19,1,0
BRDA:213,20,0,0
BRDA:213,20,1,0
BRDA:216,21,0,0
BRDA:216,21,1,0
BRDA:244,22,0,1
BRDA:244,22,1,0
BRDA:248,23,0,0
BRDA:248,23,1,0
BRDA:268,24,0,0
BRDA:268,24,1,0
BRDA:272,25,0,0
BRDA:272,25,1,0
BRDA:289,26,0,0
BRF:53
BRH:9
end_of_record
TN:
SF:src\socket\boardNamespace.js
FN:13,(anonymous_0)
FN:18,(anonymous_1)
FN:40,(anonymous_2)
FN:46,(anonymous_3)
FN:60,(anonymous_4)
FN:106,(anonymous_5)
FN:119,(anonymous_6)
FN:130,(anonymous_7)
FN:151,(anonymous_8)
FN:158,(anonymous_9)
FN:225,(anonymous_10)
FN:236,(anonymous_11)
FN:283,(anonymous_12)
FN:302,(anonymous_13)
FN:311,(anonymous_14)
FN:315,(anonymous_15)
FN:394,(anonymous_16)
FN:441,(anonymous_17)
FN:462,(anonymous_18)
FN:467,(anonymous_19)
FN:471,(anonymous_20)
FN:508,(anonymous_21)
FN:518,handleUserLeave
FN:545,generateUserColor
FN:564,generateId
FNF:25
FNH:0
FNDA:0,(anonymous_0)
FNDA:0,(anonymous_1)
FNDA:0,(anonymous_2)
FNDA:0,(anonymous_3)
FNDA:0,(anonymous_4)
FNDA:0,(anonymous_5)
FNDA:0,(anonymous_6)
FNDA:0,(anonymous_7)
FNDA:0,(anonymous_8)
FNDA:0,(anonymous_9)
FNDA:0,(anonymous_10)
FNDA:0,(anonymous_11)
FNDA:0,(anonymous_12)
FNDA:0,(anonymous_13)
FNDA:0,(anonymous_14)
FNDA:0,(anonymous_15)
FNDA:0,(anonymous_16)
FNDA:0,(anonymous_17)
FNDA:0,(anonymous_18)
FNDA:0,(anonymous_19)
FNDA:0,(anonymous_20)
FNDA:0,(anonymous_21)
FNDA:0,handleUserLeave
FNDA:0,generateUserColor
FNDA:0,generateId
DA:1,0
DA:2,0
DA:3,0
DA:7,0
DA:13,0
DA:15,0
DA:18,0
DA:19,0
DA:20,0
DA:22,0
DA:23,0
DA:24,0
DA:27,0
DA:28,0
DA:29,0
DA:30,0
DA:31,0
DA:32,0
DA:33,0
DA:35,0
DA:36,0
DA:40,0
DA:41,0
DA:46,0
DA:47,0
DA:49,0
DA:51,0
DA:52,0
DA:53,0
DA:55,0
DA:59,0
DA:60,0
DA:62,0
DA:63,0
DA:64,0
DA:66,0
DA:70,0
DA:71,0
DA:74,0
DA:75,0
DA:78,0
DA:88,0
DA:91,0
DA:93,0
DA:96,0
DA:104,0
DA:106,0
DA:119,0
DA:121,0
DA:123,0
DA:124,0
DA:130,0
DA:139,0
DA:141,0
DA:142,0
DA:143,0
DA:151,0
DA:152,0
DA:158,0
DA:159,0
DA:160,0
DA:162,0
DA:163,0
DA:164,0
DA:165,0
DA:166,0
DA:168,0
DA:172,0
DA:180,0
DA:181,0
DA:182,0
DA:184,0
DA:187,0
DA:203,0
DA:209,0
DA:211,0
DA:212,0
DA:215,0
DA:216,0
DA:217,0
DA:225,0
DA:226,0
DA:228,0
DA:237,0
DA:238,0
DA:247,0
DA:251,0
DA:253,0
DA:273,0
DA:276,0
DA:284,0
DA:285,0
DA:294,0
DA:295,0
DA:296,0
DA:297,0
DA:299,0
DA:302,0
DA:303,0
DA:305,0
DA:306,0
DA:308,0
DA:311,0
DA:312,0
DA:313,0
DA:315,0
DA:316,0
DA:319,0
DA:322,0
DA:324,0
DA:325,0
DA:341,0
DA:346,0
DA:349,0
DA:352,0
DA:376,0
DA:377,0
DA:380,0
DA:381,0
DA:384,0
DA:385,0
DA:386,0
DA:394,0
DA:395,0
DA:396,0
DA:399,0
DA:408,0
DA:409,0
DA:410,0
DA:411,0
DA:413,0
DA:416,0
DA:419,0
DA:425,0
DA:427,0
DA:428,0
DA:431,0
DA:432,0
DA:433,0
DA:441,0
DA:443,0
DA:444,0
DA:445,0
DA:446,0
DA:450,0
DA:462,0
DA:463,0
DA:464,0
DA:467,0
DA:468,0
DA:472,0
DA:473,0
DA:480,0
DA:483,0
DA:485,0
DA:488,0
DA:494,0
DA:495,0
DA:498,0
DA:499,0
DA:500,0
DA:508,0
DA:509,0
DA:510,0
DA:519,0
DA:522,0
DA:523,0
DA:524,0
DA:525,0
DA:528,0
DA:529,0
DA:530,0
DA:535,0
DA:546,0
DA:553,0
DA:554,0
DA:555,0
DA:558,0
DA:565,0
DA:568,0
LF:180
LH:0
BRDA:20,0,0,0
BRDA:20,0,1,0
BRDA:22,1,0,0
BRDA:22,1,1,0
BRDA:51,2,0,0
BRDA:51,2,1,0
BRDA:52,3,0,0
BRDA:52,3,1,0
BRDA:59,4,0,0
BRDA:59,4,1,0
BRDA:62,5,0,0
BRDA:62,5,1,0
BRDA:62,6,0,0
BRDA:62,6,1,0
BRDA:63,7,0,0
BRDA:63,7,1,0
BRDA:74,8,0,0
BRDA:74,8,1,0
BRDA:104,9,0,0
BRDA:104,9,1,0
BRDA:109,10,0,0
BRDA:109,10,1,0
BRDA:110,11,0,0
BRDA:110,11,1,0
BRDA:111,12,0,0
BRDA:111,12,1,0
BRDA:112,13,0,0
BRDA:112,13,1,0
BRDA:113,14,0,0
BRDA:113,14,1,0
BRDA:114,15,0,0
BRDA:114,15,1,0
BRDA:115,16,0,0
BRDA:115,16,1,0
BRDA:116,17,0,0
BRDA:116,17,1,0
BRDA:117,18,0,0
BRDA:117,18,1,0
BRDA:118,19,0,0
BRDA:118,19,1,0
BRDA:123,20,0,0
BRDA:123,20,1,0
BRDA:142,21,0,0
BRDA:142,21,1,0
BRDA:163,22,0,0
BRDA:163,22,1,0
BRDA:165,23,0,0
BRDA:165,23,1,0
BRDA:165,24,0,0
BRDA:165,24,1,0
BRDA:174,25,0,0
BRDA:174,25,1,0
BRDA:199,26,0,0
BRDA:199,26,1,0
BRDA:211,27,0,0
BRDA:211,27,1,0
BRDA:211,28,0,0
BRDA:211,28,1,0
BRDA:216,29,0,0
BRDA:216,29,1,0
BRDA:216,30,0,0
BRDA:216,30,1,0
BRDA:251,31,0,0
BRDA:251,31,1,0
BRDA:273,32,0,0
BRDA:273,32,1,0
BRDA:294,33,0,0
BRDA:294,33,1,0
BRDA:296,34,0,0
BRDA:296,34,1,0
BRDA:296,35,0,0
BRDA:296,35,1,0
BRDA:305,36,0,0
BRDA:305,36,1,0
BRDA:319,37,0,0
BRDA:319,37,1,0
BRDA:322,38,0,0
BRDA:322,38,1,0
BRDA:324,39,0,0
BRDA:324,39,1,0
BRDA:328,40,0,0
BRDA:328,40,1,0
BRDA:338,41,0,0
BRDA:338,41,1,0
BRDA:349,42,0,0
BRDA:349,42,1,0
BRDA:352,43,0,0
BRDA:352,43,1,0
BRDA:362,44,0,0
BRDA:362,44,1,0
BRDA:380,45,0,0
BRDA:380,45,1,0
BRDA:380,46,0,0
BRDA:380,46,1,0
BRDA:385,47,0,0
BRDA:385,47,1,0
BRDA:385,48,0,0
BRDA:385,48,1,0
BRDA:408,49,0,0
BRDA:408,49,1,0
BRDA:410,50,0,0
BRDA:410,50,1,0
BRDA:427,51,0,0
BRDA:427,51,1,0
BRDA:432,52,0,0
BRDA:432,52,1,0
BRDA:444,53,0,0
BRDA:444,53,1,0
BRDA:444,54,0,0
BRDA:444,54,1,0
BRDA:494,55,0,0
BRDA:494,55,1,0
BRDA:499,56,0,0
BRDA:499,56,1,0
BRDA:509,57,0,0
BRDA:509,57,1,0
BRDA:523,58,0,0
BRDA:523,58,1,0
BRDA:523,59,0,0
BRDA:523,59,1,0
BRDA:528,60,0,0
BRDA:528,60,1,0
BRF:122
BRH:0
end_of_record
TN:
SF:src\socket\chatNamespace.js
FN:6,(anonymous_0)
FN:10,(anonymous_1)
FN:27,(anonymous_2)
FN:34,(anonymous_3)
FN:41,(anonymous_4)
FN:48,(anonymous_5)
FN:92,(anonymous_6)
FN:100,(anonymous_7)
FN:108,(anonymous_8)
FN:114,(anonymous_9)
FN:116,(anonymous_10)
FN:137,(anonymous_11)
FN:145,(anonymous_12)
FN:170,(anonymous_13)
FN:183,(anonymous_14)
FN:207,(anonymous_15)
FNF:16
FNH:0
FNDA:0,(anonymous_0)
FNDA:0,(anonymous_1)
FNDA:0,(anonymous_2)
FNDA:0,(anonymous_3)
FNDA:0,(anonymous_4)
FNDA:0,(anonymous_5)
FNDA:0,(anonymous_6)
FNDA:0,(anonymous_7)
FNDA:0,(anonymous_8)
FNDA:0,(anonymous_9)
FNDA:0,(anonymous_10)
FNDA:0,(anonymous_11)
FNDA:0,(anonymous_12)
FNDA:0,(anonymous_13)
FNDA:0,(anonymous_14)
FNDA:0,(anonymous_15)
DA:1,0
DA:2,0
DA:6,0
DA:7,0
DA:8,0
DA:10,0
DA:11,0
DA:12,0
DA:13,0
DA:15,0
DA:16,0
DA:19,0
DA:20,0
DA:21,0
DA:23,0
DA:27,0
DA:28,0
DA:31,0
DA:34,0
DA:35,0
DA:36,0
DA:37,0
DA:41,0
DA:42,0
DA:43,0
DA:44,0
DA:48,0
DA:49,0
DA:51,0
DA:52,0
DA:53,0
DA:57,0
DA:59,0
DA:60,0
DA:63,0
DA:65,0
DA:66,0
DA:67,0
DA:68,0
DA:72,0
DA:73,0
DA:74,0
DA:78,0
DA:80,0
DA:81,0
DA:84,0
DA:85,0
DA:86,0
DA:92,0
DA:93,0
DA:94,0
DA:100,0
DA:101,0
DA:102,0
DA:108,0
DA:109,0
DA:110,0
DA:113,0
DA:114,0
DA:116,0
DA:117,0
DA:118,0
DA:125,0
DA:126,0
DA:129,0
DA:130,0
DA:131,0
DA:137,0
DA:138,0
DA:139,0
DA:143,0
DA:144,0
DA:145,0
DA:147,0
DA:148,0
DA:149,0
DA:150,0
DA:154,0
DA:155,0
DA:158,0
DA:159,0
DA:162,0
DA:163,0
DA:164,0
DA:170,0
DA:171,0
DA:172,0
DA:173,0
DA:174,0
DA:177,0
DA:181,0
DA:182,0
DA:183,0
DA:185,0
DA:186,0
DA:187,0
DA:188,0
DA:192,0
DA:193,0
DA:196,0
DA:197,0
DA:200,0
DA:201,0
DA:202,0
DA:207,0
DA:208,0
DA:212,0
DA:215,0
LF:108
LH:0
BRDA:15,0,0,0
BRDA:15,0,1,0
BRDA:15,1,0,0
BRDA:15,1,1,0
BRDA:57,2,0,0
BRDA:57,2,1,0
BRDA:66,3,0,0
BRDA:66,3,1,0
BRDA:72,4,0,0
BRDA:72,4,1,0
BRDA:80,5,0,0
BRDA:80,5,1,0
BRDA:80,6,0,0
BRDA:80,6,1,0
BRDA:85,7,0,0
BRDA:85,7,1,0
BRDA:85,8,0,0
BRDA:85,8,1,0
BRDA:117,9,0,0
BRDA:117,9,1,0
BRDA:125,10,0,0
BRDA:125,10,1,0
BRDA:125,11,0,0
BRDA:125,11,1,0
BRDA:130,12,0,0
BRDA:130,12,1,0
BRDA:130,13,0,0
BRDA:130,13,1,0
BRDA:143,14,0,0
BRDA:143,14,1,0
BRDA:149,15,0,0
BRDA:149,15,1,0
BRDA:154,16,0,0
BRDA:154,16,1,0
BRDA:158,17,0,0
BRDA:158,17,1,0
BRDA:158,18,0,0
BRDA:158,18,1,0
BRDA:163,19,0,0
BRDA:163,19,1,0
BRDA:163,20,0,0
BRDA:163,20,1,0
BRDA:173,21,0,0
BRDA:173,21,1,0
BRDA:181,22,0,0
BRDA:181,22,1,0
BRDA:187,23,0,0
BRDA:187,23,1,0
BRDA:192,24,0,0
BRDA:192,24,1,0
BRDA:196,25,0,0
BRDA:196,25,1,0
BRDA:196,26,0,0
BRDA:196,26,1,0
BRDA:201,27,0,0
BRDA:201,27,1,0
BRDA:201,28,0,0
BRDA:201,28,1,0
BRF:58
BRH:0
end_of_record
TN:
SF:src\socket\index.js
FN:11,(anonymous_0)
FN:25,(anonymous_1)
FN:45,(anonymous_2)
FN:48,(anonymous_3)
FN:52,(anonymous_4)
FN:74,(anonymous_5)
FNF:6
FNH:1
FNDA:0,(anonymous_0)
FNDA:0,(anonymous_1)
FNDA:0,(anonymous_2)
FNDA:0,(anonymous_3)
FNDA:0,(anonymous_4)
FNDA:1,(anonymous_5)
DA:1,5
DA:2,5
DA:3,5
DA:5,5
DA:11,5
DA:12,0
DA:25,0
DA:26,0
DA:28,0
DA:29,0
DA:32,0
DA:33,0
DA:34,0
DA:35,0
DA:36,0
DA:37,0
DA:38,0
DA:40,0
DA:45,0
DA:46,0
DA:48,0
DA:49,0
DA:52,0
DA:53,0
DA:58,0
DA:61,0
DA:62,0
DA:65,0
DA:67,0
DA:68,0
DA:74,5
DA:75,1
DA:76,1
DA:78,0
DA:81,5
LF:35
LH:9
BRDA:14,0,0,0
BRDA:14,0,1,0
BRDA:26,1,0,0
BRDA:26,1,1,0
BRDA:28,2,0,0
BRDA:28,2,1,0
BRDA:75,3,0,1
BRDA:75,3,1,0
BRF:8
BRH:1
end_of_record
TN:
SF:src\socket\notificationNamespace.js
FN:10,(anonymous_0)
FN:15,(anonymous_1)
FN:35,(anonymous_2)
FN:49,(anonymous_3)
FN:54,(anonymous_4)
FN:59,(anonymous_5)
FN:70,(anonymous_6)
FN:87,(anonymous_7)
FN:92,(anonymous_8)
FNF:9
FNH:0
FNDA:0,(anonymous_0)
FNDA:0,(anonymous_1)
FNDA:0,(anonymous_2)
FNDA:0,(anonymous_3)
FNDA:0,(anonymous_4)
FNDA:0,(anonymous_5)
FNDA:0,(anonymous_6)
FNDA:0,(anonymous_7)
FNDA:0,(anonymous_8)
DA:1,5
DA:2,5
DA:3,5
DA:10,5
DA:12,0
DA:15,0
DA:16,0
DA:18,0
DA:19,0
DA:22,0
DA:23,0
DA:24,0
DA:25,0
DA:26,0
DA:27,0
DA:28,0
DA:30,0
DA:31,0
DA:35,0
DA:36,0
DA:38,0
DA:39,0
DA:40,0
DA:43,0
DA:46,0
DA:49,0
DA:50,0
DA:54,0
DA:55,0
DA:59,0
DA:60,0
DA:61,0
DA:62,0
DA:63,0
DA:65,0
DA:70,0
DA:71,0
DA:72,0
DA:73,0
DA:75,0
DA:80,0
DA:87,5
DA:88,0
DA:89,0
DA:92,0
DA:93,0
DA:97,5
LF:47
LH:6
BRDA:16,0,0,0
BRDA:16,0,1,0
BRDA:18,1,0,0
BRDA:18,1,1,0
BRDA:38,2,0,0
BRDA:38,2,1,0
BRF:6
BRH:0
end_of_record
TN:
SF:src\utils\AppError.js
FN:5,(anonymous_0)
FNF:1
FNH:1
FNDA:14,(anonymous_0)
DA:6,14
DA:7,14
DA:8,14
DA:9,14
DA:11,14
DA:15,5
LF:6
LH:6
BRDA:8,0,0,14
BRDA:8,0,1,0
BRF:2
BRH:1
end_of_record
TN:
SF:src\utils\asyncHandler.js
FN:4,(anonymous_0)
FN:5,(anonymous_1)
FNF:2
FNH:2
FNDA:530,(anonymous_0)
FNDA:106,(anonymous_1)
DA:4,5
DA:5,530
DA:6,106
DA:10,5
LF:4
LH:4
BRF:0
BRH:0
end_of_record
TN:
SF:src\utils\emailService.js
FN:8,(anonymous_0)
FN:16,(anonymous_1)
FN:54,(anonymous_2)
FN:83,(anonymous_3)
FN:187,(anonymous_4)
FN:275,(anonymous_5)
FNF:6
FNH:2
FNDA:5,(anonymous_0)
FNDA:5,(anonymous_1)
FNDA:0,(anonymous_2)
FNDA:0,(anonymous_3)
FNDA:0,(anonymous_4)
FNDA:0,(anonymous_5)
DA:1,5
DA:2,5
DA:9,5
DA:10,5
DA:17,5
DA:19,5
DA:20,5
DA:29,0
DA:40,5
DA:42,0
DA:55,0
DA:56,0
DA:57,0
DA:60,0
DA:68,0
DA:69,0
DA:70,0
DA:72,0
DA:73,0
DA:84,0
DA:86,0
DA:175,0
DA:188,0
DA:265,0
DA:276,0
DA:277,0
DA:278,0
DA:280,0
DA:281,0
DA:282,0
DA:284,0
DA:285,0
DA:291,5
LF:33
LH:9
BRDA:19,0,0,5
BRDA:19,0,1,0
BRDA:56,1,0,0
BRDA:56,1,1,0
BRDA:65,2,0,0
BRDA:65,2,1,0
BRDA:277,3,0,0
BRDA:277,3,1,0
BRF:8
BRH:1
end_of_record
TN:
SF:src\utils\jwt.js
FN:9,(anonymous_0)
FN:20,(anonymous_1)
FN:32,(anonymous_2)
FN:52,(anonymous_3)
FNF:4
FNH:4
FNDA:68,(anonymous_0)
FNDA:68,(anonymous_1)
FNDA:19,(anonymous_2)
FNDA:2,(anonymous_3)
DA:1,5
DA:2,5
DA:9,5
DA:10,68
DA:20,5
DA:21,68
DA:32,5
DA:33,19
DA:34,19
DA:36,1
DA:37,0
DA:39,1
DA:40,1
DA:42,0
DA:52,5
DA:53,2
DA:54,2
DA:56,1
DA:57,0
DA:59,1
DA:60,1
DA:62,0
DA:66,5
LF:23
LH:19
BRDA:36,0,0,0
BRDA:36,0,1,1
BRDA:39,1,0,1
BRDA:39,1,1,0
BRDA:56,2,0,0
BRDA:56,2,1,1
BRDA:59,3,0,1
BRDA:59,3,1,0
BRF:8
BRH:4
end_of_record
